[2017-07-21 08:39:16.284] [ERROR] error - { code: 401, message: '用户未登录' }
[2017-07-21 08:39:16.285] [ERROR] error - { UnauthorizedError: 用户未登录
    at Object.throw (D:\workspace\JS\git\MDP-ManageServer\node_modules\.2.3.0@koa\lib\context.js:91:11)
    at middleware (d:\workspace\JS\git\MDP-ManageServer\system\router\ManagerSignRouter.js:45:30)
    at dispatch (D:\workspace\JS\git\MDP-ManageServer\node_modules\.3.2.1@koa-compose\index.js:44:32)
    at D:\workspace\JS\git\MDP-ManageServer\node_modules\.7.2.1@koa-router\lib\router.js:345:16
    at dispatch (D:\workspace\JS\git\MDP-ManageServer\node_modules\.3.2.1@koa-compose\index.js:44:32)
    at dispatch (D:\workspace\JS\git\MDP-ManageServer\node_modules\.7.2.1@koa-router\lib\router.js:350:31)
    at dispatch (D:\workspace\JS\git\MDP-ManageServer\node_modules\.4.0.0@koa-compose\index.js:42:32)
    at allowedMethods (D:\workspace\JS\git\MDP-ManageServer\node_modules\.7.2.1@koa-router\lib\router.js:406:12)
    at dispatch (D:\workspace\JS\git\MDP-ManageServer\node_modules\.4.0.0@koa-compose\index.js:42:32)
    at dispatch (D:\workspace\JS\git\MDP-ManageServer\node_modules\.7.2.1@koa-router\lib\router.js:332:32)
    at dispatch (D:\workspace\JS\git\MDP-ManageServer\node_modules\.4.0.0@koa-compose\index.js:42:32)
    at allowedMethods (D:\workspace\JS\git\MDP-ManageServer\node_modules\.7.2.1@koa-router\lib\router.js:406:12)
    at dispatch (D:\workspace\JS\git\MDP-ManageServer\node_modules\.4.0.0@koa-compose\index.js:42:32)
    at dispatch (D:\workspace\JS\git\MDP-ManageServer\node_modules\.7.2.1@koa-router\lib\router.js:332:32)
    at dispatch (D:\workspace\JS\git\MDP-ManageServer\node_modules\.4.0.0@koa-compose\index.js:42:32)
    at allowedMethods (D:\workspace\JS\git\MDP-ManageServer\node_modules\.7.2.1@koa-router\lib\router.js:406:12)
    at dispatch (D:\workspace\JS\git\MDP-ManageServer\node_modules\.4.0.0@koa-compose\index.js:42:32)
    at dispatch (D:\workspace\JS\git\MDP-ManageServer\node_modules\.7.2.1@koa-router\lib\router.js:332:32)
    at dispatch (D:\workspace\JS\git\MDP-ManageServer\node_modules\.4.0.0@koa-compose\index.js:42:32)
    at allowedMethods (D:\workspace\JS\git\MDP-ManageServer\node_modules\.7.2.1@koa-router\lib\router.js:406:12)
    at dispatch (D:\workspace\JS\git\MDP-ManageServer\node_modules\.4.0.0@koa-compose\index.js:42:32)
    at dispatch (D:\workspace\JS\git\MDP-ManageServer\node_modules\.7.2.1@koa-router\lib\router.js:332:32) message: '用户未登录' }
[2017-07-21 11:38:53.741] [ERROR] error - { code: 401, message: '用户未登录' }
[2017-07-21 11:38:53.741] [ERROR] error - { UnauthorizedError: 用户未登录
    at Object.throw (D:\workspace\JS\git\MDP-ManageServer\node_modules\.2.3.0@koa\lib\context.js:91:11)
    at middleware (d:\workspace\JS\git\MDP-ManageServer\system\router\ManagerSignRouter.js:45:30)
    at dispatch (D:\workspace\JS\git\MDP-ManageServer\node_modules\.3.2.1@koa-compose\index.js:44:32)
    at D:\workspace\JS\git\MDP-ManageServer\node_modules\.7.2.1@koa-router\lib\router.js:345:16
    at dispatch (D:\workspace\JS\git\MDP-ManageServer\node_modules\.3.2.1@koa-compose\index.js:44:32)
    at dispatch (D:\workspace\JS\git\MDP-ManageServer\node_modules\.7.2.1@koa-router\lib\router.js:350:31)
    at dispatch (D:\workspace\JS\git\MDP-ManageServer\node_modules\.4.0.0@koa-compose\index.js:42:32)
    at allowedMethods (D:\workspace\JS\git\MDP-ManageServer\node_modules\.7.2.1@koa-router\lib\router.js:406:12)
    at dispatch (D:\workspace\JS\git\MDP-ManageServer\node_modules\.4.0.0@koa-compose\index.js:42:32)
    at dispatch (D:\workspace\JS\git\MDP-ManageServer\node_modules\.7.2.1@koa-router\lib\router.js:332:32)
    at dispatch (D:\workspace\JS\git\MDP-ManageServer\node_modules\.4.0.0@koa-compose\index.js:42:32)
    at allowedMethods (D:\workspace\JS\git\MDP-ManageServer\node_modules\.7.2.1@koa-router\lib\router.js:406:12)
    at dispatch (D:\workspace\JS\git\MDP-ManageServer\node_modules\.4.0.0@koa-compose\index.js:42:32)
    at dispatch (D:\workspace\JS\git\MDP-ManageServer\node_modules\.7.2.1@koa-router\lib\router.js:332:32)
    at dispatch (D:\workspace\JS\git\MDP-ManageServer\node_modules\.4.0.0@koa-compose\index.js:42:32)
    at allowedMethods (D:\workspace\JS\git\MDP-ManageServer\node_modules\.7.2.1@koa-router\lib\router.js:406:12)
    at dispatch (D:\workspace\JS\git\MDP-ManageServer\node_modules\.4.0.0@koa-compose\index.js:42:32)
    at dispatch (D:\workspace\JS\git\MDP-ManageServer\node_modules\.7.2.1@koa-router\lib\router.js:332:32)
    at dispatch (D:\workspace\JS\git\MDP-ManageServer\node_modules\.4.0.0@koa-compose\index.js:42:32)
    at allowedMethods (D:\workspace\JS\git\MDP-ManageServer\node_modules\.7.2.1@koa-router\lib\router.js:406:12)
    at dispatch (D:\workspace\JS\git\MDP-ManageServer\node_modules\.4.0.0@koa-compose\index.js:42:32)
    at dispatch (D:\workspace\JS\git\MDP-ManageServer\node_modules\.7.2.1@koa-router\lib\router.js:332:32) message: '用户未登录' }
[2017-07-21 12:30:21.782] [ERROR] error - { code: 500, message: 'type cannot be null' }
[2017-07-21 12:30:21.783] [ERROR] error - { Error: type cannot be null
    at validate.then.catch.e (d:\workspace\JS\git\MDP-ManageServer\base\BaseService.js:48:19)
    at D:\workspace\JS\git\MDP-ManageServer\node_modules\.3.2.0@continuation-local-storage\context.js:84:17
    at D:\workspace\JS\git\MDP-ManageServer\node_modules\.3.2.0@continuation-local-storage\context.js:84:17
    at tryCatcher (D:\workspace\JS\git\MDP-ManageServer\node_modules\.3.5.0@bluebird\js\release\util.js:16:23)
    at Promise._settlePromiseFromHandler (D:\workspace\JS\git\MDP-ManageServer\node_modules\.3.5.0@bluebird\js\release\promise.js:512:31)
    at Promise._settlePromise (D:\workspace\JS\git\MDP-ManageServer\node_modules\.3.5.0@bluebird\js\release\promise.js:569:18)
    at Promise._settlePromise0 (D:\workspace\JS\git\MDP-ManageServer\node_modules\.3.5.0@bluebird\js\release\promise.js:614:10)
    at Promise._settlePromises (D:\workspace\JS\git\MDP-ManageServer\node_modules\.3.5.0@bluebird\js\release\promise.js:689:18)
    at Async._drainQueue (D:\workspace\JS\git\MDP-ManageServer\node_modules\.3.5.0@bluebird\js\release\async.js:133:16)
    at Async._drainQueues (D:\workspace\JS\git\MDP-ManageServer\node_modules\.3.5.0@bluebird\js\release\async.js:143:10)
    at Immediate.Async.drainQueues (D:\workspace\JS\git\MDP-ManageServer\node_modules\.3.5.0@bluebird\js\release\async.js:17:14)
    at tryOnImmediate (timers.js:622:5)
    at processImmediate [as _immediateCallback] (timers.js:594:5) 'error@context': {} }
[2017-07-21 13:51:42.940] [ERROR] error - { code: 401, message: '用户未登录' }
[2017-07-21 13:51:42.941] [ERROR] error - { UnauthorizedError: 用户未登录
    at Object.throw (D:\workspace\JS\git\MDP-ManageServer\node_modules\.2.3.0@koa\lib\context.js:91:11)
    at middleware (d:\workspace\JS\git\MDP-ManageServer\system\router\ManagerSignRouter.js:45:30)
    at dispatch (D:\workspace\JS\git\MDP-ManageServer\node_modules\.3.2.1@koa-compose\index.js:44:32)
    at D:\workspace\JS\git\MDP-ManageServer\node_modules\.7.2.1@koa-router\lib\router.js:345:16
    at dispatch (D:\workspace\JS\git\MDP-ManageServer\node_modules\.3.2.1@koa-compose\index.js:44:32)
    at dispatch (D:\workspace\JS\git\MDP-ManageServer\node_modules\.7.2.1@koa-router\lib\router.js:350:31)
    at dispatch (D:\workspace\JS\git\MDP-ManageServer\node_modules\.4.0.0@koa-compose\index.js:42:32)
    at allowedMethods (D:\workspace\JS\git\MDP-ManageServer\node_modules\.7.2.1@koa-router\lib\router.js:406:12)
    at dispatch (D:\workspace\JS\git\MDP-ManageServer\node_modules\.4.0.0@koa-compose\index.js:42:32)
    at dispatch (D:\workspace\JS\git\MDP-ManageServer\node_modules\.7.2.1@koa-router\lib\router.js:332:32)
    at dispatch (D:\workspace\JS\git\MDP-ManageServer\node_modules\.4.0.0@koa-compose\index.js:42:32)
    at allowedMethods (D:\workspace\JS\git\MDP-ManageServer\node_modules\.7.2.1@koa-router\lib\router.js:406:12)
    at dispatch (D:\workspace\JS\git\MDP-ManageServer\node_modules\.4.0.0@koa-compose\index.js:42:32)
    at dispatch (D:\workspace\JS\git\MDP-ManageServer\node_modules\.7.2.1@koa-router\lib\router.js:332:32)
    at dispatch (D:\workspace\JS\git\MDP-ManageServer\node_modules\.4.0.0@koa-compose\index.js:42:32)
    at allowedMethods (D:\workspace\JS\git\MDP-ManageServer\node_modules\.7.2.1@koa-router\lib\router.js:406:12)
    at dispatch (D:\workspace\JS\git\MDP-ManageServer\node_modules\.4.0.0@koa-compose\index.js:42:32)
    at dispatch (D:\workspace\JS\git\MDP-ManageServer\node_modules\.7.2.1@koa-router\lib\router.js:332:32)
    at dispatch (D:\workspace\JS\git\MDP-ManageServer\node_modules\.4.0.0@koa-compose\index.js:42:32)
    at allowedMethods (D:\workspace\JS\git\MDP-ManageServer\node_modules\.7.2.1@koa-router\lib\router.js:406:12)
    at dispatch (D:\workspace\JS\git\MDP-ManageServer\node_modules\.4.0.0@koa-compose\index.js:42:32)
    at dispatch (D:\workspace\JS\git\MDP-ManageServer\node_modules\.7.2.1@koa-router\lib\router.js:332:32) message: '用户未登录' }
[2017-07-21 14:19:33.337] [ERROR] error - { code: 401, message: '用户未登录' }
[2017-07-21 14:19:33.337] [ERROR] error - { UnauthorizedError: 用户未登录
    at Object.throw (D:\workspace\JS\git\MDP-ManageServer\node_modules\.2.3.0@koa\lib\context.js:91:11)
    at middleware (d:\workspace\JS\git\MDP-ManageServer\system\router\ManagerSignRouter.js:45:30)
    at dispatch (D:\workspace\JS\git\MDP-ManageServer\node_modules\.3.2.1@koa-compose\index.js:44:32)
    at D:\workspace\JS\git\MDP-ManageServer\node_modules\.7.2.1@koa-router\lib\router.js:345:16
    at dispatch (D:\workspace\JS\git\MDP-ManageServer\node_modules\.3.2.1@koa-compose\index.js:44:32)
    at dispatch (D:\workspace\JS\git\MDP-ManageServer\node_modules\.7.2.1@koa-router\lib\router.js:350:31)
    at dispatch (D:\workspace\JS\git\MDP-ManageServer\node_modules\.4.0.0@koa-compose\index.js:42:32)
    at allowedMethods (D:\workspace\JS\git\MDP-ManageServer\node_modules\.7.2.1@koa-router\lib\router.js:406:12)
    at dispatch (D:\workspace\JS\git\MDP-ManageServer\node_modules\.4.0.0@koa-compose\index.js:42:32)
    at dispatch (D:\workspace\JS\git\MDP-ManageServer\node_modules\.7.2.1@koa-router\lib\router.js:332:32)
    at dispatch (D:\workspace\JS\git\MDP-ManageServer\node_modules\.4.0.0@koa-compose\index.js:42:32)
    at allowedMethods (D:\workspace\JS\git\MDP-ManageServer\node_modules\.7.2.1@koa-router\lib\router.js:406:12)
    at dispatch (D:\workspace\JS\git\MDP-ManageServer\node_modules\.4.0.0@koa-compose\index.js:42:32)
    at dispatch (D:\workspace\JS\git\MDP-ManageServer\node_modules\.7.2.1@koa-router\lib\router.js:332:32)
    at dispatch (D:\workspace\JS\git\MDP-ManageServer\node_modules\.4.0.0@koa-compose\index.js:42:32)
    at allowedMethods (D:\workspace\JS\git\MDP-ManageServer\node_modules\.7.2.1@koa-router\lib\router.js:406:12)
    at dispatch (D:\workspace\JS\git\MDP-ManageServer\node_modules\.4.0.0@koa-compose\index.js:42:32)
    at dispatch (D:\workspace\JS\git\MDP-ManageServer\node_modules\.7.2.1@koa-router\lib\router.js:332:32)
    at dispatch (D:\workspace\JS\git\MDP-ManageServer\node_modules\.4.0.0@koa-compose\index.js:42:32)
    at allowedMethods (D:\workspace\JS\git\MDP-ManageServer\node_modules\.7.2.1@koa-router\lib\router.js:406:12)
    at dispatch (D:\workspace\JS\git\MDP-ManageServer\node_modules\.4.0.0@koa-compose\index.js:42:32)
    at dispatch (D:\workspace\JS\git\MDP-ManageServer\node_modules\.7.2.1@koa-router\lib\router.js:332:32) message: '用户未登录' }
[2017-07-21 14:19:41.492] [ERROR] error - { code: 401, message: '用户未登录' }
[2017-07-21 14:19:41.492] [ERROR] error - { UnauthorizedError: 用户未登录
    at Object.throw (D:\workspace\JS\git\MDP-ManageServer\node_modules\.2.3.0@koa\lib\context.js:91:11)
    at middleware (d:\workspace\JS\git\MDP-ManageServer\system\router\ManagerSignRouter.js:45:30)
    at dispatch (D:\workspace\JS\git\MDP-ManageServer\node_modules\.3.2.1@koa-compose\index.js:44:32)
    at D:\workspace\JS\git\MDP-ManageServer\node_modules\.7.2.1@koa-router\lib\router.js:345:16
    at dispatch (D:\workspace\JS\git\MDP-ManageServer\node_modules\.3.2.1@koa-compose\index.js:44:32)
    at dispatch (D:\workspace\JS\git\MDP-ManageServer\node_modules\.7.2.1@koa-router\lib\router.js:350:31)
    at dispatch (D:\workspace\JS\git\MDP-ManageServer\node_modules\.4.0.0@koa-compose\index.js:42:32)
    at allowedMethods (D:\workspace\JS\git\MDP-ManageServer\node_modules\.7.2.1@koa-router\lib\router.js:406:12)
    at dispatch (D:\workspace\JS\git\MDP-ManageServer\node_modules\.4.0.0@koa-compose\index.js:42:32)
    at dispatch (D:\workspace\JS\git\MDP-ManageServer\node_modules\.7.2.1@koa-router\lib\router.js:332:32)
    at dispatch (D:\workspace\JS\git\MDP-ManageServer\node_modules\.4.0.0@koa-compose\index.js:42:32)
    at allowedMethods (D:\workspace\JS\git\MDP-ManageServer\node_modules\.7.2.1@koa-router\lib\router.js:406:12)
    at dispatch (D:\workspace\JS\git\MDP-ManageServer\node_modules\.4.0.0@koa-compose\index.js:42:32)
    at dispatch (D:\workspace\JS\git\MDP-ManageServer\node_modules\.7.2.1@koa-router\lib\router.js:332:32)
    at dispatch (D:\workspace\JS\git\MDP-ManageServer\node_modules\.4.0.0@koa-compose\index.js:42:32)
    at allowedMethods (D:\workspace\JS\git\MDP-ManageServer\node_modules\.7.2.1@koa-router\lib\router.js:406:12)
    at dispatch (D:\workspace\JS\git\MDP-ManageServer\node_modules\.4.0.0@koa-compose\index.js:42:32)
    at dispatch (D:\workspace\JS\git\MDP-ManageServer\node_modules\.7.2.1@koa-router\lib\router.js:332:32)
    at dispatch (D:\workspace\JS\git\MDP-ManageServer\node_modules\.4.0.0@koa-compose\index.js:42:32)
    at allowedMethods (D:\workspace\JS\git\MDP-ManageServer\node_modules\.7.2.1@koa-router\lib\router.js:406:12)
    at dispatch (D:\workspace\JS\git\MDP-ManageServer\node_modules\.4.0.0@koa-compose\index.js:42:32)
    at dispatch (D:\workspace\JS\git\MDP-ManageServer\node_modules\.7.2.1@koa-router\lib\router.js:332:32) message: '用户未登录' }
[2017-07-21 17:53:02.763] [ERROR] error - { code: 401, message: '用户未登录' }
[2017-07-21 17:53:02.764] [ERROR] error - { UnauthorizedError: 用户未登录
    at Object.throw (D:\workspace\JS\git\MDP-ManageServer\node_modules\.2.3.0@koa\lib\context.js:91:11)
    at middleware (d:\workspace\JS\git\MDP-ManageServer\system\router\ManagerSignRouter.js:45:30)
    at dispatch (D:\workspace\JS\git\MDP-ManageServer\node_modules\.3.2.1@koa-compose\index.js:44:32)
    at D:\workspace\JS\git\MDP-ManageServer\node_modules\.7.2.1@koa-router\lib\router.js:345:16
    at dispatch (D:\workspace\JS\git\MDP-ManageServer\node_modules\.3.2.1@koa-compose\index.js:44:32)
    at dispatch (D:\workspace\JS\git\MDP-ManageServer\node_modules\.7.2.1@koa-router\lib\router.js:350:31)
    at dispatch (D:\workspace\JS\git\MDP-ManageServer\node_modules\.4.0.0@koa-compose\index.js:42:32)
    at allowedMethods (D:\workspace\JS\git\MDP-ManageServer\node_modules\.7.2.1@koa-router\lib\router.js:406:12)
    at dispatch (D:\workspace\JS\git\MDP-ManageServer\node_modules\.4.0.0@koa-compose\index.js:42:32)
    at dispatch (D:\workspace\JS\git\MDP-ManageServer\node_modules\.7.2.1@koa-router\lib\router.js:332:32)
    at dispatch (D:\workspace\JS\git\MDP-ManageServer\node_modules\.4.0.0@koa-compose\index.js:42:32)
    at allowedMethods (D:\workspace\JS\git\MDP-ManageServer\node_modules\.7.2.1@koa-router\lib\router.js:406:12)
    at dispatch (D:\workspace\JS\git\MDP-ManageServer\node_modules\.4.0.0@koa-compose\index.js:42:32)
    at dispatch (D:\workspace\JS\git\MDP-ManageServer\node_modules\.7.2.1@koa-router\lib\router.js:332:32)
    at dispatch (D:\workspace\JS\git\MDP-ManageServer\node_modules\.4.0.0@koa-compose\index.js:42:32)
    at allowedMethods (D:\workspace\JS\git\MDP-ManageServer\node_modules\.7.2.1@koa-router\lib\router.js:406:12)
    at dispatch (D:\workspace\JS\git\MDP-ManageServer\node_modules\.4.0.0@koa-compose\index.js:42:32)
    at dispatch (D:\workspace\JS\git\MDP-ManageServer\node_modules\.7.2.1@koa-router\lib\router.js:332:32)
    at dispatch (D:\workspace\JS\git\MDP-ManageServer\node_modules\.4.0.0@koa-compose\index.js:42:32)
    at allowedMethods (D:\workspace\JS\git\MDP-ManageServer\node_modules\.7.2.1@koa-router\lib\router.js:406:12)
    at dispatch (D:\workspace\JS\git\MDP-ManageServer\node_modules\.4.0.0@koa-compose\index.js:42:32)
    at dispatch (D:\workspace\JS\git\MDP-ManageServer\node_modules\.7.2.1@koa-router\lib\router.js:332:32) message: '用户未登录' }
