[2017-08-21 09:18:02.678] [ERROR] error - { code: 401, message: '用户未登录' }
[2017-08-21 09:18:02.679] [ERROR] error - { UnauthorizedError: 用户未登录
    at Object.throw (D:\workspace\JS\git\MDP-ManageServer\node_modules\.2.3.0@koa\lib\context.js:91:11)
    at middleware (d:\workspace\JS\git\MDP-ManageServer\system\router\ManagerSignRouter.js:45:30)
    at dispatch (D:\workspace\JS\git\MDP-ManageServer\node_modules\.3.2.1@koa-compose\index.js:44:32)
    at D:\workspace\JS\git\MDP-ManageServer\node_modules\.7.2.1@koa-router\lib\router.js:345:16
    at dispatch (D:\workspace\JS\git\MDP-ManageServer\node_modules\.3.2.1@koa-compose\index.js:44:32)
    at dispatch (D:\workspace\JS\git\MDP-ManageServer\node_modules\.7.2.1@koa-router\lib\router.js:350:31)
    at dispatch (D:\workspace\JS\git\MDP-ManageServer\node_modules\.4.0.0@koa-compose\index.js:42:32)
    at allowedMethods (D:\workspace\JS\git\MDP-ManageServer\node_modules\.7.2.1@koa-router\lib\router.js:406:12)
    at dispatch (D:\workspace\JS\git\MDP-ManageServer\node_modules\.4.0.0@koa-compose\index.js:42:32)
    at dispatch (D:\workspace\JS\git\MDP-ManageServer\node_modules\.7.2.1@koa-router\lib\router.js:332:32)
    at dispatch (D:\workspace\JS\git\MDP-ManageServer\node_modules\.4.0.0@koa-compose\index.js:42:32)
    at allowedMethods (D:\workspace\JS\git\MDP-ManageServer\node_modules\.7.2.1@koa-router\lib\router.js:406:12)
    at dispatch (D:\workspace\JS\git\MDP-ManageServer\node_modules\.4.0.0@koa-compose\index.js:42:32)
    at dispatch (D:\workspace\JS\git\MDP-ManageServer\node_modules\.7.2.1@koa-router\lib\router.js:332:32)
    at dispatch (D:\workspace\JS\git\MDP-ManageServer\node_modules\.4.0.0@koa-compose\index.js:42:32)
    at allowedMethods (D:\workspace\JS\git\MDP-ManageServer\node_modules\.7.2.1@koa-router\lib\router.js:406:12)
    at dispatch (D:\workspace\JS\git\MDP-ManageServer\node_modules\.4.0.0@koa-compose\index.js:42:32)
    at dispatch (D:\workspace\JS\git\MDP-ManageServer\node_modules\.7.2.1@koa-router\lib\router.js:332:32)
    at dispatch (D:\workspace\JS\git\MDP-ManageServer\node_modules\.4.0.0@koa-compose\index.js:42:32)
    at allowedMethods (D:\workspace\JS\git\MDP-ManageServer\node_modules\.7.2.1@koa-router\lib\router.js:406:12)
    at dispatch (D:\workspace\JS\git\MDP-ManageServer\node_modules\.4.0.0@koa-compose\index.js:42:32)
    at dispatch (D:\workspace\JS\git\MDP-ManageServer\node_modules\.7.2.1@koa-router\lib\router.js:332:32) message: '用户未登录' }
[2017-08-21 10:19:42.148] [ERROR] error - { code: 401, message: '用户未登录' }
[2017-08-21 10:19:42.148] [ERROR] error - { UnauthorizedError: 用户未登录
    at Object.throw (D:\workspace\JS\git\MDP-ManageServer\node_modules\.2.3.0@koa\lib\context.js:91:11)
    at middleware (d:\workspace\JS\git\MDP-ManageServer\system\router\ManagerSignRouter.js:45:30)
    at dispatch (D:\workspace\JS\git\MDP-ManageServer\node_modules\.3.2.1@koa-compose\index.js:44:32)
    at D:\workspace\JS\git\MDP-ManageServer\node_modules\.7.2.1@koa-router\lib\router.js:345:16
    at dispatch (D:\workspace\JS\git\MDP-ManageServer\node_modules\.3.2.1@koa-compose\index.js:44:32)
    at dispatch (D:\workspace\JS\git\MDP-ManageServer\node_modules\.7.2.1@koa-router\lib\router.js:350:31)
    at dispatch (D:\workspace\JS\git\MDP-ManageServer\node_modules\.4.0.0@koa-compose\index.js:42:32)
    at allowedMethods (D:\workspace\JS\git\MDP-ManageServer\node_modules\.7.2.1@koa-router\lib\router.js:406:12)
    at dispatch (D:\workspace\JS\git\MDP-ManageServer\node_modules\.4.0.0@koa-compose\index.js:42:32)
    at dispatch (D:\workspace\JS\git\MDP-ManageServer\node_modules\.7.2.1@koa-router\lib\router.js:332:32)
    at dispatch (D:\workspace\JS\git\MDP-ManageServer\node_modules\.4.0.0@koa-compose\index.js:42:32)
    at allowedMethods (D:\workspace\JS\git\MDP-ManageServer\node_modules\.7.2.1@koa-router\lib\router.js:406:12)
    at dispatch (D:\workspace\JS\git\MDP-ManageServer\node_modules\.4.0.0@koa-compose\index.js:42:32)
    at dispatch (D:\workspace\JS\git\MDP-ManageServer\node_modules\.7.2.1@koa-router\lib\router.js:332:32)
    at dispatch (D:\workspace\JS\git\MDP-ManageServer\node_modules\.4.0.0@koa-compose\index.js:42:32)
    at allowedMethods (D:\workspace\JS\git\MDP-ManageServer\node_modules\.7.2.1@koa-router\lib\router.js:406:12)
    at dispatch (D:\workspace\JS\git\MDP-ManageServer\node_modules\.4.0.0@koa-compose\index.js:42:32)
    at dispatch (D:\workspace\JS\git\MDP-ManageServer\node_modules\.7.2.1@koa-router\lib\router.js:332:32)
    at dispatch (D:\workspace\JS\git\MDP-ManageServer\node_modules\.4.0.0@koa-compose\index.js:42:32)
    at allowedMethods (D:\workspace\JS\git\MDP-ManageServer\node_modules\.7.2.1@koa-router\lib\router.js:406:12)
    at dispatch (D:\workspace\JS\git\MDP-ManageServer\node_modules\.4.0.0@koa-compose\index.js:42:32)
    at dispatch (D:\workspace\JS\git\MDP-ManageServer\node_modules\.7.2.1@koa-router\lib\router.js:332:32) message: '用户未登录' }
[2017-08-21 10:22:30.700] [ERROR] error - { code: 401, message: '用户未登录' }
[2017-08-21 10:22:30.700] [ERROR] error - { UnauthorizedError: 用户未登录
    at Object.throw (D:\workspace\JS\git\MDP-ManageServer\node_modules\.2.3.0@koa\lib\context.js:91:11)
    at middleware (d:\workspace\JS\git\MDP-ManageServer\system\router\ManagerSignRouter.js:45:30)
    at dispatch (D:\workspace\JS\git\MDP-ManageServer\node_modules\.3.2.1@koa-compose\index.js:44:32)
    at D:\workspace\JS\git\MDP-ManageServer\node_modules\.7.2.1@koa-router\lib\router.js:345:16
    at dispatch (D:\workspace\JS\git\MDP-ManageServer\node_modules\.3.2.1@koa-compose\index.js:44:32)
    at dispatch (D:\workspace\JS\git\MDP-ManageServer\node_modules\.7.2.1@koa-router\lib\router.js:350:31)
    at dispatch (D:\workspace\JS\git\MDP-ManageServer\node_modules\.4.0.0@koa-compose\index.js:42:32)
    at allowedMethods (D:\workspace\JS\git\MDP-ManageServer\node_modules\.7.2.1@koa-router\lib\router.js:406:12)
    at dispatch (D:\workspace\JS\git\MDP-ManageServer\node_modules\.4.0.0@koa-compose\index.js:42:32)
    at dispatch (D:\workspace\JS\git\MDP-ManageServer\node_modules\.7.2.1@koa-router\lib\router.js:332:32)
    at dispatch (D:\workspace\JS\git\MDP-ManageServer\node_modules\.4.0.0@koa-compose\index.js:42:32)
    at allowedMethods (D:\workspace\JS\git\MDP-ManageServer\node_modules\.7.2.1@koa-router\lib\router.js:406:12)
    at dispatch (D:\workspace\JS\git\MDP-ManageServer\node_modules\.4.0.0@koa-compose\index.js:42:32)
    at dispatch (D:\workspace\JS\git\MDP-ManageServer\node_modules\.7.2.1@koa-router\lib\router.js:332:32)
    at dispatch (D:\workspace\JS\git\MDP-ManageServer\node_modules\.4.0.0@koa-compose\index.js:42:32)
    at allowedMethods (D:\workspace\JS\git\MDP-ManageServer\node_modules\.7.2.1@koa-router\lib\router.js:406:12)
    at dispatch (D:\workspace\JS\git\MDP-ManageServer\node_modules\.4.0.0@koa-compose\index.js:42:32)
    at dispatch (D:\workspace\JS\git\MDP-ManageServer\node_modules\.7.2.1@koa-router\lib\router.js:332:32)
    at dispatch (D:\workspace\JS\git\MDP-ManageServer\node_modules\.4.0.0@koa-compose\index.js:42:32)
    at allowedMethods (D:\workspace\JS\git\MDP-ManageServer\node_modules\.7.2.1@koa-router\lib\router.js:406:12)
    at dispatch (D:\workspace\JS\git\MDP-ManageServer\node_modules\.4.0.0@koa-compose\index.js:42:32)
    at dispatch (D:\workspace\JS\git\MDP-ManageServer\node_modules\.7.2.1@koa-router\lib\router.js:332:32) message: '用户未登录' }
[2017-08-21 11:36:16.852] [ERROR] error - { code: 401, message: '用户未登录' }
[2017-08-21 11:36:16.852] [ERROR] error - { UnauthorizedError: 用户未登录
    at Object.throw (D:\workspace\JS\git\MDP-ManageServer\node_modules\.2.3.0@koa\lib\context.js:91:11)
    at middleware (d:\workspace\JS\git\MDP-ManageServer\system\router\ManagerSignRouter.js:45:30)
    at dispatch (D:\workspace\JS\git\MDP-ManageServer\node_modules\.3.2.1@koa-compose\index.js:44:32)
    at D:\workspace\JS\git\MDP-ManageServer\node_modules\.7.2.1@koa-router\lib\router.js:345:16
    at dispatch (D:\workspace\JS\git\MDP-ManageServer\node_modules\.3.2.1@koa-compose\index.js:44:32)
    at dispatch (D:\workspace\JS\git\MDP-ManageServer\node_modules\.7.2.1@koa-router\lib\router.js:350:31)
    at dispatch (D:\workspace\JS\git\MDP-ManageServer\node_modules\.4.0.0@koa-compose\index.js:42:32)
    at allowedMethods (D:\workspace\JS\git\MDP-ManageServer\node_modules\.7.2.1@koa-router\lib\router.js:406:12)
    at dispatch (D:\workspace\JS\git\MDP-ManageServer\node_modules\.4.0.0@koa-compose\index.js:42:32)
    at dispatch (D:\workspace\JS\git\MDP-ManageServer\node_modules\.7.2.1@koa-router\lib\router.js:332:32)
    at dispatch (D:\workspace\JS\git\MDP-ManageServer\node_modules\.4.0.0@koa-compose\index.js:42:32)
    at allowedMethods (D:\workspace\JS\git\MDP-ManageServer\node_modules\.7.2.1@koa-router\lib\router.js:406:12)
    at dispatch (D:\workspace\JS\git\MDP-ManageServer\node_modules\.4.0.0@koa-compose\index.js:42:32)
    at dispatch (D:\workspace\JS\git\MDP-ManageServer\node_modules\.7.2.1@koa-router\lib\router.js:332:32)
    at dispatch (D:\workspace\JS\git\MDP-ManageServer\node_modules\.4.0.0@koa-compose\index.js:42:32)
    at allowedMethods (D:\workspace\JS\git\MDP-ManageServer\node_modules\.7.2.1@koa-router\lib\router.js:406:12)
    at dispatch (D:\workspace\JS\git\MDP-ManageServer\node_modules\.4.0.0@koa-compose\index.js:42:32)
    at dispatch (D:\workspace\JS\git\MDP-ManageServer\node_modules\.7.2.1@koa-router\lib\router.js:332:32)
    at dispatch (D:\workspace\JS\git\MDP-ManageServer\node_modules\.4.0.0@koa-compose\index.js:42:32)
    at allowedMethods (D:\workspace\JS\git\MDP-ManageServer\node_modules\.7.2.1@koa-router\lib\router.js:406:12)
    at dispatch (D:\workspace\JS\git\MDP-ManageServer\node_modules\.4.0.0@koa-compose\index.js:42:32)
    at dispatch (D:\workspace\JS\git\MDP-ManageServer\node_modules\.7.2.1@koa-router\lib\router.js:332:32) message: '用户未登录' }
[2017-08-21 15:44:52.500] [ERROR] error - { code: 401, message: '用户未登录' }
[2017-08-21 15:44:52.500] [ERROR] error - { UnauthorizedError: 用户未登录
    at Object.throw (D:\workspace\JS\git\MDP-ManageServer\node_modules\.2.3.0@koa\lib\context.js:91:11)
    at middleware (d:\workspace\JS\git\MDP-ManageServer\system\router\ManagerSignRouter.js:45:30)
    at dispatch (D:\workspace\JS\git\MDP-ManageServer\node_modules\.3.2.1@koa-compose\index.js:44:32)
    at D:\workspace\JS\git\MDP-ManageServer\node_modules\.7.2.1@koa-router\lib\router.js:345:16
    at dispatch (D:\workspace\JS\git\MDP-ManageServer\node_modules\.3.2.1@koa-compose\index.js:44:32)
    at dispatch (D:\workspace\JS\git\MDP-ManageServer\node_modules\.7.2.1@koa-router\lib\router.js:350:31)
    at dispatch (D:\workspace\JS\git\MDP-ManageServer\node_modules\.4.0.0@koa-compose\index.js:42:32)
    at allowedMethods (D:\workspace\JS\git\MDP-ManageServer\node_modules\.7.2.1@koa-router\lib\router.js:406:12)
    at dispatch (D:\workspace\JS\git\MDP-ManageServer\node_modules\.4.0.0@koa-compose\index.js:42:32)
    at dispatch (D:\workspace\JS\git\MDP-ManageServer\node_modules\.7.2.1@koa-router\lib\router.js:332:32)
    at dispatch (D:\workspace\JS\git\MDP-ManageServer\node_modules\.4.0.0@koa-compose\index.js:42:32)
    at allowedMethods (D:\workspace\JS\git\MDP-ManageServer\node_modules\.7.2.1@koa-router\lib\router.js:406:12)
    at dispatch (D:\workspace\JS\git\MDP-ManageServer\node_modules\.4.0.0@koa-compose\index.js:42:32)
    at dispatch (D:\workspace\JS\git\MDP-ManageServer\node_modules\.7.2.1@koa-router\lib\router.js:332:32)
    at dispatch (D:\workspace\JS\git\MDP-ManageServer\node_modules\.4.0.0@koa-compose\index.js:42:32)
    at allowedMethods (D:\workspace\JS\git\MDP-ManageServer\node_modules\.7.2.1@koa-router\lib\router.js:406:12)
    at dispatch (D:\workspace\JS\git\MDP-ManageServer\node_modules\.4.0.0@koa-compose\index.js:42:32)
    at dispatch (D:\workspace\JS\git\MDP-ManageServer\node_modules\.7.2.1@koa-router\lib\router.js:332:32)
    at dispatch (D:\workspace\JS\git\MDP-ManageServer\node_modules\.4.0.0@koa-compose\index.js:42:32)
    at allowedMethods (D:\workspace\JS\git\MDP-ManageServer\node_modules\.7.2.1@koa-router\lib\router.js:406:12)
    at dispatch (D:\workspace\JS\git\MDP-ManageServer\node_modules\.4.0.0@koa-compose\index.js:42:32)
    at dispatch (D:\workspace\JS\git\MDP-ManageServer\node_modules\.7.2.1@koa-router\lib\router.js:332:32) message: '用户未登录' }
[2017-08-21 16:48:48.058] [ERROR] error - { code: 401, message: '用户未登录' }
[2017-08-21 16:48:48.058] [ERROR] error - { UnauthorizedError: 用户未登录
    at Object.throw (D:\workspace\JS\git\MDP-ManageServer\node_modules\.2.3.0@koa\lib\context.js:91:11)
    at middleware (d:\workspace\JS\git\MDP-ManageServer\system\router\ManagerSignRouter.js:45:30)
    at dispatch (D:\workspace\JS\git\MDP-ManageServer\node_modules\.3.2.1@koa-compose\index.js:44:32)
    at D:\workspace\JS\git\MDP-ManageServer\node_modules\.7.2.1@koa-router\lib\router.js:345:16
    at dispatch (D:\workspace\JS\git\MDP-ManageServer\node_modules\.3.2.1@koa-compose\index.js:44:32)
    at dispatch (D:\workspace\JS\git\MDP-ManageServer\node_modules\.7.2.1@koa-router\lib\router.js:350:31)
    at dispatch (D:\workspace\JS\git\MDP-ManageServer\node_modules\.4.0.0@koa-compose\index.js:42:32)
    at allowedMethods (D:\workspace\JS\git\MDP-ManageServer\node_modules\.7.2.1@koa-router\lib\router.js:406:12)
    at dispatch (D:\workspace\JS\git\MDP-ManageServer\node_modules\.4.0.0@koa-compose\index.js:42:32)
    at dispatch (D:\workspace\JS\git\MDP-ManageServer\node_modules\.7.2.1@koa-router\lib\router.js:332:32)
    at dispatch (D:\workspace\JS\git\MDP-ManageServer\node_modules\.4.0.0@koa-compose\index.js:42:32)
    at allowedMethods (D:\workspace\JS\git\MDP-ManageServer\node_modules\.7.2.1@koa-router\lib\router.js:406:12)
    at dispatch (D:\workspace\JS\git\MDP-ManageServer\node_modules\.4.0.0@koa-compose\index.js:42:32)
    at dispatch (D:\workspace\JS\git\MDP-ManageServer\node_modules\.7.2.1@koa-router\lib\router.js:332:32)
    at dispatch (D:\workspace\JS\git\MDP-ManageServer\node_modules\.4.0.0@koa-compose\index.js:42:32)
    at allowedMethods (D:\workspace\JS\git\MDP-ManageServer\node_modules\.7.2.1@koa-router\lib\router.js:406:12)
    at dispatch (D:\workspace\JS\git\MDP-ManageServer\node_modules\.4.0.0@koa-compose\index.js:42:32)
    at dispatch (D:\workspace\JS\git\MDP-ManageServer\node_modules\.7.2.1@koa-router\lib\router.js:332:32)
    at dispatch (D:\workspace\JS\git\MDP-ManageServer\node_modules\.4.0.0@koa-compose\index.js:42:32)
    at allowedMethods (D:\workspace\JS\git\MDP-ManageServer\node_modules\.7.2.1@koa-router\lib\router.js:406:12)
    at dispatch (D:\workspace\JS\git\MDP-ManageServer\node_modules\.4.0.0@koa-compose\index.js:42:32)
    at dispatch (D:\workspace\JS\git\MDP-ManageServer\node_modules\.7.2.1@koa-router\lib\router.js:332:32) message: '用户未登录' }
[2017-08-21 16:55:57.346] [ERROR] error - { code: 401, message: '用户未登录' }
[2017-08-21 16:55:57.349] [ERROR] error - { UnauthorizedError: 用户未登录
    at Object.throw (D:\workspace\JS\git\MDP-ManageServer\node_modules\.2.3.0@koa\lib\context.js:91:11)
    at middleware (d:\workspace\JS\git\MDP-ManageServer\system\router\ManagerSignRouter.js:45:30)
    at dispatch (D:\workspace\JS\git\MDP-ManageServer\node_modules\.3.2.1@koa-compose\index.js:44:32)
    at D:\workspace\JS\git\MDP-ManageServer\node_modules\.7.2.1@koa-router\lib\router.js:345:16
    at dispatch (D:\workspace\JS\git\MDP-ManageServer\node_modules\.3.2.1@koa-compose\index.js:44:32)
    at dispatch (D:\workspace\JS\git\MDP-ManageServer\node_modules\.7.2.1@koa-router\lib\router.js:350:31)
    at dispatch (D:\workspace\JS\git\MDP-ManageServer\node_modules\.4.0.0@koa-compose\index.js:42:32)
    at allowedMethods (D:\workspace\JS\git\MDP-ManageServer\node_modules\.7.2.1@koa-router\lib\router.js:406:12)
    at dispatch (D:\workspace\JS\git\MDP-ManageServer\node_modules\.4.0.0@koa-compose\index.js:42:32)
    at dispatch (D:\workspace\JS\git\MDP-ManageServer\node_modules\.7.2.1@koa-router\lib\router.js:332:32)
    at dispatch (D:\workspace\JS\git\MDP-ManageServer\node_modules\.4.0.0@koa-compose\index.js:42:32)
    at allowedMethods (D:\workspace\JS\git\MDP-ManageServer\node_modules\.7.2.1@koa-router\lib\router.js:406:12)
    at dispatch (D:\workspace\JS\git\MDP-ManageServer\node_modules\.4.0.0@koa-compose\index.js:42:32)
    at dispatch (D:\workspace\JS\git\MDP-ManageServer\node_modules\.7.2.1@koa-router\lib\router.js:332:32)
    at dispatch (D:\workspace\JS\git\MDP-ManageServer\node_modules\.4.0.0@koa-compose\index.js:42:32)
    at allowedMethods (D:\workspace\JS\git\MDP-ManageServer\node_modules\.7.2.1@koa-router\lib\router.js:406:12)
    at dispatch (D:\workspace\JS\git\MDP-ManageServer\node_modules\.4.0.0@koa-compose\index.js:42:32)
    at dispatch (D:\workspace\JS\git\MDP-ManageServer\node_modules\.7.2.1@koa-router\lib\router.js:332:32)
    at dispatch (D:\workspace\JS\git\MDP-ManageServer\node_modules\.4.0.0@koa-compose\index.js:42:32)
    at allowedMethods (D:\workspace\JS\git\MDP-ManageServer\node_modules\.7.2.1@koa-router\lib\router.js:406:12)
    at dispatch (D:\workspace\JS\git\MDP-ManageServer\node_modules\.4.0.0@koa-compose\index.js:42:32)
    at dispatch (D:\workspace\JS\git\MDP-ManageServer\node_modules\.7.2.1@koa-router\lib\router.js:332:32) message: '用户未登录' }
[2017-08-21 16:56:50.238] [ERROR] error - { code: 401, message: '用户未登录' }
[2017-08-21 16:56:50.239] [ERROR] error - { UnauthorizedError: 用户未登录
    at Object.throw (D:\workspace\JS\git\MDP-ManageServer\node_modules\.2.3.0@koa\lib\context.js:91:11)
    at middleware (d:\workspace\JS\git\MDP-ManageServer\system\router\ManagerSignRouter.js:45:30)
    at dispatch (D:\workspace\JS\git\MDP-ManageServer\node_modules\.3.2.1@koa-compose\index.js:44:32)
    at D:\workspace\JS\git\MDP-ManageServer\node_modules\.7.2.1@koa-router\lib\router.js:345:16
    at dispatch (D:\workspace\JS\git\MDP-ManageServer\node_modules\.3.2.1@koa-compose\index.js:44:32)
    at dispatch (D:\workspace\JS\git\MDP-ManageServer\node_modules\.7.2.1@koa-router\lib\router.js:350:31)
    at dispatch (D:\workspace\JS\git\MDP-ManageServer\node_modules\.4.0.0@koa-compose\index.js:42:32)
    at allowedMethods (D:\workspace\JS\git\MDP-ManageServer\node_modules\.7.2.1@koa-router\lib\router.js:406:12)
    at dispatch (D:\workspace\JS\git\MDP-ManageServer\node_modules\.4.0.0@koa-compose\index.js:42:32)
    at dispatch (D:\workspace\JS\git\MDP-ManageServer\node_modules\.7.2.1@koa-router\lib\router.js:332:32)
    at dispatch (D:\workspace\JS\git\MDP-ManageServer\node_modules\.4.0.0@koa-compose\index.js:42:32)
    at allowedMethods (D:\workspace\JS\git\MDP-ManageServer\node_modules\.7.2.1@koa-router\lib\router.js:406:12)
    at dispatch (D:\workspace\JS\git\MDP-ManageServer\node_modules\.4.0.0@koa-compose\index.js:42:32)
    at dispatch (D:\workspace\JS\git\MDP-ManageServer\node_modules\.7.2.1@koa-router\lib\router.js:332:32)
    at dispatch (D:\workspace\JS\git\MDP-ManageServer\node_modules\.4.0.0@koa-compose\index.js:42:32)
    at allowedMethods (D:\workspace\JS\git\MDP-ManageServer\node_modules\.7.2.1@koa-router\lib\router.js:406:12)
    at dispatch (D:\workspace\JS\git\MDP-ManageServer\node_modules\.4.0.0@koa-compose\index.js:42:32)
    at dispatch (D:\workspace\JS\git\MDP-ManageServer\node_modules\.7.2.1@koa-router\lib\router.js:332:32)
    at dispatch (D:\workspace\JS\git\MDP-ManageServer\node_modules\.4.0.0@koa-compose\index.js:42:32)
    at allowedMethods (D:\workspace\JS\git\MDP-ManageServer\node_modules\.7.2.1@koa-router\lib\router.js:406:12)
    at dispatch (D:\workspace\JS\git\MDP-ManageServer\node_modules\.4.0.0@koa-compose\index.js:42:32)
    at dispatch (D:\workspace\JS\git\MDP-ManageServer\node_modules\.7.2.1@koa-router\lib\router.js:332:32) message: '用户未登录' }
