[2017-07-31 08:33:20.054] [INFO] info - Redis connecting!
[2017-07-31 08:33:20.273] [INFO] info - 刷新缓存：DICTIONARY_ITEM_USE_ALL
[2017-07-31 08:33:20.335] [INFO] info - 刷新缓存：MENU_USE_ALL
[2017-07-31 08:33:20.382] [INFO] info - 刷新缓存：SYSTEMVARIABLE_USE_ALL
[2017-07-31 08:33:21.539] [INFO] info - Redis auth pass!
[2017-07-31 08:46:53.025] [INFO] info - /system/menu/use/all
[2017-07-31 08:46:53.026] [INFO] info - undefined
[2017-07-31 08:46:53.033] [INFO] info - REQUEST=======> 2017-7-31 08:46:53 [GET] /system/menu/use/all，耗时:8ms
[2017-07-31 08:46:53.760] [INFO] info - /manage/sign/currentUser
[2017-07-31 08:46:53.760] [INFO] info - undefined
[2017-07-31 08:46:53.786] [INFO] info - REQUEST=======> 2017-7-31 08:46:53 [GET] /manage/sign/currentUser，耗时:26ms
[2017-07-31 08:47:05.565] [INFO] info - /manage/sign/login
[2017-07-31 08:47:05.565] [INFO] info - application/x-www-form-urlencoded; charset=UTF-8
[2017-07-31 08:47:05.775] [INFO] info - REQUEST=======> 2017-7-31 08:47:05 [POST] /manage/sign/login，耗时:210ms
[2017-07-31 08:47:06.117] [INFO] info - /manage/account
[2017-07-31 08:47:06.117] [INFO] info - undefined
[2017-07-31 08:47:06.124] [INFO] info - REQUEST=======> 2017-7-31 08:47:06 [GET] /manage/account?pageNumber=1&pageSize=10，耗时:7ms
[2017-07-31 09:16:00.667] [INFO] info - /system/menu/use/all
[2017-07-31 09:16:00.667] [INFO] info - undefined
[2017-07-31 09:16:00.669] [INFO] info - REQUEST=======> 2017-7-31 09:16:00 [GET] /system/menu/use/all，耗时:2ms
[2017-07-31 09:16:00.744] [INFO] info - /manage/sign/currentUser
[2017-07-31 09:16:00.744] [INFO] info - undefined
[2017-07-31 09:16:00.748] [INFO] info - REQUEST=======> 2017-7-31 09:16:00 [GET] /manage/sign/currentUser，耗时:4ms
[2017-07-31 09:16:00.957] [INFO] info - /manage/account
[2017-07-31 09:16:00.957] [INFO] info - undefined
[2017-07-31 09:16:00.963] [INFO] info - REQUEST=======> 2017-7-31 09:16:00 [GET] /manage/account?pageNumber=1&pageSize=10，耗时:6ms
[2017-07-31 09:17:38.994] [INFO] info - /system/menu/use/all
[2017-07-31 09:17:38.995] [INFO] info - undefined
[2017-07-31 09:17:38.996] [INFO] info - REQUEST=======> 2017-7-31 09:17:38 [GET] /system/menu/use/all，耗时:2ms
[2017-07-31 09:17:39.026] [INFO] info - /manage/sign/currentUser
[2017-07-31 09:17:39.026] [INFO] info - undefined
[2017-07-31 09:17:39.029] [INFO] info - REQUEST=======> 2017-7-31 09:17:39 [GET] /manage/sign/currentUser，耗时:3ms
[2017-07-31 09:17:42.859] [INFO] info - /manage/sign/login
[2017-07-31 09:17:42.859] [INFO] info - application/x-www-form-urlencoded; charset=UTF-8
[2017-07-31 09:17:42.864] [INFO] info - REQUEST=======> 2017-7-31 09:17:42 [POST] /manage/sign/login，耗时:5ms
[2017-07-31 09:17:43.002] [INFO] info - /manage/account
[2017-07-31 09:17:43.002] [INFO] info - undefined
[2017-07-31 09:17:43.008] [INFO] info - REQUEST=======> 2017-7-31 09:17:43 [GET] /manage/account?pageNumber=1&pageSize=10，耗时:6ms
[2017-07-31 09:18:32.024] [INFO] info - /system/menu/use/all
[2017-07-31 09:18:32.024] [INFO] info - undefined
[2017-07-31 09:18:32.025] [INFO] info - REQUEST=======> 2017-7-31 09:18:32 [GET] /system/menu/use/all，耗时:1ms
[2017-07-31 09:18:32.077] [INFO] info - /manage/sign/currentUser
[2017-07-31 09:18:32.077] [INFO] info - undefined
[2017-07-31 09:18:32.078] [INFO] info - REQUEST=======> 2017-7-31 09:18:32 [GET] /manage/sign/currentUser，耗时:1ms
[2017-07-31 09:19:18.794] [INFO] info - /system/menu/use/all
[2017-07-31 09:19:18.794] [INFO] info - undefined
[2017-07-31 09:19:18.795] [INFO] info - REQUEST=======> 2017-7-31 09:19:18 [GET] /system/menu/use/all，耗时:1ms
[2017-07-31 09:19:18.847] [INFO] info - /manage/sign/currentUser
[2017-07-31 09:19:18.847] [INFO] info - undefined
[2017-07-31 09:19:18.848] [INFO] info - REQUEST=======> 2017-7-31 09:19:18 [GET] /manage/sign/currentUser，耗时:1ms
[2017-07-31 09:20:57.973] [INFO] info - /system/menu/use/all
[2017-07-31 09:20:57.973] [INFO] info - undefined
[2017-07-31 09:20:57.975] [INFO] info - REQUEST=======> 2017-7-31 09:20:57 [GET] /system/menu/use/all，耗时:2ms
[2017-07-31 09:20:58.037] [INFO] info - /manage/sign/currentUser
[2017-07-31 09:20:58.037] [INFO] info - undefined
[2017-07-31 09:20:58.039] [INFO] info - REQUEST=======> 2017-7-31 09:20:58 [GET] /manage/sign/currentUser，耗时:1ms
[2017-07-31 09:21:02.633] [INFO] info - /manage/sign/login
[2017-07-31 09:21:02.633] [INFO] info - application/x-www-form-urlencoded; charset=UTF-8
[2017-07-31 09:21:02.659] [INFO] info - REQUEST=======> 2017-7-31 09:21:02 [POST] /manage/sign/login，耗时:26ms
[2017-07-31 09:21:02.817] [INFO] info - /manage/account
[2017-07-31 09:21:02.817] [INFO] info - undefined
[2017-07-31 09:21:02.821] [INFO] info - REQUEST=======> 2017-7-31 09:21:02 [GET] /manage/account?pageNumber=1&pageSize=10，耗时:4ms
[2017-07-31 09:44:04.174] [INFO] info - /system/menu/use/all
[2017-07-31 09:44:04.175] [INFO] info - undefined
[2017-07-31 09:44:04.176] [INFO] info - REQUEST=======> 2017-7-31 09:44:04 [GET] /system/menu/use/all，耗时:2ms
[2017-07-31 09:44:04.202] [INFO] info - /manage/sign/currentUser
[2017-07-31 09:44:04.202] [INFO] info - undefined
[2017-07-31 09:44:04.203] [INFO] info - REQUEST=======> 2017-7-31 09:44:04 [GET] /manage/sign/currentUser，耗时:1ms
[2017-07-31 09:51:41.331] [INFO] info - /system/menu/use/all
[2017-07-31 09:51:41.331] [INFO] info - undefined
[2017-07-31 09:51:41.332] [INFO] info - REQUEST=======> 2017-7-31 09:51:41 [GET] /system/menu/use/all，耗时:1ms
[2017-07-31 09:51:41.410] [INFO] info - /manage/sign/currentUser
[2017-07-31 09:51:41.410] [INFO] info - undefined
[2017-07-31 09:51:41.410] [INFO] info - REQUEST=======> 2017-7-31 09:51:41 [GET] /manage/sign/currentUser，耗时:0ms
[2017-07-31 09:55:32.463] [INFO] info - /system/menu/use/all
[2017-07-31 09:55:32.464] [INFO] info - undefined
[2017-07-31 09:55:32.466] [INFO] info - REQUEST=======> 2017-7-31 09:55:32 [GET] /system/menu/use/all，耗时:3ms
[2017-07-31 09:55:32.522] [INFO] info - /manage/sign/currentUser
[2017-07-31 09:55:32.522] [INFO] info - undefined
[2017-07-31 09:55:32.523] [INFO] info - REQUEST=======> 2017-7-31 09:55:32 [GET] /manage/sign/currentUser，耗时:1ms
[2017-07-31 10:04:53.876] [INFO] info - /system/menu/use/all
[2017-07-31 10:04:53.876] [INFO] info - undefined
[2017-07-31 10:04:53.876] [INFO] info - REQUEST=======> 2017-7-31 10:04:53 [GET] /system/menu/use/all，耗时:0ms
[2017-07-31 10:04:53.902] [INFO] info - /manage/sign/currentUser
[2017-07-31 10:04:53.902] [INFO] info - undefined
[2017-07-31 10:04:53.903] [INFO] info - REQUEST=======> 2017-7-31 10:04:53 [GET] /manage/sign/currentUser，耗时:1ms
[2017-07-31 10:20:30.018] [INFO] info - /system/menu/use/all
[2017-07-31 10:20:30.018] [INFO] info - undefined
[2017-07-31 10:20:30.020] [INFO] info - REQUEST=======> 2017-7-31 10:20:30 [GET] /system/menu/use/all，耗时:2ms
[2017-07-31 10:20:30.078] [INFO] info - /manage/sign/currentUser
[2017-07-31 10:20:30.078] [INFO] info - undefined
[2017-07-31 10:20:30.079] [INFO] info - REQUEST=======> 2017-7-31 10:20:30 [GET] /manage/sign/currentUser，耗时:1ms
[2017-07-31 11:34:35.994] [INFO] info - /system/menu/use/all
[2017-07-31 11:34:35.994] [INFO] info - undefined
[2017-07-31 11:34:35.995] [INFO] info - REQUEST=======> 2017-7-31 11:34:35 [GET] /system/menu/use/all，耗时:1ms
[2017-07-31 11:34:36.042] [INFO] info - /manage/sign/currentUser
[2017-07-31 11:34:36.043] [INFO] info - undefined
[2017-07-31 11:34:36.046] [INFO] info - REQUEST=======> 2017-7-31 11:34:36 [GET] /manage/sign/currentUser，耗时:4ms
[2017-07-31 11:34:41.438] [INFO] info - /manage/sign/login
[2017-07-31 11:34:41.439] [INFO] info - application/x-www-form-urlencoded; charset=UTF-8
[2017-07-31 11:34:41.444] [INFO] info - REQUEST=======> 2017-7-31 11:34:41 [POST] /manage/sign/login，耗时:6ms
[2017-07-31 11:34:41.614] [INFO] info - /manage/account
[2017-07-31 11:34:41.614] [INFO] info - undefined
[2017-07-31 11:34:41.618] [INFO] info - REQUEST=======> 2017-7-31 11:34:41 [GET] /manage/account?pageNumber=1&pageSize=10，耗时:4ms
[2017-07-31 11:36:46.716] [INFO] info - /system/menu/use/all
[2017-07-31 11:36:46.716] [INFO] info - undefined
[2017-07-31 11:36:46.717] [INFO] info - REQUEST=======> 2017-7-31 11:36:46 [GET] /system/menu/use/all，耗时:1ms
[2017-07-31 11:36:46.803] [INFO] info - /manage/sign/currentUser
[2017-07-31 11:36:46.803] [INFO] info - undefined
[2017-07-31 11:36:46.808] [INFO] info - REQUEST=======> 2017-7-31 11:36:46 [GET] /manage/sign/currentUser，耗时:5ms
[2017-07-31 11:37:45.278] [INFO] info - /manage/sign/login
[2017-07-31 11:37:45.278] [INFO] info - application/x-www-form-urlencoded; charset=UTF-8
[2017-07-31 11:37:45.283] [INFO] info - REQUEST=======> 2017-7-31 11:37:45 [POST] /manage/sign/login，耗时:5ms
[2017-07-31 11:37:45.524] [INFO] info - /manage/account
[2017-07-31 11:37:45.524] [INFO] info - undefined
[2017-07-31 11:37:45.533] [INFO] info - REQUEST=======> 2017-7-31 11:37:45 [GET] /manage/account?pageNumber=1&pageSize=10，耗时:9ms
