[2017-08-08 08:29:52.636] [INFO] info - 刷新缓存：DICTIONARY_ITEM_USE_ALL
[2017-08-08 08:29:52.776] [INFO] info - 刷新缓存：MENU_USE_ALL
[2017-08-08 08:29:52.823] [INFO] info - 刷新缓存：SYSTEMVARIABLE_USE_ALL
[2017-08-08 09:49:06.145] [INFO] info - /system/menu/use/all
[2017-08-08 09:49:06.145] [INFO] info - undefined
[2017-08-08 09:49:06.154] [INFO] info - REQUEST=======> 2017-8-8 09:49:06 [GET] /system/menu/use/all，耗时:9ms
[2017-08-08 09:49:06.178] [INFO] info - /manage/sign/currentUser
[2017-08-08 09:49:06.178] [INFO] info - undefined
[2017-08-08 09:49:06.185] [INFO] info - REQUEST=======> 2017-8-8 09:49:06 [GET] /manage/sign/currentUser，耗时:7ms
[2017-08-08 09:49:09.415] [INFO] info - /manage/sign/login
[2017-08-08 09:49:09.415] [INFO] info - application/x-www-form-urlencoded; charset=UTF-8
[2017-08-08 09:49:09.705] [INFO] info - REQUEST=======> 2017-8-8 09:49:09 [POST] /manage/sign/login，耗时:290ms
[2017-08-08 09:49:09.846] [INFO] info - /manage/account
[2017-08-08 09:49:09.846] [INFO] info - undefined
[2017-08-08 09:49:09.855] [INFO] info - REQUEST=======> 2017-8-8 09:49:09 [GET] /manage/account?pageNumber=1&pageSize=10，耗时:9ms
[2017-08-08 11:18:57.261] [INFO] info - /system/menu/use/all
[2017-08-08 11:18:57.262] [INFO] info - undefined
[2017-08-08 11:18:57.264] [INFO] info - REQUEST=======> 2017-8-8 11:18:57 [GET] /system/menu/use/all，耗时:3ms
[2017-08-08 11:18:57.327] [INFO] info - /manage/sign/currentUser
[2017-08-08 11:18:57.327] [INFO] info - undefined
[2017-08-08 11:18:57.330] [INFO] info - REQUEST=======> 2017-8-8 11:18:57 [GET] /manage/sign/currentUser，耗时:3ms
[2017-08-08 11:19:01.867] [INFO] info - /manage/sign/login
[2017-08-08 11:19:01.867] [INFO] info - application/x-www-form-urlencoded; charset=UTF-8
[2017-08-08 11:19:01.875] [INFO] info - REQUEST=======> 2017-8-8 11:19:01 [POST] /manage/sign/login，耗时:8ms
[2017-08-08 11:19:02.027] [INFO] info - /manage/account
[2017-08-08 11:19:02.027] [INFO] info - undefined
[2017-08-08 11:19:02.032] [INFO] info - REQUEST=======> 2017-8-8 11:19:02 [GET] /manage/account?pageNumber=1&pageSize=10，耗时:5ms
[2017-08-08 11:20:10.919] [INFO] info - /system/menu/use/all
[2017-08-08 11:20:10.919] [INFO] info - undefined
[2017-08-08 11:20:10.920] [INFO] info - REQUEST=======> 2017-8-8 11:20:10 [GET] /system/menu/use/all，耗时:1ms
[2017-08-08 11:20:10.948] [INFO] info - /manage/sign/currentUser
[2017-08-08 11:20:10.948] [INFO] info - undefined
[2017-08-08 11:20:10.951] [INFO] info - REQUEST=======> 2017-8-8 11:20:10 [GET] /manage/sign/currentUser，耗时:3ms
[2017-08-08 11:20:15.116] [INFO] info - /manage/sign/login
[2017-08-08 11:20:15.116] [INFO] info - application/x-www-form-urlencoded; charset=UTF-8
[2017-08-08 11:20:15.124] [INFO] info - REQUEST=======> 2017-8-8 11:20:15 [POST] /manage/sign/login，耗时:8ms
[2017-08-08 11:20:15.272] [INFO] info - /manage/account
[2017-08-08 11:20:15.272] [INFO] info - undefined
[2017-08-08 11:20:15.277] [INFO] info - REQUEST=======> 2017-8-8 11:20:15 [GET] /manage/account?pageNumber=1&pageSize=10，耗时:5ms
[2017-08-08 11:20:47.850] [INFO] info - /system/menu/use/all
[2017-08-08 11:20:47.850] [INFO] info - undefined
[2017-08-08 11:20:47.853] [INFO] info - REQUEST=======> 2017-8-8 11:20:47 [GET] /system/menu/use/all，耗时:3ms
[2017-08-08 11:20:47.937] [INFO] info - /manage/sign/currentUser
[2017-08-08 11:20:47.938] [INFO] info - undefined
[2017-08-08 11:20:47.939] [INFO] info - REQUEST=======> 2017-8-8 11:20:47 [GET] /manage/sign/currentUser，耗时:2ms
[2017-08-08 11:20:53.744] [INFO] info - /system/menu/use/all
[2017-08-08 11:20:53.744] [INFO] info - undefined
[2017-08-08 11:20:53.745] [INFO] info - REQUEST=======> 2017-8-8 11:20:53 [GET] /system/menu/use/all，耗时:1ms
[2017-08-08 11:20:53.800] [INFO] info - /manage/sign/currentUser
[2017-08-08 11:20:53.800] [INFO] info - undefined
[2017-08-08 11:20:53.803] [INFO] info - REQUEST=======> 2017-8-8 11:20:53 [GET] /manage/sign/currentUser，耗时:3ms
