[2017-08-07 08:32:49.499] [INFO] info - Redis connecting!
[2017-08-07 08:32:49.516] [INFO] info - Redis auth pass!
[2017-08-07 08:32:49.778] [INFO] info - 刷新缓存：DICTIONARY_ITEM_USE_ALL
[2017-08-07 08:32:49.877] [INFO] info - 刷新缓存：MENU_USE_ALL
[2017-08-07 08:32:49.927] [INFO] info - 刷新缓存：SYSTEMVARIABLE_USE_ALL
[2017-08-07 08:34:33.195] [INFO] info - Redis connecting!
[2017-08-07 08:35:16.253] [INFO] info - Redis connecting!
[2017-08-07 08:35:37.298] [INFO] info - 刷新缓存：DICTIONARY_ITEM_USE_ALL
[2017-08-07 08:35:37.321] [INFO] info - 刷新缓存：MENU_USE_ALL
[2017-08-07 08:35:37.327] [INFO] info - 刷新缓存：SYSTEMVARIABLE_USE_ALL
[2017-08-07 08:37:16.382] [INFO] info - /system/menu/use/all
[2017-08-07 08:37:16.384] [INFO] info - undefined
[2017-08-07 08:37:16.393] [INFO] info - REQUEST=======> 2017-8-7 08:37:16 [GET] /system/menu/use/all，耗时:11ms
[2017-08-07 08:37:16.882] [INFO] info - /manage/sign/currentUser
[2017-08-07 08:37:16.882] [INFO] info - undefined
[2017-08-07 08:37:16.890] [INFO] info - REQUEST=======> 2017-8-7 08:37:16 [GET] /manage/sign/currentUser，耗时:8ms
[2017-08-07 08:37:22.734] [INFO] info - /manage/sign/login
[2017-08-07 08:37:22.735] [INFO] info - application/x-www-form-urlencoded; charset=UTF-8
[2017-08-07 08:37:22.941] [INFO] info - REQUEST=======> 2017-8-7 08:37:22 [POST] /manage/sign/login，耗时:207ms
[2017-08-07 08:37:23.111] [INFO] info - /manage/account
[2017-08-07 08:37:23.111] [INFO] info - undefined
[2017-08-07 08:37:23.118] [INFO] info - REQUEST=======> 2017-8-7 08:37:23 [GET] /manage/account?pageNumber=1&pageSize=10，耗时:7ms
[2017-08-07 09:50:03.028] [INFO] info - /system/menu/use/all
[2017-08-07 09:50:03.029] [INFO] info - undefined
[2017-08-07 09:50:03.031] [INFO] info - REQUEST=======> 2017-8-7 09:50:03 [GET] /system/menu/use/all，耗时:3ms
[2017-08-07 09:50:03.067] [INFO] info - /manage/sign/currentUser
[2017-08-07 09:50:03.067] [INFO] info - undefined
[2017-08-07 09:50:03.071] [INFO] info - REQUEST=======> 2017-8-7 09:50:03 [GET] /manage/sign/currentUser，耗时:4ms
[2017-08-07 09:50:07.029] [INFO] info - /manage/sign/login
[2017-08-07 09:50:07.029] [INFO] info - application/x-www-form-urlencoded; charset=UTF-8
[2017-08-07 09:50:07.034] [INFO] info - REQUEST=======> 2017-8-7 09:50:07 [POST] /manage/sign/login，耗时:5ms
[2017-08-07 09:50:07.174] [INFO] info - /manage/account
[2017-08-07 09:50:07.174] [INFO] info - undefined
[2017-08-07 09:50:07.179] [INFO] info - REQUEST=======> 2017-8-7 09:50:07 [GET] /manage/account?pageNumber=1&pageSize=10，耗时:5ms
[2017-08-07 09:51:02.200] [INFO] info - /system/menu/use/all
[2017-08-07 09:51:02.200] [INFO] info - undefined
[2017-08-07 09:51:02.200] [INFO] info - REQUEST=======> 2017-8-7 09:51:02 [GET] /system/menu/use/all，耗时:0ms
[2017-08-07 09:51:02.299] [INFO] info - /manage/sign/currentUser
[2017-08-07 09:51:02.299] [INFO] info - undefined
[2017-08-07 09:51:02.314] [INFO] info - REQUEST=======> 2017-8-7 09:51:02 [GET] /manage/sign/currentUser，耗时:15ms
[2017-08-07 09:51:08.217] [INFO] info - /manage/sign/login
[2017-08-07 09:51:08.217] [INFO] info - application/x-www-form-urlencoded; charset=UTF-8
[2017-08-07 09:51:08.224] [INFO] info - REQUEST=======> 2017-8-7 09:51:08 [POST] /manage/sign/login，耗时:7ms
[2017-08-07 09:51:08.547] [INFO] info - /manage/account
[2017-08-07 09:51:08.547] [INFO] info - undefined
[2017-08-07 09:51:08.547] [INFO] info - REQUEST=======> 2017-8-7 09:51:08 [GET] /manage/account?pageNumber=1&pageSize=10，耗时:0ms
[2017-08-07 10:39:58.013] [INFO] info - /system/menu/use/all
[2017-08-07 10:39:58.013] [INFO] info - undefined
[2017-08-07 10:39:58.014] [INFO] info - REQUEST=======> 2017-8-7 10:39:58 [GET] /system/menu/use/all，耗时:1ms
[2017-08-07 10:39:58.069] [INFO] info - /manage/sign/currentUser
[2017-08-07 10:39:58.069] [INFO] info - undefined
[2017-08-07 10:39:58.074] [INFO] info - REQUEST=======> 2017-8-7 10:39:58 [GET] /manage/sign/currentUser，耗时:5ms
[2017-08-07 10:40:03.039] [INFO] info - /manage/sign/login
[2017-08-07 10:40:03.039] [INFO] info - application/x-www-form-urlencoded; charset=UTF-8
[2017-08-07 10:40:03.050] [INFO] info - REQUEST=======> 2017-8-7 10:40:03 [POST] /manage/sign/login，耗时:11ms
[2017-08-07 10:40:03.213] [INFO] info - /manage/account
[2017-08-07 10:40:03.213] [INFO] info - undefined
[2017-08-07 10:40:03.218] [INFO] info - REQUEST=======> 2017-8-7 10:40:03 [GET] /manage/account?pageNumber=1&pageSize=10，耗时:5ms
