[2017-08-11 09:18:26.124] [INFO] info - 刷新缓存：DICTIONARY_ITEM_USE_ALL
[2017-08-11 09:18:26.253] [INFO] info - 刷新缓存：MENU_USE_ALL
[2017-08-11 09:18:26.286] [INFO] info - 刷新缓存：SYSTEMVARIABLE_USE_ALL
[2017-08-11 09:47:05.426] [INFO] info - /system/menu/use/all
[2017-08-11 09:47:05.426] [INFO] info - undefined
[2017-08-11 09:47:05.448] [INFO] info - REQUEST=======> 2017-8-11 09:47:05 [GET] /system/menu/use/all，耗时:23ms
[2017-08-11 09:47:05.501] [INFO] info - /manage/sign/currentUser
[2017-08-11 09:47:05.501] [INFO] info - undefined
[2017-08-11 09:47:05.508] [INFO] info - REQUEST=======> 2017-8-11 09:47:05 [GET] /manage/sign/currentUser，耗时:7ms
[2017-08-11 09:47:08.765] [INFO] info - /manage/sign/login
[2017-08-11 09:47:08.765] [INFO] info - application/x-www-form-urlencoded; charset=UTF-8
[2017-08-11 09:47:09.145] [INFO] info - REQUEST=======> 2017-8-11 09:47:08 [POST] /manage/sign/login，耗时:380ms
[2017-08-11 09:47:09.350] [INFO] info - /manage/account
[2017-08-11 09:47:09.351] [INFO] info - undefined
[2017-08-11 09:47:09.379] [INFO] info - REQUEST=======> 2017-8-11 09:47:09 [GET] /manage/account?pageNumber=1&pageSize=10，耗时:29ms
[2017-08-11 10:20:17.139] [INFO] info - /system/menu/use/all
[2017-08-11 10:20:17.139] [INFO] info - undefined
[2017-08-11 10:20:17.142] [INFO] info - REQUEST=======> 2017-8-11 10:20:17 [GET] /system/menu/use/all，耗时:3ms
[2017-08-11 10:20:17.174] [INFO] info - /manage/sign/currentUser
[2017-08-11 10:20:17.174] [INFO] info - undefined
[2017-08-11 10:20:17.175] [INFO] info - REQUEST=======> 2017-8-11 10:20:17 [GET] /manage/sign/currentUser，耗时:1ms
[2017-08-11 10:29:55.826] [INFO] info - /system/menu/use/all
[2017-08-11 10:29:55.826] [INFO] info - undefined
[2017-08-11 10:29:55.829] [INFO] info - REQUEST=======> 2017-8-11 10:29:55 [GET] /system/menu/use/all，耗时:3ms
[2017-08-11 10:29:55.935] [INFO] info - /manage/sign/currentUser
[2017-08-11 10:29:55.935] [INFO] info - undefined
[2017-08-11 10:29:55.937] [INFO] info - REQUEST=======> 2017-8-11 10:29:55 [GET] /manage/sign/currentUser，耗时:2ms
[2017-08-11 10:30:33.094] [INFO] info - /system/menu/use/all
[2017-08-11 10:30:33.094] [INFO] info - undefined
[2017-08-11 10:30:33.095] [INFO] info - REQUEST=======> 2017-8-11 10:30:33 [GET] /system/menu/use/all，耗时:1ms
[2017-08-11 10:30:33.144] [INFO] info - /manage/sign/currentUser
[2017-08-11 10:30:33.144] [INFO] info - undefined
[2017-08-11 10:30:33.146] [INFO] info - REQUEST=======> 2017-8-11 10:30:33 [GET] /manage/sign/currentUser，耗时:2ms
[2017-08-11 10:33:35.189] [INFO] info - /system/menu/use/all
[2017-08-11 10:33:35.189] [INFO] info - undefined
[2017-08-11 10:33:35.191] [INFO] info - REQUEST=======> 2017-8-11 10:33:35 [GET] /system/menu/use/all，耗时:2ms
[2017-08-11 10:33:35.320] [INFO] info - /manage/sign/currentUser
[2017-08-11 10:33:35.320] [INFO] info - undefined
[2017-08-11 10:33:35.324] [INFO] info - REQUEST=======> 2017-8-11 10:33:35 [GET] /manage/sign/currentUser，耗时:4ms
[2017-08-11 10:33:39.742] [INFO] info - /manage/sign/login
[2017-08-11 10:33:39.742] [INFO] info - application/x-www-form-urlencoded; charset=UTF-8
[2017-08-11 10:33:39.749] [INFO] info - REQUEST=======> 2017-8-11 10:33:39 [POST] /manage/sign/login，耗时:7ms
[2017-08-11 10:33:39.915] [INFO] info - /manage/account
[2017-08-11 10:33:39.915] [INFO] info - undefined
[2017-08-11 10:33:39.918] [INFO] info - REQUEST=======> 2017-8-11 10:33:39 [GET] /manage/account?pageNumber=1&pageSize=10，耗时:3ms
[2017-08-11 14:38:02.322] [INFO] info - /resource/plugin/ueditor
[2017-08-11 14:38:02.324] [INFO] info - undefined
[2017-08-11 14:38:02.330] [INFO] info - REQUEST=======> 2017-8-11 14:38:02 [GET] /resource/plugin/ueditor?action=config&&noCache=1502433482294，耗时:8ms
[2017-08-11 14:41:39.070] [INFO] info - /resource/plugin/ueditor
[2017-08-11 14:41:39.071] [INFO] info - undefined
[2017-08-11 14:41:39.074] [INFO] info - REQUEST=======> 2017-8-11 14:41:39 [GET] /resource/plugin/ueditor?action=config&&noCache=1502433699061，耗时:4ms
[2017-08-11 14:42:35.405] [INFO] info - /resource/plugin/ueditor
[2017-08-11 14:42:35.405] [INFO] info - undefined
[2017-08-11 14:42:35.408] [INFO] info - REQUEST=======> 2017-8-11 14:42:35 [GET] /resource/plugin/ueditor?action=config&&noCache=1502433755395，耗时:3ms
[2017-08-11 14:42:46.307] [INFO] info - /resource/plugin/ueditor
[2017-08-11 14:42:46.307] [INFO] info - undefined
[2017-08-11 14:42:46.308] [INFO] info - REQUEST=======> 2017-8-11 14:42:46 [GET] /resource/plugin/ueditor?action=config&&noCache=1502433766302，耗时:1ms
[2017-08-11 14:43:25.155] [INFO] info - /resource/plugin/ueditor
[2017-08-11 14:43:25.155] [INFO] info - undefined
[2017-08-11 14:43:25.156] [INFO] info - REQUEST=======> 2017-8-11 14:43:25 [GET] /resource/plugin/ueditor?action=config&&noCache=1502433805149，耗时:1ms
[2017-08-11 14:46:00.911] [INFO] info - /resource/plugin/ueditor
[2017-08-11 14:46:00.912] [INFO] info - undefined
[2017-08-11 14:46:00.916] [INFO] info - REQUEST=======> 2017-8-11 14:46:00 [GET] /resource/plugin/ueditor?action=config&&noCache=1502433960901，耗时:5ms
[2017-08-11 14:46:21.018] [INFO] info - /resource/plugin/ueditor
[2017-08-11 14:46:21.019] [INFO] info - undefined
[2017-08-11 14:46:21.021] [INFO] info - REQUEST=======> 2017-8-11 14:46:21 [GET] /resource/plugin/ueditor?action=config&&noCache=1502433981014，耗时:3ms
[2017-08-11 14:56:02.562] [INFO] info - /resource/plugin/ueditor
[2017-08-11 14:56:02.562] [INFO] info - undefined
[2017-08-11 14:56:02.565] [INFO] info - REQUEST=======> 2017-8-11 14:56:02 [GET] /resource/plugin/ueditor?action=config&&noCache=1502434562552，耗时:3ms
[2017-08-11 14:57:51.595] [INFO] info - /resource/plugin/ueditor
[2017-08-11 14:57:51.596] [INFO] info - undefined
[2017-08-11 14:57:51.597] [INFO] info - REQUEST=======> 2017-8-11 14:57:51 [GET] /resource/plugin/ueditor?action=config&&noCache=1502434671588，耗时:2ms
[2017-08-11 14:58:12.000] [INFO] info - /resource/plugin/ueditor
[2017-08-11 14:58:12.000] [INFO] info - undefined
[2017-08-11 14:58:12.001] [INFO] info - REQUEST=======> 2017-8-11 14:58:12 [GET] /resource/plugin/ueditor?action=config&&noCache=1502434691996，耗时:1ms
[2017-08-11 14:58:52.525] [INFO] info - /resource/plugin/ueditor
[2017-08-11 14:58:52.525] [INFO] info - undefined
[2017-08-11 14:58:52.527] [INFO] info - REQUEST=======> 2017-8-11 14:58:52 [GET] /resource/plugin/ueditor?action=config&&noCache=1502434732520，耗时:2ms
[2017-08-11 15:00:55.873] [INFO] info - /system/menu/use/all
[2017-08-11 15:00:55.873] [INFO] info - undefined
[2017-08-11 15:00:55.876] [INFO] info - REQUEST=======> 2017-8-11 15:00:55 [GET] /system/menu/use/all，耗时:3ms
[2017-08-11 15:00:58.880] [INFO] info - /manage/sign/currentUser
[2017-08-11 15:00:58.880] [INFO] info - undefined
[2017-08-11 15:00:58.886] [INFO] info - REQUEST=======> 2017-8-11 15:00:58 [GET] /manage/sign/currentUser，耗时:6ms
[2017-08-11 15:01:23.658] [INFO] info - /resource/plugin/ueditor
[2017-08-11 15:01:23.658] [INFO] info - undefined
[2017-08-11 15:01:23.660] [INFO] info - REQUEST=======> 2017-8-11 15:01:23 [GET] /resource/plugin/ueditor?action=config&&noCache=1502434883639，耗时:2ms
[2017-08-11 15:01:25.267] [INFO] info - /resource/plugin/ueditor
[2017-08-11 15:01:25.267] [INFO] info - undefined
[2017-08-11 15:01:25.268] [INFO] info - REQUEST=======> 2017-8-11 15:01:25 [GET] /resource/plugin/ueditor?action=config&&noCache=1502434885263，耗时:1ms
[2017-08-11 15:02:01.227] [INFO] info - /resource/plugin/ueditor
[2017-08-11 15:02:01.227] [INFO] info - undefined
[2017-08-11 15:02:01.229] [INFO] info - REQUEST=======> 2017-8-11 15:02:01 [GET] /resource/plugin/ueditor?action=config&&noCache=1502434921222，耗时:2ms
[2017-08-11 15:02:31.526] [INFO] info - /resource/plugin/ueditor
[2017-08-11 15:02:31.526] [INFO] info - undefined
[2017-08-11 15:02:31.529] [INFO] info - REQUEST=======> 2017-8-11 15:02:31 [GET] /resource/plugin/ueditor?action=config&&noCache=1502434951522，耗时:3ms
[2017-08-11 15:05:32.080] [INFO] info - /resource/plugin/ueditor
[2017-08-11 15:05:32.080] [INFO] info - undefined
[2017-08-11 15:05:32.082] [INFO] info - REQUEST=======> 2017-8-11 15:05:32 [GET] /resource/plugin/ueditor?action=config&&noCache=1502435132065，耗时:2ms
[2017-08-11 15:05:58.762] [INFO] info - /resource/plugin/ueditor
[2017-08-11 15:05:58.762] [INFO] info - undefined
[2017-08-11 15:05:58.764] [INFO] info - REQUEST=======> 2017-8-11 15:05:58 [GET] /resource/plugin/ueditor?action=config&&noCache=1502435158757，耗时:2ms
[2017-08-11 15:13:20.877] [INFO] info - /manage/sign/login
[2017-08-11 15:13:20.877] [INFO] info - application/x-www-form-urlencoded; charset=UTF-8
[2017-08-11 15:13:20.892] [INFO] info - REQUEST=======> 2017-8-11 15:13:20 [POST] /manage/sign/login，耗时:15ms
[2017-08-11 15:13:21.130] [INFO] info - /manage/account
[2017-08-11 15:13:21.131] [INFO] info - undefined
[2017-08-11 15:13:21.138] [INFO] info - REQUEST=======> 2017-8-11 15:13:21 [GET] /manage/account?pageNumber=1&pageSize=10，耗时:8ms
