[2017-07-21 08:29:48.191] [INFO] info - Redis connecting!
[2017-07-21 08:29:48.307] [INFO] info - 刷新缓存：DICTIONARY_ITEM_USE_ALL
[2017-07-21 08:29:48.380] [INFO] info - 刷新缓存：MENU_USE_ALL
[2017-07-21 08:29:48.424] [INFO] info - 刷新缓存：SYSTEMVARIABLE_USE_ALL
[2017-07-21 08:29:49.053] [INFO] info - Redis auth pass!
[2017-07-21 08:39:13.382] [INFO] info - /system/dictionaryItem/use/all
[2017-07-21 08:39:13.383] [INFO] info - undefined
[2017-07-21 08:39:13.390] [INFO] info - REQUEST=======> 2017-7-21 08:39:13 [GET] /system/dictionaryItem/use/all，耗时:8ms
[2017-07-21 08:39:13.394] [INFO] info - /system/menu/use/all
[2017-07-21 08:39:13.394] [INFO] info - undefined
[2017-07-21 08:39:13.396] [INFO] info - REQUEST=======> 2017-7-21 08:39:13 [GET] /system/menu/use/all，耗时:2ms
[2017-07-21 08:39:16.280] [INFO] info - /manage/sign/currentUser
[2017-07-21 08:39:16.280] [INFO] info - undefined
[2017-07-21 08:39:16.288] [INFO] info - REQUEST=======> 2017-7-21 08:39:16 [GET] /manage/sign/currentUser，耗时:8ms
[2017-07-21 08:39:19.995] [INFO] info - /manage/sign/login
[2017-07-21 08:39:19.995] [INFO] info - application/x-www-form-urlencoded; charset=UTF-8
[2017-07-21 08:39:20.182] [INFO] info - REQUEST=======> 2017-7-21 08:39:19 [POST] /manage/sign/login，耗时:187ms
[2017-07-21 08:39:20.333] [INFO] info - /manage/account
[2017-07-21 08:39:20.333] [INFO] info - undefined
[2017-07-21 08:39:20.340] [INFO] info - REQUEST=======> 2017-7-21 08:39:20 [GET] /manage/account?pageNumber=1&pageSize=10，耗时:7ms
[2017-07-21 08:39:26.884] [INFO] info - /system/dictionaryItem/use/all
[2017-07-21 08:39:26.884] [INFO] info - undefined
[2017-07-21 08:39:26.887] [INFO] info - REQUEST=======> 2017-7-21 08:39:26 [GET] /system/dictionaryItem/use/all，耗时:3ms
[2017-07-21 08:39:26.889] [INFO] info - /system/menu/use/all
[2017-07-21 08:39:26.889] [INFO] info - undefined
[2017-07-21 08:39:26.892] [INFO] info - REQUEST=======> 2017-7-21 08:39:26 [GET] /system/menu/use/all，耗时:3ms
[2017-07-21 08:39:26.913] [INFO] info - /manage/sign/currentUser
[2017-07-21 08:39:26.913] [INFO] info - undefined
[2017-07-21 08:39:26.916] [INFO] info - REQUEST=======> 2017-7-21 08:39:26 [GET] /manage/sign/currentUser，耗时:3ms
[2017-07-21 08:39:27.105] [INFO] info - /manage/account
[2017-07-21 08:39:27.106] [INFO] info - undefined
[2017-07-21 08:39:27.113] [INFO] info - REQUEST=======> 2017-7-21 08:39:27 [GET] /manage/account?pageNumber=1&pageSize=10，耗时:8ms
[2017-07-21 08:39:48.084] [INFO] info - /system/dictionaryItem/use/all
[2017-07-21 08:39:48.084] [INFO] info - undefined
[2017-07-21 08:39:48.085] [INFO] info - REQUEST=======> 2017-7-21 08:39:48 [GET] /system/dictionaryItem/use/all，耗时:1ms
[2017-07-21 08:39:48.086] [INFO] info - /system/menu/use/all
[2017-07-21 08:39:48.087] [INFO] info - undefined
[2017-07-21 08:39:48.089] [INFO] info - REQUEST=======> 2017-7-21 08:39:48 [GET] /system/menu/use/all，耗时:3ms
[2017-07-21 08:39:48.115] [INFO] info - /manage/sign/currentUser
[2017-07-21 08:39:48.115] [INFO] info - undefined
[2017-07-21 08:39:48.117] [INFO] info - REQUEST=======> 2017-7-21 08:39:48 [GET] /manage/sign/currentUser，耗时:2ms
[2017-07-21 08:40:01.719] [INFO] info - /system/dictionaryItem/use/all
[2017-07-21 08:40:01.719] [INFO] info - undefined
[2017-07-21 08:40:01.720] [INFO] info - REQUEST=======> 2017-7-21 08:40:01 [GET] /system/dictionaryItem/use/all，耗时:1ms
[2017-07-21 08:40:01.722] [INFO] info - /system/menu/use/all
[2017-07-21 08:40:01.722] [INFO] info - undefined
[2017-07-21 08:40:01.724] [INFO] info - REQUEST=======> 2017-7-21 08:40:01 [GET] /system/menu/use/all，耗时:2ms
[2017-07-21 08:40:01.741] [INFO] info - /manage/sign/currentUser
[2017-07-21 08:40:01.741] [INFO] info - undefined
[2017-07-21 08:40:01.742] [INFO] info - REQUEST=======> 2017-7-21 08:40:01 [GET] /manage/sign/currentUser，耗时:1ms
[2017-07-21 11:38:53.709] [INFO] info - /system/dictionaryItem/use/all
[2017-07-21 11:38:53.709] [INFO] info - undefined
[2017-07-21 11:38:53.710] [INFO] info - REQUEST=======> 2017-7-21 11:38:53 [GET] /system/dictionaryItem/use/all，耗时:1ms
[2017-07-21 11:38:53.712] [INFO] info - /system/menu/use/all
[2017-07-21 11:38:53.712] [INFO] info - undefined
[2017-07-21 11:38:53.714] [INFO] info - REQUEST=======> 2017-7-21 11:38:53 [GET] /system/menu/use/all，耗时:2ms
[2017-07-21 11:38:53.739] [INFO] info - /manage/sign/currentUser
[2017-07-21 11:38:53.740] [INFO] info - undefined
[2017-07-21 11:38:53.743] [INFO] info - REQUEST=======> 2017-7-21 11:38:53 [GET] /manage/sign/currentUser，耗时:4ms
[2017-07-21 11:38:57.669] [INFO] info - /manage/sign/login
[2017-07-21 11:38:57.670] [INFO] info - application/x-www-form-urlencoded; charset=UTF-8
[2017-07-21 11:38:57.676] [INFO] info - REQUEST=======> 2017-7-21 11:38:57 [POST] /manage/sign/login，耗时:7ms
[2017-07-21 11:38:57.820] [INFO] info - /manage/account
[2017-07-21 11:38:57.820] [INFO] info - undefined
[2017-07-21 11:38:57.827] [INFO] info - REQUEST=======> 2017-7-21 11:38:57 [GET] /manage/account?pageNumber=1&pageSize=10，耗时:7ms
[2017-07-21 11:47:10.074] [INFO] info - /system/dictionaryItem/use/all
[2017-07-21 11:47:10.074] [INFO] info - undefined
[2017-07-21 11:47:10.075] [INFO] info - REQUEST=======> 2017-7-21 11:47:10 [GET] /system/dictionaryItem/use/all，耗时:1ms
[2017-07-21 11:47:10.077] [INFO] info - /system/menu/use/all
[2017-07-21 11:47:10.077] [INFO] info - undefined
[2017-07-21 11:47:10.078] [INFO] info - REQUEST=======> 2017-7-21 11:47:10 [GET] /system/menu/use/all，耗时:1ms
[2017-07-21 11:47:12.345] [INFO] info - /manage/sign/currentUser
[2017-07-21 11:47:12.346] [INFO] info - undefined
[2017-07-21 11:47:12.346] [INFO] info - REQUEST=======> 2017-7-21 11:47:12 [GET] /manage/sign/currentUser，耗时:1ms
[2017-07-21 12:21:52.199] [INFO] info - /system/dictionaryType
[2017-07-21 12:21:52.199] [INFO] info - undefined
[2017-07-21 12:21:52.209] [INFO] info - REQUEST=======> 2017-7-21 12:21:52 [GET] /system/dictionaryType?pageNumber=1&pageSize=10，耗时:10ms
[2017-07-21 12:21:53.973] [INFO] info - /system/dictionaryItem/use/all
[2017-07-21 12:21:53.973] [INFO] info - undefined
[2017-07-21 12:21:53.974] [INFO] info - REQUEST=======> 2017-7-21 12:21:53 [GET] /system/dictionaryItem/use/all，耗时:1ms
[2017-07-21 12:21:53.977] [INFO] info - /system/menu/use/all
[2017-07-21 12:21:53.977] [INFO] info - undefined
[2017-07-21 12:21:53.979] [INFO] info - REQUEST=======> 2017-7-21 12:21:53 [GET] /system/menu/use/all，耗时:2ms
[2017-07-21 12:21:54.030] [INFO] info - /manage/sign/currentUser
[2017-07-21 12:21:54.030] [INFO] info - undefined
[2017-07-21 12:21:54.032] [INFO] info - REQUEST=======> 2017-7-21 12:21:54 [GET] /manage/sign/currentUser，耗时:2ms
[2017-07-21 12:21:54.210] [INFO] info - /system/dictionaryType
[2017-07-21 12:21:54.211] [INFO] info - undefined
[2017-07-21 12:21:54.215] [INFO] info - REQUEST=======> 2017-7-21 12:21:54 [GET] /system/dictionaryType?pageNumber=1&pageSize=10，耗时:5ms
[2017-07-21 12:22:20.081] [INFO] info - /manage/account
[2017-07-21 12:22:20.081] [INFO] info - undefined
[2017-07-21 12:22:20.088] [INFO] info - REQUEST=======> 2017-7-21 12:22:20 [GET] /manage/account?pageNumber=1&pageSize=10，耗时:7ms
[2017-07-21 12:22:24.331] [INFO] info - /system/dictionaryType
[2017-07-21 12:22:24.332] [INFO] info - undefined
[2017-07-21 12:22:24.339] [INFO] info - REQUEST=======> 2017-7-21 12:22:24 [GET] /system/dictionaryType?pageNumber=1&pageSize=10，耗时:8ms
[2017-07-21 12:22:49.049] [INFO] info - /system/dictionaryType
[2017-07-21 12:22:49.050] [INFO] info - undefined
[2017-07-21 12:22:49.055] [INFO] info - REQUEST=======> 2017-7-21 12:22:49 [GET] /system/dictionaryType?pageNumber=2&pageSize=10，耗时:6ms
[2017-07-21 12:22:52.896] [INFO] info - /system/dictionaryType
[2017-07-21 12:22:52.897] [INFO] info - undefined
[2017-07-21 12:22:52.902] [INFO] info - REQUEST=======> 2017-7-21 12:22:52 [GET] /system/dictionaryType?pageNumber=3&pageSize=10，耗时:6ms
[2017-07-21 12:23:10.528] [INFO] info - /system/dictionaryType
[2017-07-21 12:23:10.528] [INFO] info - undefined
[2017-07-21 12:23:10.535] [INFO] info - REQUEST=======> 2017-7-21 12:23:10 [GET] /system/dictionaryType?keyword=TASK_STATUS&pageNumber=1&pageSize=10，耗时:7ms
[2017-07-21 12:25:30.768] [INFO] info - /system/dictionaryItem/use/all
[2017-07-21 12:25:30.769] [INFO] info - undefined
[2017-07-21 12:25:30.770] [INFO] info - REQUEST=======> 2017-7-21 12:25:30 [GET] /system/dictionaryItem/use/all，耗时:2ms
[2017-07-21 12:25:30.771] [INFO] info - /system/menu/use/all
[2017-07-21 12:25:30.771] [INFO] info - undefined
[2017-07-21 12:25:30.772] [INFO] info - REQUEST=======> 2017-7-21 12:25:30 [GET] /system/menu/use/all，耗时:1ms
[2017-07-21 12:25:30.854] [INFO] info - /manage/sign/currentUser
[2017-07-21 12:25:30.854] [INFO] info - undefined
[2017-07-21 12:25:30.855] [INFO] info - REQUEST=======> 2017-7-21 12:25:30 [GET] /manage/sign/currentUser，耗时:1ms
[2017-07-21 12:25:31.054] [INFO] info - /system/dictionaryType
[2017-07-21 12:25:31.054] [INFO] info - undefined
[2017-07-21 12:25:31.059] [INFO] info - REQUEST=======> 2017-7-21 12:25:31 [GET] /system/dictionaryType?pageNumber=1&pageSize=10，耗时:5ms
[2017-07-21 12:25:49.077] [INFO] info - /system/dictionaryItem/use/all
[2017-07-21 12:25:49.077] [INFO] info - undefined
[2017-07-21 12:25:49.078] [INFO] info - REQUEST=======> 2017-7-21 12:25:49 [GET] /system/dictionaryItem/use/all，耗时:1ms
[2017-07-21 12:25:49.079] [INFO] info - /system/menu/use/all
[2017-07-21 12:25:49.079] [INFO] info - undefined
[2017-07-21 12:25:49.081] [INFO] info - REQUEST=======> 2017-7-21 12:25:49 [GET] /system/menu/use/all，耗时:2ms
[2017-07-21 12:25:49.120] [INFO] info - /manage/sign/currentUser
[2017-07-21 12:25:49.120] [INFO] info - undefined
[2017-07-21 12:25:49.121] [INFO] info - REQUEST=======> 2017-7-21 12:25:49 [GET] /manage/sign/currentUser，耗时:1ms
[2017-07-21 12:25:49.463] [INFO] info - /system/dictionaryType
[2017-07-21 12:25:49.463] [INFO] info - undefined
[2017-07-21 12:25:49.467] [INFO] info - REQUEST=======> 2017-7-21 12:25:49 [GET] /system/dictionaryType?pageNumber=1&pageSize=10，耗时:4ms
[2017-07-21 12:25:53.062] [INFO] info - /system/menu/use/all
[2017-07-21 12:25:53.062] [INFO] info - undefined
[2017-07-21 12:25:53.063] [INFO] info - REQUEST=======> 2017-7-21 12:25:53 [GET] /system/menu/use/all，耗时:1ms
[2017-07-21 12:25:56.929] [INFO] info - /system/dictionaryType
[2017-07-21 12:25:56.929] [INFO] info - undefined
[2017-07-21 12:25:56.933] [INFO] info - REQUEST=======> 2017-7-21 12:25:56 [GET] /system/dictionaryType?pageNumber=1&pageSize=10，耗时:4ms
[2017-07-21 12:26:26.794] [INFO] info - /system/dictionaryItem/use/all
[2017-07-21 12:26:26.794] [INFO] info - undefined
[2017-07-21 12:26:26.795] [INFO] info - REQUEST=======> 2017-7-21 12:26:26 [GET] /system/dictionaryItem/use/all，耗时:1ms
[2017-07-21 12:26:26.798] [INFO] info - /system/menu/use/all
[2017-07-21 12:26:26.798] [INFO] info - undefined
[2017-07-21 12:26:26.799] [INFO] info - REQUEST=======> 2017-7-21 12:26:26 [GET] /system/menu/use/all，耗时:1ms
[2017-07-21 12:26:26.846] [INFO] info - /manage/sign/currentUser
[2017-07-21 12:26:26.846] [INFO] info - undefined
[2017-07-21 12:26:26.847] [INFO] info - REQUEST=======> 2017-7-21 12:26:26 [GET] /manage/sign/currentUser，耗时:1ms
[2017-07-21 12:26:27.212] [INFO] info - /system/dictionaryType
[2017-07-21 12:26:27.212] [INFO] info - undefined
[2017-07-21 12:26:27.216] [INFO] info - REQUEST=======> 2017-7-21 12:26:27 [GET] /system/dictionaryType?pageNumber=1&pageSize=10，耗时:4ms
[2017-07-21 12:26:30.175] [INFO] info - /system/dictionaryItem/use/all
[2017-07-21 12:26:30.175] [INFO] info - undefined
[2017-07-21 12:26:30.176] [INFO] info - REQUEST=======> 2017-7-21 12:26:30 [GET] /system/dictionaryItem/use/all，耗时:1ms
[2017-07-21 12:26:30.177] [INFO] info - /system/menu/use/all
[2017-07-21 12:26:30.177] [INFO] info - undefined
[2017-07-21 12:26:30.178] [INFO] info - REQUEST=======> 2017-7-21 12:26:30 [GET] /system/menu/use/all，耗时:1ms
[2017-07-21 12:26:30.221] [INFO] info - /manage/sign/currentUser
[2017-07-21 12:26:30.221] [INFO] info - undefined
[2017-07-21 12:26:30.222] [INFO] info - REQUEST=======> 2017-7-21 12:26:30 [GET] /manage/sign/currentUser，耗时:1ms
[2017-07-21 12:26:30.578] [INFO] info - /system/dictionaryType
[2017-07-21 12:26:30.578] [INFO] info - undefined
[2017-07-21 12:26:30.583] [INFO] info - REQUEST=======> 2017-7-21 12:26:30 [GET] /system/dictionaryType?pageNumber=1&pageSize=10，耗时:5ms
[2017-07-21 12:27:00.720] [INFO] info - /system/dictionaryItem/use/all
[2017-07-21 12:27:00.720] [INFO] info - undefined
[2017-07-21 12:27:00.720] [INFO] info - /system/menu/use/all
[2017-07-21 12:27:00.720] [INFO] info - undefined
[2017-07-21 12:27:00.723] [INFO] info - REQUEST=======> 2017-7-21 12:27:00 [GET] /system/dictionaryItem/use/all，耗时:3ms
[2017-07-21 12:27:00.724] [INFO] info - REQUEST=======> 2017-7-21 12:27:00 [GET] /system/menu/use/all，耗时:4ms
[2017-07-21 12:27:00.763] [INFO] info - /manage/sign/currentUser
[2017-07-21 12:27:00.763] [INFO] info - undefined
[2017-07-21 12:27:00.763] [INFO] info - REQUEST=======> 2017-7-21 12:27:00 [GET] /manage/sign/currentUser，耗时:1ms
[2017-07-21 12:27:33.871] [INFO] info - /system/dictionaryItem/use/all
[2017-07-21 12:27:33.871] [INFO] info - undefined
[2017-07-21 12:27:33.872] [INFO] info - REQUEST=======> 2017-7-21 12:27:33 [GET] /system/dictionaryItem/use/all，耗时:1ms
[2017-07-21 12:27:33.873] [INFO] info - /system/menu/use/all
[2017-07-21 12:27:33.873] [INFO] info - undefined
[2017-07-21 12:27:33.874] [INFO] info - REQUEST=======> 2017-7-21 12:27:33 [GET] /system/menu/use/all，耗时:1ms
[2017-07-21 12:27:33.910] [INFO] info - /manage/sign/currentUser
[2017-07-21 12:27:33.910] [INFO] info - undefined
[2017-07-21 12:27:33.911] [INFO] info - REQUEST=======> 2017-7-21 12:27:33 [GET] /manage/sign/currentUser，耗时:1ms
[2017-07-21 12:28:48.584] [INFO] info - /system/dictionaryItem/use/all
[2017-07-21 12:28:48.584] [INFO] info - undefined
[2017-07-21 12:28:48.586] [INFO] info - REQUEST=======> 2017-7-21 12:28:48 [GET] /system/dictionaryItem/use/all，耗时:2ms
[2017-07-21 12:28:48.587] [INFO] info - /system/menu/use/all
[2017-07-21 12:28:48.587] [INFO] info - undefined
[2017-07-21 12:28:48.588] [INFO] info - REQUEST=======> 2017-7-21 12:28:48 [GET] /system/menu/use/all，耗时:1ms
[2017-07-21 12:28:48.634] [INFO] info - /manage/sign/currentUser
[2017-07-21 12:28:48.634] [INFO] info - undefined
[2017-07-21 12:28:48.636] [INFO] info - REQUEST=======> 2017-7-21 12:28:48 [GET] /manage/sign/currentUser，耗时:2ms
[2017-07-21 12:29:29.165] [INFO] info - /system/dictionaryItem/use/all
[2017-07-21 12:29:29.165] [INFO] info - undefined
[2017-07-21 12:29:29.166] [INFO] info - REQUEST=======> 2017-7-21 12:29:29 [GET] /system/dictionaryItem/use/all，耗时:1ms
[2017-07-21 12:29:29.167] [INFO] info - /system/menu/use/all
[2017-07-21 12:29:29.167] [INFO] info - undefined
[2017-07-21 12:29:29.169] [INFO] info - REQUEST=======> 2017-7-21 12:29:29 [GET] /system/menu/use/all，耗时:2ms
[2017-07-21 12:29:29.222] [INFO] info - /manage/sign/currentUser
[2017-07-21 12:29:29.222] [INFO] info - undefined
[2017-07-21 12:29:29.223] [INFO] info - REQUEST=======> 2017-7-21 12:29:29 [GET] /manage/sign/currentUser，耗时:1ms
[2017-07-21 12:29:48.045] [INFO] info - /system/dictionaryItem/use/all
[2017-07-21 12:29:48.046] [INFO] info - undefined
[2017-07-21 12:29:48.047] [INFO] info - REQUEST=======> 2017-7-21 12:29:48 [GET] /system/dictionaryItem/use/all，耗时:2ms
[2017-07-21 12:29:48.048] [INFO] info - /system/menu/use/all
[2017-07-21 12:29:48.048] [INFO] info - undefined
[2017-07-21 12:29:48.049] [INFO] info - REQUEST=======> 2017-7-21 12:29:48 [GET] /system/menu/use/all，耗时:1ms
[2017-07-21 12:29:48.094] [INFO] info - /manage/sign/currentUser
[2017-07-21 12:29:48.094] [INFO] info - undefined
[2017-07-21 12:29:48.096] [INFO] info - REQUEST=======> 2017-7-21 12:29:48 [GET] /manage/sign/currentUser，耗时:2ms
[2017-07-21 12:30:00.679] [INFO] info - /system/dictionaryItem/use/all
[2017-07-21 12:30:00.679] [INFO] info - undefined
[2017-07-21 12:30:00.681] [INFO] info - REQUEST=======> 2017-7-21 12:30:00 [GET] /system/dictionaryItem/use/all，耗时:2ms
[2017-07-21 12:30:00.682] [INFO] info - /system/menu/use/all
[2017-07-21 12:30:00.682] [INFO] info - undefined
[2017-07-21 12:30:00.684] [INFO] info - REQUEST=======> 2017-7-21 12:30:00 [GET] /system/menu/use/all，耗时:2ms
[2017-07-21 12:30:00.729] [INFO] info - /manage/sign/currentUser
[2017-07-21 12:30:00.729] [INFO] info - undefined
[2017-07-21 12:30:00.730] [INFO] info - REQUEST=======> 2017-7-21 12:30:00 [GET] /manage/sign/currentUser，耗时:1ms
[2017-07-21 12:30:21.776] [INFO] info - /system/dictionaryType
[2017-07-21 12:30:21.776] [INFO] info - application/x-www-form-urlencoded; charset=UTF-8
[2017-07-21 12:30:21.784] [INFO] info - REQUEST=======> 2017-7-21 12:30:21 [POST] /system/dictionaryType，耗时:8ms
[2017-07-21 12:30:45.792] [INFO] info - /system/dictionaryItem/use/all
[2017-07-21 12:30:45.792] [INFO] info - undefined
[2017-07-21 12:30:45.793] [INFO] info - REQUEST=======> 2017-7-21 12:30:45 [GET] /system/dictionaryItem/use/all，耗时:1ms
[2017-07-21 12:30:45.801] [INFO] info - /system/menu/use/all
[2017-07-21 12:30:45.802] [INFO] info - undefined
[2017-07-21 12:30:45.803] [INFO] info - REQUEST=======> 2017-7-21 12:30:45 [GET] /system/menu/use/all，耗时:2ms
[2017-07-21 12:30:45.879] [INFO] info - /manage/sign/currentUser
[2017-07-21 12:30:45.879] [INFO] info - undefined
[2017-07-21 12:30:45.880] [INFO] info - REQUEST=======> 2017-7-21 12:30:45 [GET] /manage/sign/currentUser，耗时:1ms
[2017-07-21 12:31:00.086] [INFO] info - /system/dictionaryItem/use/all
[2017-07-21 12:31:00.086] [INFO] info - undefined
[2017-07-21 12:31:00.087] [INFO] info - REQUEST=======> 2017-7-21 12:31:00 [GET] /system/dictionaryItem/use/all，耗时:1ms
[2017-07-21 12:31:00.088] [INFO] info - /system/menu/use/all
[2017-07-21 12:31:00.088] [INFO] info - undefined
[2017-07-21 12:31:00.089] [INFO] info - REQUEST=======> 2017-7-21 12:31:00 [GET] /system/menu/use/all，耗时:1ms
[2017-07-21 12:31:00.138] [INFO] info - /manage/sign/currentUser
[2017-07-21 12:31:00.138] [INFO] info - undefined
[2017-07-21 12:31:00.140] [INFO] info - REQUEST=======> 2017-7-21 12:31:00 [GET] /manage/sign/currentUser，耗时:2ms
[2017-07-21 12:31:19.578] [INFO] info - /system/dictionaryItem/use/all
[2017-07-21 12:31:19.579] [INFO] info - undefined
[2017-07-21 12:31:19.579] [INFO] info - REQUEST=======> 2017-7-21 12:31:19 [GET] /system/dictionaryItem/use/all，耗时:1ms
[2017-07-21 12:31:19.581] [INFO] info - /system/menu/use/all
[2017-07-21 12:31:19.581] [INFO] info - undefined
[2017-07-21 12:31:19.582] [INFO] info - REQUEST=======> 2017-7-21 12:31:19 [GET] /system/menu/use/all，耗时:1ms
[2017-07-21 12:31:19.644] [INFO] info - /manage/sign/currentUser
[2017-07-21 12:31:19.644] [INFO] info - undefined
[2017-07-21 12:31:19.644] [INFO] info - REQUEST=======> 2017-7-21 12:31:19 [GET] /manage/sign/currentUser，耗时:0ms
[2017-07-21 12:31:28.220] [INFO] info - /system/dictionaryItem/use/all
[2017-07-21 12:31:28.220] [INFO] info - undefined
[2017-07-21 12:31:28.221] [INFO] info - REQUEST=======> 2017-7-21 12:31:28 [GET] /system/dictionaryItem/use/all，耗时:1ms
[2017-07-21 12:31:28.222] [INFO] info - /system/menu/use/all
[2017-07-21 12:31:28.222] [INFO] info - undefined
[2017-07-21 12:31:28.223] [INFO] info - REQUEST=======> 2017-7-21 12:31:28 [GET] /system/menu/use/all，耗时:1ms
[2017-07-21 12:31:28.267] [INFO] info - /manage/sign/currentUser
[2017-07-21 12:31:28.268] [INFO] info - undefined
[2017-07-21 12:31:28.269] [INFO] info - REQUEST=======> 2017-7-21 12:31:28 [GET] /manage/sign/currentUser，耗时:2ms
[2017-07-21 13:51:42.889] [INFO] info - /system/dictionaryItem/use/all
[2017-07-21 13:51:42.889] [INFO] info - undefined
[2017-07-21 13:51:42.890] [INFO] info - REQUEST=======> 2017-7-21 13:51:42 [GET] /system/dictionaryItem/use/all，耗时:1ms
[2017-07-21 13:51:42.893] [INFO] info - /system/menu/use/all
[2017-07-21 13:51:42.893] [INFO] info - undefined
[2017-07-21 13:51:42.895] [INFO] info - REQUEST=======> 2017-7-21 13:51:42 [GET] /system/menu/use/all，耗时:2ms
[2017-07-21 13:51:42.938] [INFO] info - /manage/sign/currentUser
[2017-07-21 13:51:42.938] [INFO] info - undefined
[2017-07-21 13:51:42.941] [INFO] info - REQUEST=======> 2017-7-21 13:51:42 [GET] /manage/sign/currentUser，耗时:3ms
[2017-07-21 13:51:48.375] [INFO] info - /manage/sign/login
[2017-07-21 13:51:48.375] [INFO] info - application/x-www-form-urlencoded; charset=UTF-8
[2017-07-21 13:51:48.383] [INFO] info - REQUEST=======> 2017-7-21 13:51:48 [POST] /manage/sign/login，耗时:8ms
[2017-07-21 13:51:48.538] [INFO] info - /manage/account
[2017-07-21 13:51:48.538] [INFO] info - undefined
[2017-07-21 13:51:48.542] [INFO] info - REQUEST=======> 2017-7-21 13:51:48 [GET] /manage/account?pageNumber=1&pageSize=10，耗时:4ms
[2017-07-21 13:51:50.257] [INFO] info - /system/role
[2017-07-21 13:51:50.257] [INFO] info - undefined
[2017-07-21 13:51:50.263] [INFO] info - REQUEST=======> 2017-7-21 13:51:50 [GET] /system/role?pageNumber=1&pageSize=10000，耗时:6ms
[2017-07-21 13:53:02.586] [INFO] info - /system/dictionaryItem/use/all
[2017-07-21 13:53:02.586] [INFO] info - undefined
[2017-07-21 13:53:02.588] [INFO] info - REQUEST=======> 2017-7-21 13:53:02 [GET] /system/dictionaryItem/use/all，耗时:2ms
[2017-07-21 13:53:02.589] [INFO] info - /system/menu/use/all
[2017-07-21 13:53:02.589] [INFO] info - undefined
[2017-07-21 13:53:02.591] [INFO] info - REQUEST=======> 2017-7-21 13:53:02 [GET] /system/menu/use/all，耗时:2ms
[2017-07-21 13:53:02.633] [INFO] info - /manage/sign/currentUser
[2017-07-21 13:53:02.634] [INFO] info - undefined
[2017-07-21 13:53:02.635] [INFO] info - REQUEST=======> 2017-7-21 13:53:02 [GET] /manage/sign/currentUser，耗时:2ms
[2017-07-21 13:54:51.075] [INFO] info - /system/menu/use/all
[2017-07-21 13:54:51.075] [INFO] info - undefined
[2017-07-21 13:54:51.075] [INFO] info - /system/dictionaryItem/use/all
[2017-07-21 13:54:51.076] [INFO] info - undefined
[2017-07-21 13:54:51.078] [INFO] info - REQUEST=======> 2017-7-21 13:54:51 [GET] /system/dictionaryItem/use/all，耗时:3ms
[2017-07-21 13:54:51.079] [INFO] info - REQUEST=======> 2017-7-21 13:54:51 [GET] /system/menu/use/all，耗时:4ms
[2017-07-21 13:54:51.235] [INFO] info - /manage/sign/currentUser
[2017-07-21 13:54:51.235] [INFO] info - undefined
[2017-07-21 13:54:51.237] [INFO] info - REQUEST=======> 2017-7-21 13:54:51 [GET] /manage/sign/currentUser，耗时:2ms
[2017-07-21 13:55:02.872] [INFO] info - /system/dictionaryItem/use/all
[2017-07-21 13:55:02.872] [INFO] info - undefined
[2017-07-21 13:55:02.873] [INFO] info - REQUEST=======> 2017-7-21 13:55:02 [GET] /system/dictionaryItem/use/all，耗时:1ms
[2017-07-21 13:55:02.875] [INFO] info - /system/menu/use/all
[2017-07-21 13:55:02.876] [INFO] info - undefined
[2017-07-21 13:55:02.877] [INFO] info - REQUEST=======> 2017-7-21 13:55:02 [GET] /system/menu/use/all，耗时:2ms
[2017-07-21 13:55:02.931] [INFO] info - /manage/sign/currentUser
[2017-07-21 13:55:02.931] [INFO] info - undefined
[2017-07-21 13:55:02.932] [INFO] info - REQUEST=======> 2017-7-21 13:55:02 [GET] /manage/sign/currentUser，耗时:1ms
[2017-07-21 13:55:09.465] [INFO] info - /system/dictionaryItem/use/all
[2017-07-21 13:55:09.465] [INFO] info - undefined
[2017-07-21 13:55:09.467] [INFO] info - REQUEST=======> 2017-7-21 13:55:09 [GET] /system/dictionaryItem/use/all，耗时:2ms
[2017-07-21 13:55:09.468] [INFO] info - /system/menu/use/all
[2017-07-21 13:55:09.468] [INFO] info - undefined
[2017-07-21 13:55:09.469] [INFO] info - REQUEST=======> 2017-7-21 13:55:09 [GET] /system/menu/use/all，耗时:1ms
[2017-07-21 13:55:09.520] [INFO] info - /manage/sign/currentUser
[2017-07-21 13:55:09.520] [INFO] info - undefined
[2017-07-21 13:55:09.521] [INFO] info - REQUEST=======> 2017-7-21 13:55:09 [GET] /manage/sign/currentUser，耗时:1ms
[2017-07-21 13:56:34.258] [INFO] info - /system/dictionaryItem/use/all
[2017-07-21 13:56:34.259] [INFO] info - undefined
[2017-07-21 13:56:34.260] [INFO] info - REQUEST=======> 2017-7-21 13:56:34 [GET] /system/dictionaryItem/use/all，耗时:2ms
[2017-07-21 13:56:34.262] [INFO] info - /system/menu/use/all
[2017-07-21 13:56:34.262] [INFO] info - undefined
[2017-07-21 13:56:34.264] [INFO] info - REQUEST=======> 2017-7-21 13:56:34 [GET] /system/menu/use/all，耗时:2ms
[2017-07-21 13:56:34.303] [INFO] info - /manage/sign/currentUser
[2017-07-21 13:56:34.304] [INFO] info - undefined
[2017-07-21 13:56:34.304] [INFO] info - REQUEST=======> 2017-7-21 13:56:34 [GET] /manage/sign/currentUser，耗时:1ms
[2017-07-21 13:57:16.328] [INFO] info - /system/dictionaryItem/use/all
[2017-07-21 13:57:16.329] [INFO] info - undefined
[2017-07-21 13:57:16.330] [INFO] info - REQUEST=======> 2017-7-21 13:57:16 [GET] /system/dictionaryItem/use/all，耗时:2ms
[2017-07-21 13:57:16.331] [INFO] info - /system/menu/use/all
[2017-07-21 13:57:16.332] [INFO] info - undefined
[2017-07-21 13:57:16.333] [INFO] info - REQUEST=======> 2017-7-21 13:57:16 [GET] /system/menu/use/all，耗时:2ms
[2017-07-21 13:57:16.383] [INFO] info - /manage/sign/currentUser
[2017-07-21 13:57:16.384] [INFO] info - undefined
[2017-07-21 13:57:16.385] [INFO] info - REQUEST=======> 2017-7-21 13:57:16 [GET] /manage/sign/currentUser，耗时:2ms
[2017-07-21 13:57:42.333] [INFO] info - /system/dictionaryItem/use/all
[2017-07-21 13:57:42.333] [INFO] info - undefined
[2017-07-21 13:57:42.334] [INFO] info - REQUEST=======> 2017-7-21 13:57:42 [GET] /system/dictionaryItem/use/all，耗时:1ms
[2017-07-21 13:57:42.340] [INFO] info - /system/menu/use/all
[2017-07-21 13:57:42.340] [INFO] info - undefined
[2017-07-21 13:57:42.341] [INFO] info - REQUEST=======> 2017-7-21 13:57:42 [GET] /system/menu/use/all，耗时:1ms
[2017-07-21 13:57:42.389] [INFO] info - /manage/sign/currentUser
[2017-07-21 13:57:42.389] [INFO] info - undefined
[2017-07-21 13:57:42.390] [INFO] info - REQUEST=======> 2017-7-21 13:57:42 [GET] /manage/sign/currentUser，耗时:1ms
[2017-07-21 13:59:46.654] [INFO] info - /system/dictionaryItem/use/all
[2017-07-21 13:59:46.654] [INFO] info - undefined
[2017-07-21 13:59:46.655] [INFO] info - REQUEST=======> 2017-7-21 13:59:46 [GET] /system/dictionaryItem/use/all，耗时:1ms
[2017-07-21 13:59:46.656] [INFO] info - /system/menu/use/all
[2017-07-21 13:59:46.656] [INFO] info - undefined
[2017-07-21 13:59:46.657] [INFO] info - REQUEST=======> 2017-7-21 13:59:46 [GET] /system/menu/use/all，耗时:1ms
[2017-07-21 13:59:46.713] [INFO] info - /manage/sign/currentUser
[2017-07-21 13:59:46.713] [INFO] info - undefined
[2017-07-21 13:59:46.714] [INFO] info - REQUEST=======> 2017-7-21 13:59:46 [GET] /manage/sign/currentUser，耗时:1ms
[2017-07-21 14:00:08.919] [INFO] info - /system/dictionaryItem/use/all
[2017-07-21 14:00:08.919] [INFO] info - undefined
[2017-07-21 14:00:08.920] [INFO] info - REQUEST=======> 2017-7-21 14:00:08 [GET] /system/dictionaryItem/use/all，耗时:1ms
[2017-07-21 14:00:08.921] [INFO] info - /system/menu/use/all
[2017-07-21 14:00:08.921] [INFO] info - undefined
[2017-07-21 14:00:08.923] [INFO] info - REQUEST=======> 2017-7-21 14:00:08 [GET] /system/menu/use/all，耗时:2ms
[2017-07-21 14:00:08.986] [INFO] info - /manage/sign/currentUser
[2017-07-21 14:00:08.987] [INFO] info - undefined
[2017-07-21 14:00:08.988] [INFO] info - REQUEST=======> 2017-7-21 14:00:08 [GET] /manage/sign/currentUser，耗时:2ms
[2017-07-21 14:01:00.356] [INFO] info - /system/dictionaryItem/use/all
[2017-07-21 14:01:00.357] [INFO] info - undefined
[2017-07-21 14:01:00.358] [INFO] info - REQUEST=======> 2017-7-21 14:01:00 [GET] /system/dictionaryItem/use/all，耗时:2ms
[2017-07-21 14:01:00.360] [INFO] info - /system/menu/use/all
[2017-07-21 14:01:00.360] [INFO] info - undefined
[2017-07-21 14:01:00.361] [INFO] info - REQUEST=======> 2017-7-21 14:01:00 [GET] /system/menu/use/all，耗时:1ms
[2017-07-21 14:01:00.405] [INFO] info - /manage/sign/currentUser
[2017-07-21 14:01:00.406] [INFO] info - undefined
[2017-07-21 14:01:00.407] [INFO] info - REQUEST=======> 2017-7-21 14:01:00 [GET] /manage/sign/currentUser，耗时:2ms
[2017-07-21 14:02:16.847] [INFO] info - /system/dictionaryItem/use/all
[2017-07-21 14:02:16.847] [INFO] info - undefined
[2017-07-21 14:02:16.848] [INFO] info - REQUEST=======> 2017-7-21 14:02:16 [GET] /system/dictionaryItem/use/all，耗时:1ms
[2017-07-21 14:02:16.850] [INFO] info - /system/menu/use/all
[2017-07-21 14:02:16.850] [INFO] info - undefined
[2017-07-21 14:02:16.851] [INFO] info - REQUEST=======> 2017-7-21 14:02:16 [GET] /system/menu/use/all，耗时:1ms
[2017-07-21 14:02:16.892] [INFO] info - /manage/sign/currentUser
[2017-07-21 14:02:16.892] [INFO] info - undefined
[2017-07-21 14:02:16.893] [INFO] info - REQUEST=======> 2017-7-21 14:02:16 [GET] /manage/sign/currentUser，耗时:1ms
[2017-07-21 14:02:36.687] [INFO] info - /system/dictionaryItem/use/all
[2017-07-21 14:02:36.688] [INFO] info - undefined
[2017-07-21 14:02:36.689] [INFO] info - REQUEST=======> 2017-7-21 14:02:36 [GET] /system/dictionaryItem/use/all，耗时:2ms
[2017-07-21 14:02:36.690] [INFO] info - /system/menu/use/all
[2017-07-21 14:02:36.690] [INFO] info - undefined
[2017-07-21 14:02:36.691] [INFO] info - REQUEST=======> 2017-7-21 14:02:36 [GET] /system/menu/use/all，耗时:1ms
[2017-07-21 14:02:36.736] [INFO] info - /manage/sign/currentUser
[2017-07-21 14:02:36.736] [INFO] info - undefined
[2017-07-21 14:02:36.737] [INFO] info - REQUEST=======> 2017-7-21 14:02:36 [GET] /manage/sign/currentUser，耗时:1ms
[2017-07-21 14:02:48.250] [INFO] info - /system/dictionaryItem/use/all
[2017-07-21 14:02:48.251] [INFO] info - undefined
[2017-07-21 14:02:48.251] [INFO] info - REQUEST=======> 2017-7-21 14:02:48 [GET] /system/dictionaryItem/use/all，耗时:1ms
[2017-07-21 14:02:48.254] [INFO] info - /system/menu/use/all
[2017-07-21 14:02:48.254] [INFO] info - undefined
[2017-07-21 14:02:48.256] [INFO] info - REQUEST=======> 2017-7-21 14:02:48 [GET] /system/menu/use/all，耗时:2ms
[2017-07-21 14:02:48.298] [INFO] info - /manage/sign/currentUser
[2017-07-21 14:02:48.298] [INFO] info - undefined
[2017-07-21 14:02:48.299] [INFO] info - REQUEST=======> 2017-7-21 14:02:48 [GET] /manage/sign/currentUser，耗时:1ms
[2017-07-21 14:03:03.870] [INFO] info - /system/dictionaryItem/use/all
[2017-07-21 14:03:03.870] [INFO] info - undefined
[2017-07-21 14:03:03.871] [INFO] info - REQUEST=======> 2017-7-21 14:03:03 [GET] /system/dictionaryItem/use/all，耗时:1ms
[2017-07-21 14:03:03.872] [INFO] info - /system/menu/use/all
[2017-07-21 14:03:03.872] [INFO] info - undefined
[2017-07-21 14:03:03.873] [INFO] info - REQUEST=======> 2017-7-21 14:03:03 [GET] /system/menu/use/all，耗时:1ms
[2017-07-21 14:03:03.913] [INFO] info - /manage/sign/currentUser
[2017-07-21 14:03:03.913] [INFO] info - undefined
[2017-07-21 14:03:03.914] [INFO] info - REQUEST=======> 2017-7-21 14:03:03 [GET] /manage/sign/currentUser，耗时:1ms
[2017-07-21 14:03:15.534] [INFO] info - /system/dictionaryItem/use/all
[2017-07-21 14:03:15.534] [INFO] info - undefined
[2017-07-21 14:03:15.535] [INFO] info - REQUEST=======> 2017-7-21 14:03:15 [GET] /system/dictionaryItem/use/all，耗时:1ms
[2017-07-21 14:03:15.544] [INFO] info - /system/menu/use/all
[2017-07-21 14:03:15.544] [INFO] info - undefined
[2017-07-21 14:03:15.546] [INFO] info - REQUEST=======> 2017-7-21 14:03:15 [GET] /system/menu/use/all，耗时:2ms
[2017-07-21 14:03:15.587] [INFO] info - /manage/sign/currentUser
[2017-07-21 14:03:15.587] [INFO] info - undefined
[2017-07-21 14:03:15.588] [INFO] info - REQUEST=======> 2017-7-21 14:03:15 [GET] /manage/sign/currentUser，耗时:1ms
[2017-07-21 14:03:24.481] [INFO] info - /system/dictionaryItem/use/all
[2017-07-21 14:03:24.481] [INFO] info - undefined
[2017-07-21 14:03:24.481] [INFO] info - REQUEST=======> 2017-7-21 14:03:24 [GET] /system/dictionaryItem/use/all，耗时:0ms
[2017-07-21 14:03:24.483] [INFO] info - /system/menu/use/all
[2017-07-21 14:03:24.484] [INFO] info - undefined
[2017-07-21 14:03:24.484] [INFO] info - REQUEST=======> 2017-7-21 14:03:24 [GET] /system/menu/use/all，耗时:1ms
[2017-07-21 14:03:24.554] [INFO] info - /manage/sign/currentUser
[2017-07-21 14:03:24.554] [INFO] info - undefined
[2017-07-21 14:03:24.556] [INFO] info - REQUEST=======> 2017-7-21 14:03:24 [GET] /manage/sign/currentUser，耗时:2ms
[2017-07-21 14:06:41.835] [INFO] info - /system/dictionaryItem/use/all
[2017-07-21 14:06:41.835] [INFO] info - undefined
[2017-07-21 14:06:41.837] [INFO] info - REQUEST=======> 2017-7-21 14:06:41 [GET] /system/dictionaryItem/use/all，耗时:2ms
[2017-07-21 14:06:41.838] [INFO] info - /system/menu/use/all
[2017-07-21 14:06:41.838] [INFO] info - undefined
[2017-07-21 14:06:41.840] [INFO] info - REQUEST=======> 2017-7-21 14:06:41 [GET] /system/menu/use/all，耗时:2ms
[2017-07-21 14:06:41.889] [INFO] info - /manage/sign/currentUser
[2017-07-21 14:06:41.889] [INFO] info - undefined
[2017-07-21 14:06:41.890] [INFO] info - REQUEST=======> 2017-7-21 14:06:41 [GET] /manage/sign/currentUser，耗时:1ms
[2017-07-21 14:08:16.973] [INFO] info - /system/dictionaryItem/use/all
[2017-07-21 14:08:16.973] [INFO] info - undefined
[2017-07-21 14:08:16.974] [INFO] info - REQUEST=======> 2017-7-21 14:08:16 [GET] /system/dictionaryItem/use/all，耗时:1ms
[2017-07-21 14:08:16.975] [INFO] info - /system/menu/use/all
[2017-07-21 14:08:16.975] [INFO] info - undefined
[2017-07-21 14:08:16.977] [INFO] info - REQUEST=======> 2017-7-21 14:08:16 [GET] /system/menu/use/all，耗时:2ms
[2017-07-21 14:08:17.035] [INFO] info - /manage/sign/currentUser
[2017-07-21 14:08:17.035] [INFO] info - undefined
[2017-07-21 14:08:17.037] [INFO] info - REQUEST=======> 2017-7-21 14:08:17 [GET] /manage/sign/currentUser，耗时:2ms
[2017-07-21 14:08:28.632] [INFO] info - /system/dictionaryItem/use/all
[2017-07-21 14:08:28.633] [INFO] info - undefined
[2017-07-21 14:08:28.634] [INFO] info - REQUEST=======> 2017-7-21 14:08:28 [GET] /system/dictionaryItem/use/all，耗时:2ms
[2017-07-21 14:08:28.635] [INFO] info - /system/menu/use/all
[2017-07-21 14:08:28.635] [INFO] info - undefined
[2017-07-21 14:08:28.636] [INFO] info - REQUEST=======> 2017-7-21 14:08:28 [GET] /system/menu/use/all，耗时:1ms
[2017-07-21 14:08:29.437] [INFO] info - /system/dictionaryItem/use/all
[2017-07-21 14:08:29.437] [INFO] info - undefined
[2017-07-21 14:08:29.439] [INFO] info - REQUEST=======> 2017-7-21 14:08:29 [GET] /system/dictionaryItem/use/all，耗时:2ms
[2017-07-21 14:08:29.441] [INFO] info - /system/menu/use/all
[2017-07-21 14:08:29.441] [INFO] info - undefined
[2017-07-21 14:08:29.442] [INFO] info - REQUEST=======> 2017-7-21 14:08:29 [GET] /system/menu/use/all，耗时:1ms
[2017-07-21 14:08:29.497] [INFO] info - /manage/sign/currentUser
[2017-07-21 14:08:29.498] [INFO] info - undefined
[2017-07-21 14:08:29.499] [INFO] info - REQUEST=======> 2017-7-21 14:08:29 [GET] /manage/sign/currentUser，耗时:2ms
[2017-07-21 14:08:35.285] [INFO] info - /system/dictionaryItem/use/all
[2017-07-21 14:08:35.285] [INFO] info - undefined
[2017-07-21 14:08:35.286] [INFO] info - REQUEST=======> 2017-7-21 14:08:35 [GET] /system/dictionaryItem/use/all，耗时:1ms
[2017-07-21 14:08:35.287] [INFO] info - /system/menu/use/all
[2017-07-21 14:08:35.287] [INFO] info - undefined
[2017-07-21 14:08:35.288] [INFO] info - REQUEST=======> 2017-7-21 14:08:35 [GET] /system/menu/use/all，耗时:1ms
[2017-07-21 14:08:35.311] [INFO] info - /manage/sign/currentUser
[2017-07-21 14:08:35.312] [INFO] info - undefined
[2017-07-21 14:08:35.313] [INFO] info - REQUEST=======> 2017-7-21 14:08:35 [GET] /manage/sign/currentUser，耗时:2ms
[2017-07-21 14:09:00.276] [INFO] info - /system/dictionaryItem/getByType/undefined
[2017-07-21 14:09:00.276] [INFO] info - undefined
[2017-07-21 14:09:00.280] [INFO] info - REQUEST=======> 2017-7-21 14:09:00 [GET] /system/dictionaryItem/getByType/undefined，耗时:4ms
[2017-07-21 14:09:03.831] [INFO] info - /system/dictionaryItem/getByType/undefined
[2017-07-21 14:09:03.831] [INFO] info - undefined
[2017-07-21 14:09:03.834] [INFO] info - REQUEST=======> 2017-7-21 14:09:03 [GET] /system/dictionaryItem/getByType/undefined，耗时:3ms
[2017-07-21 14:09:08.292] [INFO] info - /system/dictionaryItem/getByType/undefined
[2017-07-21 14:09:08.292] [INFO] info - undefined
[2017-07-21 14:09:08.298] [INFO] info - REQUEST=======> 2017-7-21 14:09:08 [GET] /system/dictionaryItem/getByType/undefined，耗时:6ms
[2017-07-21 14:09:31.389] [INFO] info - /system/menu/use/all
[2017-07-21 14:09:31.389] [INFO] info - undefined
[2017-07-21 14:09:31.390] [INFO] info - REQUEST=======> 2017-7-21 14:09:31 [GET] /system/menu/use/all，耗时:1ms
[2017-07-21 14:10:21.224] [INFO] info - /system/menu/use/all
[2017-07-21 14:10:21.224] [INFO] info - undefined
[2017-07-21 14:10:21.226] [INFO] info - REQUEST=======> 2017-7-21 14:10:21 [GET] /system/menu/use/all，耗时:2ms
[2017-07-21 14:10:40.792] [INFO] info - /system/menu/use/all
[2017-07-21 14:10:40.792] [INFO] info - undefined
[2017-07-21 14:10:40.793] [INFO] info - REQUEST=======> 2017-7-21 14:10:40 [GET] /system/menu/use/all，耗时:1ms
[2017-07-21 14:10:44.557] [INFO] info - /system/menu/use/all
[2017-07-21 14:10:44.558] [INFO] info - undefined
[2017-07-21 14:10:44.559] [INFO] info - REQUEST=======> 2017-7-21 14:10:44 [GET] /system/menu/use/all，耗时:2ms
[2017-07-21 14:10:52.108] [INFO] info - /system/menu/use/all
[2017-07-21 14:10:52.108] [INFO] info - undefined
[2017-07-21 14:10:52.109] [INFO] info - REQUEST=======> 2017-7-21 14:10:52 [GET] /system/menu/use/all，耗时:1ms
[2017-07-21 14:10:58.325] [INFO] info - /system/menu/use/all
[2017-07-21 14:10:58.325] [INFO] info - undefined
[2017-07-21 14:10:58.326] [INFO] info - REQUEST=======> 2017-7-21 14:10:58 [GET] /system/menu/use/all，耗时:1ms
[2017-07-21 14:11:09.780] [INFO] info - /system/menu/use/all
[2017-07-21 14:11:09.780] [INFO] info - undefined
[2017-07-21 14:11:09.781] [INFO] info - REQUEST=======> 2017-7-21 14:11:09 [GET] /system/menu/use/all，耗时:1ms
[2017-07-21 14:11:14.026] [INFO] info - /system/menu/use/all
[2017-07-21 14:11:14.026] [INFO] info - undefined
[2017-07-21 14:11:14.027] [INFO] info - REQUEST=======> 2017-7-21 14:11:14 [GET] /system/menu/use/all，耗时:1ms
[2017-07-21 14:12:02.859] [INFO] info - /system/menu/use/all
[2017-07-21 14:12:02.860] [INFO] info - undefined
[2017-07-21 14:12:02.861] [INFO] info - REQUEST=======> 2017-7-21 14:12:02 [GET] /system/menu/use/all，耗时:2ms
[2017-07-21 14:12:40.374] [INFO] info - /system/menu/use/all
[2017-07-21 14:12:40.374] [INFO] info - undefined
[2017-07-21 14:12:40.375] [INFO] info - REQUEST=======> 2017-7-21 14:12:40 [GET] /system/menu/use/all，耗时:1ms
[2017-07-21 14:12:40.421] [INFO] info - /manage/sign/currentUser
[2017-07-21 14:12:40.421] [INFO] info - undefined
[2017-07-21 14:12:40.422] [INFO] info - REQUEST=======> 2017-7-21 14:12:40 [GET] /manage/sign/currentUser，耗时:1ms
[2017-07-21 14:13:55.301] [INFO] info - /system/menu/use/all
[2017-07-21 14:13:55.301] [INFO] info - undefined
[2017-07-21 14:13:55.302] [INFO] info - REQUEST=======> 2017-7-21 14:13:55 [GET] /system/menu/use/all，耗时:1ms
[2017-07-21 14:13:55.367] [INFO] info - /manage/sign/currentUser
[2017-07-21 14:13:55.367] [INFO] info - undefined
[2017-07-21 14:13:55.368] [INFO] info - REQUEST=======> 2017-7-21 14:13:55 [GET] /manage/sign/currentUser，耗时:1ms
[2017-07-21 14:19:30.946] [INFO] info - /system/menu/use/all
[2017-07-21 14:19:30.946] [INFO] info - undefined
[2017-07-21 14:19:30.947] [INFO] info - REQUEST=======> 2017-7-21 14:19:30 [GET] /system/menu/use/all，耗时:1ms
[2017-07-21 14:19:33.293] [INFO] info - /system/menu/use/all
[2017-07-21 14:19:33.293] [INFO] info - undefined
[2017-07-21 14:19:33.294] [INFO] info - REQUEST=======> 2017-7-21 14:19:33 [GET] /system/menu/use/all，耗时:1ms
[2017-07-21 14:19:33.335] [INFO] info - /manage/sign/currentUser
[2017-07-21 14:19:33.335] [INFO] info - undefined
[2017-07-21 14:19:33.338] [INFO] info - REQUEST=======> 2017-7-21 14:19:33 [GET] /manage/sign/currentUser，耗时:3ms
[2017-07-21 14:19:34.071] [INFO] info - /manage/sign/currentUser
[2017-07-21 14:19:34.071] [INFO] info - undefined
[2017-07-21 14:19:34.071] [INFO] info - REQUEST=======> 2017-7-21 14:19:34 [GET] /manage/sign/currentUser，耗时:0ms
[2017-07-21 14:19:41.415] [INFO] info - /system/menu/use/all
[2017-07-21 14:19:41.415] [INFO] info - undefined
[2017-07-21 14:19:41.415] [INFO] info - REQUEST=======> 2017-7-21 14:19:41 [GET] /system/menu/use/all，耗时:0ms
[2017-07-21 14:19:41.492] [INFO] info - /manage/sign/currentUser
[2017-07-21 14:19:41.492] [INFO] info - undefined
[2017-07-21 14:19:41.492] [INFO] info - REQUEST=======> 2017-7-21 14:19:41 [GET] /manage/sign/currentUser，耗时:0ms
[2017-07-21 14:19:47.805] [INFO] info - /manage/sign/login
[2017-07-21 14:19:47.805] [INFO] info - application/x-www-form-urlencoded; charset=UTF-8
[2017-07-21 14:19:47.805] [INFO] info - REQUEST=======> 2017-7-21 14:19:47 [POST] /manage/sign/login，耗时:0ms
[2017-07-21 14:19:48.165] [INFO] info - /manage/account
[2017-07-21 14:19:48.165] [INFO] info - undefined
[2017-07-21 14:19:48.165] [INFO] info - REQUEST=======> 2017-7-21 14:19:48 [GET] /manage/account?pageNumber=1&pageSize=10，耗时:0ms
[2017-07-21 14:21:37.998] [INFO] info - /system/menu/use/all
[2017-07-21 14:21:37.998] [INFO] info - undefined
[2017-07-21 14:21:37.999] [INFO] info - REQUEST=======> 2017-7-21 14:21:37 [GET] /system/menu/use/all，耗时:1ms
[2017-07-21 14:21:38.052] [INFO] info - /manage/sign/currentUser
[2017-07-21 14:21:38.053] [INFO] info - undefined
[2017-07-21 14:21:38.054] [INFO] info - REQUEST=======> 2017-7-21 14:21:38 [GET] /manage/sign/currentUser，耗时:2ms
[2017-07-21 14:22:08.532] [INFO] info - /system/menu/use/all
[2017-07-21 14:22:08.532] [INFO] info - undefined
[2017-07-21 14:22:08.533] [INFO] info - REQUEST=======> 2017-7-21 14:22:08 [GET] /system/menu/use/all，耗时:1ms
[2017-07-21 14:22:09.189] [INFO] info - /manage/sign/currentUser
[2017-07-21 14:22:09.189] [INFO] info - undefined
[2017-07-21 14:22:09.190] [INFO] info - REQUEST=======> 2017-7-21 14:22:09 [GET] /manage/sign/currentUser，耗时:1ms
[2017-07-21 14:22:09.330] [INFO] info - /system/menu/use/all
[2017-07-21 14:22:09.330] [INFO] info - undefined
[2017-07-21 14:22:09.331] [INFO] info - REQUEST=======> 2017-7-21 14:22:09 [GET] /system/menu/use/all，耗时:1ms
[2017-07-21 14:22:09.388] [INFO] info - /manage/sign/currentUser
[2017-07-21 14:22:09.388] [INFO] info - undefined
[2017-07-21 14:22:09.389] [INFO] info - REQUEST=======> 2017-7-21 14:22:09 [GET] /manage/sign/currentUser，耗时:1ms
[2017-07-21 14:23:40.360] [INFO] info - /system/menu/use/all
[2017-07-21 14:23:40.360] [INFO] info - undefined
[2017-07-21 14:23:40.362] [INFO] info - REQUEST=======> 2017-7-21 14:23:40 [GET] /system/menu/use/all，耗时:2ms
[2017-07-21 14:23:40.412] [INFO] info - /manage/sign/currentUser
[2017-07-21 14:23:40.412] [INFO] info - undefined
[2017-07-21 14:23:40.413] [INFO] info - REQUEST=======> 2017-7-21 14:23:40 [GET] /manage/sign/currentUser，耗时:1ms
[2017-07-21 14:23:43.692] [INFO] info - /system/menu/use/all
[2017-07-21 14:23:43.692] [INFO] info - undefined
[2017-07-21 14:23:43.693] [INFO] info - REQUEST=======> 2017-7-21 14:23:43 [GET] /system/menu/use/all，耗时:1ms
[2017-07-21 14:23:43.745] [INFO] info - /manage/sign/currentUser
[2017-07-21 14:23:43.745] [INFO] info - undefined
[2017-07-21 14:23:43.746] [INFO] info - REQUEST=======> 2017-7-21 14:23:43 [GET] /manage/sign/currentUser，耗时:1ms
[2017-07-21 14:23:46.676] [INFO] info - /system/menu/use/all
[2017-07-21 14:23:46.676] [INFO] info - undefined
[2017-07-21 14:23:46.677] [INFO] info - REQUEST=======> 2017-7-21 14:23:46 [GET] /system/menu/use/all，耗时:1ms
[2017-07-21 14:23:46.678] [INFO] info - /system/menu/use/all
[2017-07-21 14:23:46.678] [INFO] info - undefined
[2017-07-21 14:23:46.679] [INFO] info - REQUEST=======> 2017-7-21 14:23:46 [GET] /system/menu/use/all，耗时:1ms
[2017-07-21 14:23:46.703] [INFO] info - /manage/sign/currentUser
[2017-07-21 14:23:46.703] [INFO] info - undefined
[2017-07-21 14:23:46.704] [INFO] info - REQUEST=======> 2017-7-21 14:23:46 [GET] /manage/sign/currentUser，耗时:1ms
[2017-07-21 14:23:46.707] [INFO] info - /manage/sign/currentUser
[2017-07-21 14:23:46.707] [INFO] info - undefined
[2017-07-21 14:23:46.708] [INFO] info - REQUEST=======> 2017-7-21 14:23:46 [GET] /manage/sign/currentUser，耗时:1ms
[2017-07-21 14:24:15.114] [INFO] info - /system/menu/use/all
[2017-07-21 14:24:15.114] [INFO] info - undefined
[2017-07-21 14:24:15.115] [INFO] info - REQUEST=======> 2017-7-21 14:24:15 [GET] /system/menu/use/all，耗时:1ms
[2017-07-21 14:24:15.170] [INFO] info - /manage/sign/currentUser
[2017-07-21 14:24:15.171] [INFO] info - undefined
[2017-07-21 14:24:15.171] [INFO] info - REQUEST=======> 2017-7-21 14:24:15 [GET] /manage/sign/currentUser，耗时:1ms
[2017-07-21 14:24:49.245] [INFO] info - /system/menu/use/all
[2017-07-21 14:24:49.245] [INFO] info - undefined
[2017-07-21 14:24:49.246] [INFO] info - REQUEST=======> 2017-7-21 14:24:49 [GET] /system/menu/use/all，耗时:1ms
[2017-07-21 14:24:49.300] [INFO] info - /manage/sign/currentUser
[2017-07-21 14:24:49.300] [INFO] info - undefined
[2017-07-21 14:24:49.301] [INFO] info - REQUEST=======> 2017-7-21 14:24:49 [GET] /manage/sign/currentUser，耗时:1ms
[2017-07-21 14:24:49.625] [INFO] info - /system/menu/use/all
[2017-07-21 14:24:49.625] [INFO] info - undefined
[2017-07-21 14:24:49.626] [INFO] info - REQUEST=======> 2017-7-21 14:24:49 [GET] /system/menu/use/all，耗时:1ms
[2017-07-21 14:24:49.698] [INFO] info - /manage/sign/currentUser
[2017-07-21 14:24:49.698] [INFO] info - undefined
[2017-07-21 14:24:49.699] [INFO] info - REQUEST=======> 2017-7-21 14:24:49 [GET] /manage/sign/currentUser，耗时:1ms
[2017-07-21 14:25:02.213] [INFO] info - /system/menu/use/all
[2017-07-21 14:25:02.213] [INFO] info - undefined
[2017-07-21 14:25:02.214] [INFO] info - REQUEST=======> 2017-7-21 14:25:02 [GET] /system/menu/use/all，耗时:1ms
[2017-07-21 14:25:02.217] [INFO] info - /system/menu/use/all
[2017-07-21 14:25:02.217] [INFO] info - undefined
[2017-07-21 14:25:02.218] [INFO] info - REQUEST=======> 2017-7-21 14:25:02 [GET] /system/menu/use/all，耗时:1ms
[2017-07-21 14:25:02.261] [INFO] info - /manage/sign/currentUser
[2017-07-21 14:25:02.261] [INFO] info - undefined
[2017-07-21 14:25:02.262] [INFO] info - REQUEST=======> 2017-7-21 14:25:02 [GET] /manage/sign/currentUser，耗时:1ms
[2017-07-21 14:25:02.263] [INFO] info - /manage/sign/currentUser
[2017-07-21 14:25:02.263] [INFO] info - undefined
[2017-07-21 14:25:02.263] [INFO] info - REQUEST=======> 2017-7-21 14:25:02 [GET] /manage/sign/currentUser，耗时:0ms
[2017-07-21 14:25:12.860] [INFO] info - /system/menu/use/all
[2017-07-21 14:25:12.860] [INFO] info - undefined
[2017-07-21 14:25:12.862] [INFO] info - REQUEST=======> 2017-7-21 14:25:12 [GET] /system/menu/use/all，耗时:2ms
[2017-07-21 14:25:12.905] [INFO] info - /manage/sign/currentUser
[2017-07-21 14:25:12.905] [INFO] info - undefined
[2017-07-21 14:25:12.907] [INFO] info - REQUEST=======> 2017-7-21 14:25:12 [GET] /manage/sign/currentUser，耗时:2ms
[2017-07-21 14:26:18.443] [INFO] info - /system/menu/use/all
[2017-07-21 14:26:18.443] [INFO] info - undefined
[2017-07-21 14:26:18.444] [INFO] info - REQUEST=======> 2017-7-21 14:26:18 [GET] /system/menu/use/all，耗时:1ms
[2017-07-21 14:26:18.501] [INFO] info - /manage/sign/currentUser
[2017-07-21 14:26:18.501] [INFO] info - undefined
[2017-07-21 14:26:18.502] [INFO] info - REQUEST=======> 2017-7-21 14:26:18 [GET] /manage/sign/currentUser，耗时:1ms
[2017-07-21 14:26:22.677] [INFO] info - /system/menu/use/all
[2017-07-21 14:26:22.677] [INFO] info - undefined
[2017-07-21 14:26:22.677] [INFO] info - REQUEST=======> 2017-7-21 14:26:22 [GET] /system/menu/use/all，耗时:0ms
[2017-07-21 14:26:22.724] [INFO] info - /manage/sign/currentUser
[2017-07-21 14:26:22.724] [INFO] info - undefined
[2017-07-21 14:26:22.724] [INFO] info - REQUEST=======> 2017-7-21 14:26:22 [GET] /manage/sign/currentUser，耗时:0ms
[2017-07-21 14:26:49.352] [INFO] info - /system/menu/use/all
[2017-07-21 14:26:49.352] [INFO] info - undefined
[2017-07-21 14:26:49.353] [INFO] info - REQUEST=======> 2017-7-21 14:26:49 [GET] /system/menu/use/all，耗时:1ms
[2017-07-21 14:26:49.392] [INFO] info - /manage/sign/currentUser
[2017-07-21 14:26:49.392] [INFO] info - undefined
[2017-07-21 14:26:49.393] [INFO] info - REQUEST=======> 2017-7-21 14:26:49 [GET] /manage/sign/currentUser，耗时:1ms
[2017-07-21 14:26:49.885] [INFO] info - /system/menu/use/all
[2017-07-21 14:26:49.885] [INFO] info - undefined
[2017-07-21 14:26:49.886] [INFO] info - REQUEST=======> 2017-7-21 14:26:49 [GET] /system/menu/use/all，耗时:1ms
[2017-07-21 14:26:49.932] [INFO] info - /manage/sign/currentUser
[2017-07-21 14:26:49.932] [INFO] info - undefined
[2017-07-21 14:26:49.933] [INFO] info - REQUEST=======> 2017-7-21 14:26:49 [GET] /manage/sign/currentUser，耗时:1ms
[2017-07-21 14:27:02.680] [INFO] info - /system/menu/use/all
[2017-07-21 14:27:02.680] [INFO] info - undefined
[2017-07-21 14:27:02.683] [INFO] info - REQUEST=======> 2017-7-21 14:27:02 [GET] /system/menu/use/all，耗时:3ms
[2017-07-21 14:27:02.732] [INFO] info - /manage/sign/currentUser
[2017-07-21 14:27:02.732] [INFO] info - undefined
[2017-07-21 14:27:02.734] [INFO] info - REQUEST=======> 2017-7-21 14:27:02 [GET] /manage/sign/currentUser，耗时:2ms
[2017-07-21 14:27:03.008] [INFO] info - /system/menu/use/all
[2017-07-21 14:27:03.009] [INFO] info - undefined
[2017-07-21 14:27:03.012] [INFO] info - REQUEST=======> 2017-7-21 14:27:03 [GET] /system/menu/use/all，耗时:4ms
[2017-07-21 14:27:03.047] [INFO] info - /manage/sign/currentUser
[2017-07-21 14:27:03.048] [INFO] info - undefined
[2017-07-21 14:27:03.049] [INFO] info - REQUEST=======> 2017-7-21 14:27:03 [GET] /manage/sign/currentUser，耗时:2ms
[2017-07-21 14:28:37.041] [INFO] info - /system/menu/use/all
[2017-07-21 14:28:37.041] [INFO] info - undefined
[2017-07-21 14:28:37.043] [INFO] info - REQUEST=======> 2017-7-21 14:28:37 [GET] /system/menu/use/all，耗时:2ms
[2017-07-21 14:28:37.350] [INFO] info - /system/menu/use/all
[2017-07-21 14:28:37.350] [INFO] info - undefined
[2017-07-21 14:28:37.352] [INFO] info - REQUEST=======> 2017-7-21 14:28:37 [GET] /system/menu/use/all，耗时:2ms
[2017-07-21 14:28:37.717] [INFO] info - /manage/sign/currentUser
[2017-07-21 14:28:37.717] [INFO] info - undefined
[2017-07-21 14:28:37.719] [INFO] info - REQUEST=======> 2017-7-21 14:28:37 [GET] /manage/sign/currentUser，耗时:2ms
[2017-07-21 14:28:37.728] [INFO] info - /manage/sign/currentUser
[2017-07-21 14:28:37.728] [INFO] info - undefined
[2017-07-21 14:28:37.729] [INFO] info - REQUEST=======> 2017-7-21 14:28:37 [GET] /manage/sign/currentUser，耗时:1ms
[2017-07-21 14:29:41.900] [INFO] info - /system/menu/use/all
[2017-07-21 14:29:41.900] [INFO] info - undefined
[2017-07-21 14:29:41.901] [INFO] info - REQUEST=======> 2017-7-21 14:29:41 [GET] /system/menu/use/all，耗时:1ms
[2017-07-21 14:29:41.959] [INFO] info - /manage/sign/currentUser
[2017-07-21 14:29:41.959] [INFO] info - undefined
[2017-07-21 14:29:41.961] [INFO] info - REQUEST=======> 2017-7-21 14:29:41 [GET] /manage/sign/currentUser，耗时:1ms
[2017-07-21 14:29:44.016] [INFO] info - /system/menu/use/all
[2017-07-21 14:29:44.016] [INFO] info - undefined
[2017-07-21 14:29:44.017] [INFO] info - REQUEST=======> 2017-7-21 14:29:44 [GET] /system/menu/use/all，耗时:1ms
[2017-07-21 14:29:46.834] [INFO] info - /manage/sign/currentUser
[2017-07-21 14:29:46.835] [INFO] info - undefined
[2017-07-21 14:29:46.835] [INFO] info - REQUEST=======> 2017-7-21 14:29:46 [GET] /manage/sign/currentUser，耗时:1ms
[2017-07-21 14:30:59.682] [INFO] info - /system/menu/use/all
[2017-07-21 14:30:59.682] [INFO] info - undefined
[2017-07-21 14:30:59.684] [INFO] info - REQUEST=======> 2017-7-21 14:30:59 [GET] /system/menu/use/all，耗时:2ms
[2017-07-21 14:30:59.730] [INFO] info - /manage/sign/currentUser
[2017-07-21 14:30:59.730] [INFO] info - undefined
[2017-07-21 14:30:59.732] [INFO] info - REQUEST=======> 2017-7-21 14:30:59 [GET] /manage/sign/currentUser，耗时:2ms
[2017-07-21 14:31:43.952] [INFO] info - /system/menu/use/all
[2017-07-21 14:31:43.953] [INFO] info - undefined
[2017-07-21 14:31:43.954] [INFO] info - REQUEST=======> 2017-7-21 14:31:43 [GET] /system/menu/use/all，耗时:2ms
[2017-07-21 14:31:43.997] [INFO] info - /manage/sign/currentUser
[2017-07-21 14:31:43.997] [INFO] info - undefined
[2017-07-21 14:31:43.999] [INFO] info - REQUEST=======> 2017-7-21 14:31:43 [GET] /manage/sign/currentUser，耗时:2ms
[2017-07-21 14:32:46.732] [INFO] info - /system/menu/use/all
[2017-07-21 14:32:46.733] [INFO] info - undefined
[2017-07-21 14:32:46.734] [INFO] info - REQUEST=======> 2017-7-21 14:32:46 [GET] /system/menu/use/all，耗时:2ms
[2017-07-21 14:32:46.781] [INFO] info - /manage/sign/currentUser
[2017-07-21 14:32:46.781] [INFO] info - undefined
[2017-07-21 14:32:46.782] [INFO] info - REQUEST=======> 2017-7-21 14:32:46 [GET] /manage/sign/currentUser，耗时:1ms
[2017-07-21 14:32:47.296] [INFO] info - /system/menu/use/all
[2017-07-21 14:32:47.296] [INFO] info - undefined
[2017-07-21 14:32:47.297] [INFO] info - REQUEST=======> 2017-7-21 14:32:47 [GET] /system/menu/use/all，耗时:1ms
[2017-07-21 14:32:47.385] [INFO] info - /manage/sign/currentUser
[2017-07-21 14:32:47.386] [INFO] info - undefined
[2017-07-21 14:32:47.387] [INFO] info - REQUEST=======> 2017-7-21 14:32:47 [GET] /manage/sign/currentUser，耗时:2ms
[2017-07-21 14:38:30.853] [INFO] info - /system/menu/use/all
[2017-07-21 14:38:30.853] [INFO] info - undefined
[2017-07-21 14:38:30.855] [INFO] info - REQUEST=======> 2017-7-21 14:38:30 [GET] /system/menu/use/all，耗时:2ms
[2017-07-21 14:38:30.907] [INFO] info - /manage/sign/currentUser
[2017-07-21 14:38:30.908] [INFO] info - undefined
[2017-07-21 14:38:30.908] [INFO] info - REQUEST=======> 2017-7-21 14:38:30 [GET] /manage/sign/currentUser，耗时:1ms
[2017-07-21 14:39:23.638] [INFO] info - /system/menu/use/all
[2017-07-21 14:39:23.639] [INFO] info - undefined
[2017-07-21 14:39:23.640] [INFO] info - REQUEST=======> 2017-7-21 14:39:23 [GET] /system/menu/use/all，耗时:2ms
[2017-07-21 14:39:24.405] [INFO] info - /system/menu/use/all
[2017-07-21 14:39:24.405] [INFO] info - undefined
[2017-07-21 14:39:24.407] [INFO] info - REQUEST=======> 2017-7-21 14:39:24 [GET] /system/menu/use/all，耗时:2ms
[2017-07-21 14:39:24.445] [INFO] info - /manage/sign/currentUser
[2017-07-21 14:39:24.446] [INFO] info - undefined
[2017-07-21 14:39:24.447] [INFO] info - REQUEST=======> 2017-7-21 14:39:24 [GET] /manage/sign/currentUser，耗时:2ms
[2017-07-21 14:39:25.470] [INFO] info - /system/menu/use/all
[2017-07-21 14:39:25.470] [INFO] info - undefined
[2017-07-21 14:39:25.471] [INFO] info - REQUEST=======> 2017-7-21 14:39:25 [GET] /system/menu/use/all，耗时:1ms
[2017-07-21 14:39:25.522] [INFO] info - /manage/sign/currentUser
[2017-07-21 14:39:25.522] [INFO] info - undefined
[2017-07-21 14:39:25.524] [INFO] info - REQUEST=======> 2017-7-21 14:39:25 [GET] /manage/sign/currentUser，耗时:2ms
[2017-07-21 14:45:05.610] [INFO] info - /system/menu/use/all
[2017-07-21 14:45:05.610] [INFO] info - undefined
[2017-07-21 14:45:05.612] [INFO] info - REQUEST=======> 2017-7-21 14:45:05 [GET] /system/menu/use/all，耗时:2ms
[2017-07-21 14:45:06.212] [INFO] info - /system/menu/use/all
[2017-07-21 14:45:06.212] [INFO] info - undefined
[2017-07-21 14:45:06.213] [INFO] info - REQUEST=======> 2017-7-21 14:45:06 [GET] /system/menu/use/all，耗时:1ms
[2017-07-21 14:45:06.282] [INFO] info - /manage/sign/currentUser
[2017-07-21 14:45:06.282] [INFO] info - undefined
[2017-07-21 14:45:06.284] [INFO] info - REQUEST=======> 2017-7-21 14:45:06 [GET] /manage/sign/currentUser，耗时:2ms
[2017-07-21 14:45:44.259] [INFO] info - /system/menu/use/all
[2017-07-21 14:45:44.260] [INFO] info - undefined
[2017-07-21 14:45:44.263] [INFO] info - REQUEST=======> 2017-7-21 14:45:44 [GET] /system/menu/use/all，耗时:4ms
[2017-07-21 14:45:44.317] [INFO] info - /manage/sign/currentUser
[2017-07-21 14:45:44.317] [INFO] info - undefined
[2017-07-21 14:45:44.317] [INFO] info - REQUEST=======> 2017-7-21 14:45:44 [GET] /manage/sign/currentUser，耗时:0ms
[2017-07-21 14:46:17.878] [INFO] info - /system/menu/use/all
[2017-07-21 14:46:17.878] [INFO] info - undefined
[2017-07-21 14:46:17.878] [INFO] info - REQUEST=======> 2017-7-21 14:46:17 [GET] /system/menu/use/all，耗时:0ms
[2017-07-21 14:46:17.972] [INFO] info - /manage/sign/currentUser
[2017-07-21 14:46:17.972] [INFO] info - undefined
[2017-07-21 14:46:17.972] [INFO] info - REQUEST=======> 2017-7-21 14:46:17 [GET] /manage/sign/currentUser，耗时:0ms
[2017-07-21 14:46:23.155] [INFO] info - /system/menu/use/all
[2017-07-21 14:46:23.156] [INFO] info - undefined
[2017-07-21 14:46:23.156] [INFO] info - REQUEST=======> 2017-7-21 14:46:23 [GET] /system/menu/use/all，耗时:1ms
[2017-07-21 14:46:26.628] [INFO] info - /manage/sign/currentUser
[2017-07-21 14:46:26.628] [INFO] info - undefined
[2017-07-21 14:46:26.629] [INFO] info - REQUEST=======> 2017-7-21 14:46:26 [GET] /manage/sign/currentUser，耗时:1ms
[2017-07-21 14:46:27.731] [INFO] info - /system/menu/use/all
[2017-07-21 14:46:27.731] [INFO] info - undefined
[2017-07-21 14:46:27.732] [INFO] info - REQUEST=======> 2017-7-21 14:46:27 [GET] /system/menu/use/all，耗时:1ms
[2017-07-21 14:46:27.773] [INFO] info - /manage/sign/currentUser
[2017-07-21 14:46:27.773] [INFO] info - undefined
[2017-07-21 14:46:27.775] [INFO] info - REQUEST=======> 2017-7-21 14:46:27 [GET] /manage/sign/currentUser，耗时:2ms
[2017-07-21 14:46:28.189] [INFO] info - /system/menu/use/all
[2017-07-21 14:46:28.190] [INFO] info - undefined
[2017-07-21 14:46:28.191] [INFO] info - REQUEST=======> 2017-7-21 14:46:28 [GET] /system/menu/use/all，耗时:2ms
[2017-07-21 14:46:28.244] [INFO] info - /manage/sign/currentUser
[2017-07-21 14:46:28.244] [INFO] info - undefined
[2017-07-21 14:46:28.245] [INFO] info - REQUEST=======> 2017-7-21 14:46:28 [GET] /manage/sign/currentUser，耗时:1ms
[2017-07-21 14:51:31.438] [INFO] info - /manage/account
[2017-07-21 14:51:31.438] [INFO] info - undefined
[2017-07-21 14:51:31.454] [INFO] info - REQUEST=======> 2017-7-21 14:51:31 [GET] /manage/account?pageNumber=1&pageSize=10，耗时:16ms
[2017-07-21 15:00:27.044] [INFO] info - /system/menu/use/all
[2017-07-21 15:00:27.044] [INFO] info - undefined
[2017-07-21 15:00:27.045] [INFO] info - REQUEST=======> 2017-7-21 15:00:27 [GET] /system/menu/use/all，耗时:1ms
[2017-07-21 15:00:27.250] [INFO] info - /manage/sign/currentUser
[2017-07-21 15:00:27.250] [INFO] info - undefined
[2017-07-21 15:00:27.251] [INFO] info - REQUEST=======> 2017-7-21 15:00:27 [GET] /manage/sign/currentUser，耗时:0ms
[2017-07-21 15:00:58.459] [INFO] info - /system/menu/use/all
[2017-07-21 15:00:58.459] [INFO] info - undefined
[2017-07-21 15:00:58.460] [INFO] info - REQUEST=======> 2017-7-21 15:00:58 [GET] /system/menu/use/all，耗时:1ms
[2017-07-21 15:00:58.649] [INFO] info - /manage/sign/currentUser
[2017-07-21 15:00:58.649] [INFO] info - undefined
[2017-07-21 15:00:58.649] [INFO] info - REQUEST=======> 2017-7-21 15:00:58 [GET] /manage/sign/currentUser，耗时:0ms
[2017-07-21 15:01:45.100] [INFO] info - /system/menu/use/all
[2017-07-21 15:01:45.100] [INFO] info - undefined
[2017-07-21 15:01:45.104] [INFO] info - REQUEST=======> 2017-7-21 15:01:45 [GET] /system/menu/use/all，耗时:4ms
[2017-07-21 15:01:45.155] [INFO] info - /manage/sign/currentUser
[2017-07-21 15:01:45.155] [INFO] info - undefined
[2017-07-21 15:01:45.157] [INFO] info - REQUEST=======> 2017-7-21 15:01:45 [GET] /manage/sign/currentUser，耗时:2ms
[2017-07-21 15:03:20.727] [INFO] info - /system/menu/use/all
[2017-07-21 15:03:20.727] [INFO] info - undefined
[2017-07-21 15:03:20.728] [INFO] info - REQUEST=======> 2017-7-21 15:03:20 [GET] /system/menu/use/all，耗时:1ms
[2017-07-21 15:03:24.444] [INFO] info - /system/menu/use/all
[2017-07-21 15:03:24.444] [INFO] info - undefined
[2017-07-21 15:03:24.445] [INFO] info - REQUEST=======> 2017-7-21 15:03:24 [GET] /system/menu/use/all，耗时:1ms
[2017-07-21 15:03:26.190] [INFO] info - /system/role
[2017-07-21 15:03:26.190] [INFO] info - undefined
[2017-07-21 15:03:26.195] [INFO] info - REQUEST=======> 2017-7-21 15:03:26 [GET] /system/role?pageNumber=1&pageSize=10000，耗时:5ms
[2017-07-21 15:04:33.077] [INFO] info - /system/menu/use/all
[2017-07-21 15:04:33.078] [INFO] info - undefined
[2017-07-21 15:04:33.079] [INFO] info - REQUEST=======> 2017-7-21 15:04:33 [GET] /system/menu/use/all，耗时:2ms
[2017-07-21 15:04:33.129] [INFO] info - /manage/sign/currentUser
[2017-07-21 15:04:33.129] [INFO] info - undefined
[2017-07-21 15:04:33.129] [INFO] info - REQUEST=======> 2017-7-21 15:04:33 [GET] /manage/sign/currentUser，耗时:1ms
[2017-07-21 15:04:37.581] [INFO] info - /system/role
[2017-07-21 15:04:37.581] [INFO] info - undefined
[2017-07-21 15:04:37.585] [INFO] info - REQUEST=======> 2017-7-21 15:04:37 [GET] /system/role?pageNumber=1&pageSize=10000，耗时:4ms
[2017-07-21 15:14:35.143] [INFO] info - /system/menu/use/all
[2017-07-21 15:14:35.143] [INFO] info - undefined
[2017-07-21 15:14:35.143] [INFO] info - REQUEST=======> 2017-7-21 15:14:35 [GET] /system/menu/use/all，耗时:0ms
[2017-07-21 15:14:35.234] [INFO] info - /manage/sign/currentUser
[2017-07-21 15:14:35.234] [INFO] info - undefined
[2017-07-21 15:14:35.234] [INFO] info - REQUEST=======> 2017-7-21 15:14:35 [GET] /manage/sign/currentUser，耗时:0ms
[2017-07-21 15:17:47.990] [INFO] info - /system/menu/use/all
[2017-07-21 15:17:47.990] [INFO] info - undefined
[2017-07-21 15:17:47.992] [INFO] info - REQUEST=======> 2017-7-21 15:17:47 [GET] /system/menu/use/all，耗时:2ms
[2017-07-21 15:17:48.050] [INFO] info - /manage/sign/currentUser
[2017-07-21 15:17:48.050] [INFO] info - undefined
[2017-07-21 15:17:48.051] [INFO] info - REQUEST=======> 2017-7-21 15:17:48 [GET] /manage/sign/currentUser，耗时:1ms
[2017-07-21 15:18:03.375] [INFO] info - /system/menu/use/all
[2017-07-21 15:18:03.376] [INFO] info - undefined
[2017-07-21 15:18:03.377] [INFO] info - REQUEST=======> 2017-7-21 15:18:03 [GET] /system/menu/use/all，耗时:2ms
[2017-07-21 15:18:03.425] [INFO] info - /manage/sign/currentUser
[2017-07-21 15:18:03.425] [INFO] info - undefined
[2017-07-21 15:18:03.426] [INFO] info - REQUEST=======> 2017-7-21 15:18:03 [GET] /manage/sign/currentUser，耗时:1ms
[2017-07-21 15:18:13.833] [INFO] info - /system/menu/use/all
[2017-07-21 15:18:13.833] [INFO] info - undefined
[2017-07-21 15:18:13.835] [INFO] info - REQUEST=======> 2017-7-21 15:18:13 [GET] /system/menu/use/all，耗时:2ms
[2017-07-21 15:18:13.881] [INFO] info - /manage/sign/currentUser
[2017-07-21 15:18:13.881] [INFO] info - undefined
[2017-07-21 15:18:13.882] [INFO] info - REQUEST=======> 2017-7-21 15:18:13 [GET] /manage/sign/currentUser，耗时:1ms
[2017-07-21 15:19:24.161] [INFO] info - /system/menu/use/all
[2017-07-21 15:19:24.161] [INFO] info - undefined
[2017-07-21 15:19:24.162] [INFO] info - REQUEST=======> 2017-7-21 15:19:24 [GET] /system/menu/use/all，耗时:1ms
[2017-07-21 15:19:24.204] [INFO] info - /manage/sign/currentUser
[2017-07-21 15:19:24.205] [INFO] info - undefined
[2017-07-21 15:19:24.205] [INFO] info - REQUEST=======> 2017-7-21 15:19:24 [GET] /manage/sign/currentUser，耗时:1ms
[2017-07-21 15:19:24.823] [INFO] info - /system/menu/use/all
[2017-07-21 15:19:24.823] [INFO] info - undefined
[2017-07-21 15:19:24.824] [INFO] info - REQUEST=======> 2017-7-21 15:19:24 [GET] /system/menu/use/all，耗时:1ms
[2017-07-21 15:19:24.884] [INFO] info - /manage/sign/currentUser
[2017-07-21 15:19:24.884] [INFO] info - undefined
[2017-07-21 15:19:24.885] [INFO] info - REQUEST=======> 2017-7-21 15:19:24 [GET] /manage/sign/currentUser，耗时:1ms
[2017-07-21 15:21:41.980] [INFO] info - /system/menu/use/all
[2017-07-21 15:21:41.980] [INFO] info - undefined
[2017-07-21 15:21:41.981] [INFO] info - REQUEST=======> 2017-7-21 15:21:41 [GET] /system/menu/use/all，耗时:1ms
[2017-07-21 15:21:42.023] [INFO] info - /manage/sign/currentUser
[2017-07-21 15:21:42.023] [INFO] info - undefined
[2017-07-21 15:21:42.023] [INFO] info - REQUEST=======> 2017-7-21 15:21:42 [GET] /manage/sign/currentUser，耗时:0ms
[2017-07-21 15:21:50.217] [INFO] info - /system/menu/use/all
[2017-07-21 15:21:50.217] [INFO] info - undefined
[2017-07-21 15:21:50.218] [INFO] info - REQUEST=======> 2017-7-21 15:21:50 [GET] /system/menu/use/all，耗时:1ms
[2017-07-21 15:21:50.268] [INFO] info - /manage/sign/currentUser
[2017-07-21 15:21:50.268] [INFO] info - undefined
[2017-07-21 15:21:50.268] [INFO] info - REQUEST=======> 2017-7-21 15:21:50 [GET] /manage/sign/currentUser，耗时:0ms
[2017-07-21 15:22:28.453] [INFO] info - /system/menu/use/all
[2017-07-21 15:22:28.453] [INFO] info - undefined
[2017-07-21 15:22:28.455] [INFO] info - REQUEST=======> 2017-7-21 15:22:28 [GET] /system/menu/use/all，耗时:2ms
[2017-07-21 15:22:28.500] [INFO] info - /manage/sign/currentUser
[2017-07-21 15:22:28.500] [INFO] info - undefined
[2017-07-21 15:22:28.501] [INFO] info - REQUEST=======> 2017-7-21 15:22:28 [GET] /manage/sign/currentUser，耗时:1ms
[2017-07-21 15:22:39.597] [INFO] info - /system/menu/use/all
[2017-07-21 15:22:39.597] [INFO] info - undefined
[2017-07-21 15:22:39.598] [INFO] info - REQUEST=======> 2017-7-21 15:22:39 [GET] /system/menu/use/all，耗时:1ms
[2017-07-21 15:22:39.636] [INFO] info - /manage/sign/currentUser
[2017-07-21 15:22:39.636] [INFO] info - undefined
[2017-07-21 15:22:39.636] [INFO] info - REQUEST=======> 2017-7-21 15:22:39 [GET] /manage/sign/currentUser，耗时:0ms
[2017-07-21 15:23:07.319] [INFO] info - /system/menu/use/all
[2017-07-21 15:23:07.319] [INFO] info - undefined
[2017-07-21 15:23:07.320] [INFO] info - REQUEST=======> 2017-7-21 15:23:07 [GET] /system/menu/use/all，耗时:1ms
[2017-07-21 15:23:07.374] [INFO] info - /manage/sign/currentUser
[2017-07-21 15:23:07.374] [INFO] info - undefined
[2017-07-21 15:23:07.374] [INFO] info - REQUEST=======> 2017-7-21 15:23:07 [GET] /manage/sign/currentUser，耗时:0ms
[2017-07-21 15:34:13.188] [INFO] info - /system/menu/use/all
[2017-07-21 15:34:13.188] [INFO] info - undefined
[2017-07-21 15:34:13.189] [INFO] info - REQUEST=======> 2017-7-21 15:34:13 [GET] /system/menu/use/all，耗时:1ms
[2017-07-21 15:34:13.251] [INFO] info - /manage/sign/currentUser
[2017-07-21 15:34:13.251] [INFO] info - undefined
[2017-07-21 15:34:13.252] [INFO] info - REQUEST=======> 2017-7-21 15:34:13 [GET] /manage/sign/currentUser，耗时:1ms
[2017-07-21 15:35:24.261] [INFO] info - /system/menu/use/all
[2017-07-21 15:35:24.261] [INFO] info - undefined
[2017-07-21 15:35:24.262] [INFO] info - REQUEST=======> 2017-7-21 15:35:24 [GET] /system/menu/use/all，耗时:1ms
[2017-07-21 15:35:24.449] [INFO] info - /manage/sign/currentUser
[2017-07-21 15:35:24.449] [INFO] info - undefined
[2017-07-21 15:35:24.450] [INFO] info - REQUEST=======> 2017-7-21 15:35:24 [GET] /manage/sign/currentUser，耗时:1ms
[2017-07-21 15:37:22.842] [INFO] info - /system/menu/use/all
[2017-07-21 15:37:22.843] [INFO] info - undefined
[2017-07-21 15:37:22.844] [INFO] info - REQUEST=======> 2017-7-21 15:37:22 [GET] /system/menu/use/all，耗时:2ms
[2017-07-21 15:37:22.887] [INFO] info - /manage/sign/currentUser
[2017-07-21 15:37:22.887] [INFO] info - undefined
[2017-07-21 15:37:22.888] [INFO] info - REQUEST=======> 2017-7-21 15:37:22 [GET] /manage/sign/currentUser，耗时:1ms
[2017-07-21 15:37:53.924] [INFO] info - /system/menu/use/all
[2017-07-21 15:37:53.924] [INFO] info - undefined
[2017-07-21 15:37:53.925] [INFO] info - REQUEST=======> 2017-7-21 15:37:53 [GET] /system/menu/use/all，耗时:1ms
[2017-07-21 15:37:54.124] [INFO] info - /manage/sign/currentUser
[2017-07-21 15:37:54.124] [INFO] info - undefined
[2017-07-21 15:37:54.125] [INFO] info - REQUEST=======> 2017-7-21 15:37:54 [GET] /manage/sign/currentUser，耗时:1ms
[2017-07-21 15:38:09.243] [INFO] info - /system/menu/use/all
[2017-07-21 15:38:09.243] [INFO] info - undefined
[2017-07-21 15:38:09.244] [INFO] info - REQUEST=======> 2017-7-21 15:38:09 [GET] /system/menu/use/all，耗时:1ms
[2017-07-21 15:38:09.439] [INFO] info - /manage/sign/currentUser
[2017-07-21 15:38:09.439] [INFO] info - undefined
[2017-07-21 15:38:09.440] [INFO] info - REQUEST=======> 2017-7-21 15:38:09 [GET] /manage/sign/currentUser，耗时:1ms
[2017-07-21 15:40:42.324] [INFO] info - /system/menu/use/all
[2017-07-21 15:40:42.324] [INFO] info - undefined
[2017-07-21 15:40:42.325] [INFO] info - REQUEST=======> 2017-7-21 15:40:42 [GET] /system/menu/use/all，耗时:1ms
[2017-07-21 15:40:42.371] [INFO] info - /manage/sign/currentUser
[2017-07-21 15:40:42.371] [INFO] info - undefined
[2017-07-21 15:40:42.372] [INFO] info - REQUEST=======> 2017-7-21 15:40:42 [GET] /manage/sign/currentUser，耗时:1ms
[2017-07-21 15:41:11.257] [INFO] info - /system/menu/use/all
[2017-07-21 15:41:11.257] [INFO] info - undefined
[2017-07-21 15:41:11.258] [INFO] info - REQUEST=======> 2017-7-21 15:41:11 [GET] /system/menu/use/all，耗时:1ms
[2017-07-21 15:41:11.302] [INFO] info - /manage/sign/currentUser
[2017-07-21 15:41:11.302] [INFO] info - undefined
[2017-07-21 15:41:11.309] [INFO] info - REQUEST=======> 2017-7-21 15:41:11 [GET] /manage/sign/currentUser，耗时:7ms
[2017-07-21 15:41:17.304] [INFO] info - /system/menu/use/all
[2017-07-21 15:41:17.304] [INFO] info - undefined
[2017-07-21 15:41:17.305] [INFO] info - REQUEST=======> 2017-7-21 15:41:17 [GET] /system/menu/use/all，耗时:1ms
[2017-07-21 15:41:41.295] [INFO] info - /system/menu/use/all
[2017-07-21 15:41:41.295] [INFO] info - undefined
[2017-07-21 15:41:41.297] [INFO] info - REQUEST=======> 2017-7-21 15:41:41 [GET] /system/menu/use/all，耗时:2ms
[2017-07-21 15:41:41.348] [INFO] info - /manage/sign/currentUser
[2017-07-21 15:41:41.348] [INFO] info - undefined
[2017-07-21 15:41:41.349] [INFO] info - REQUEST=======> 2017-7-21 15:41:41 [GET] /manage/sign/currentUser，耗时:1ms
[2017-07-21 15:41:56.177] [INFO] info - /system/menu/use/all
[2017-07-21 15:41:56.177] [INFO] info - undefined
[2017-07-21 15:41:56.179] [INFO] info - REQUEST=======> 2017-7-21 15:41:56 [GET] /system/menu/use/all，耗时:2ms
[2017-07-21 15:41:56.234] [INFO] info - /manage/sign/currentUser
[2017-07-21 15:41:56.234] [INFO] info - undefined
[2017-07-21 15:41:56.234] [INFO] info - REQUEST=======> 2017-7-21 15:41:56 [GET] /manage/sign/currentUser，耗时:0ms
[2017-07-21 15:42:31.963] [INFO] info - /system/menu/use/all
[2017-07-21 15:42:31.963] [INFO] info - undefined
[2017-07-21 15:42:31.965] [INFO] info - REQUEST=======> 2017-7-21 15:42:31 [GET] /system/menu/use/all，耗时:2ms
[2017-07-21 15:42:32.018] [INFO] info - /manage/sign/currentUser
[2017-07-21 15:42:32.018] [INFO] info - undefined
[2017-07-21 15:42:32.019] [INFO] info - REQUEST=======> 2017-7-21 15:42:32 [GET] /manage/sign/currentUser，耗时:1ms
[2017-07-21 15:43:03.743] [INFO] info - /system/menu/use/all
[2017-07-21 15:43:03.743] [INFO] info - undefined
[2017-07-21 15:43:03.745] [INFO] info - REQUEST=======> 2017-7-21 15:43:03 [GET] /system/menu/use/all，耗时:2ms
[2017-07-21 15:43:03.807] [INFO] info - /manage/sign/currentUser
[2017-07-21 15:43:03.807] [INFO] info - undefined
[2017-07-21 15:43:03.808] [INFO] info - REQUEST=======> 2017-7-21 15:43:03 [GET] /manage/sign/currentUser，耗时:1ms
[2017-07-21 15:43:16.766] [INFO] info - /system/menu/use/all
[2017-07-21 15:43:16.766] [INFO] info - undefined
[2017-07-21 15:43:16.768] [INFO] info - REQUEST=======> 2017-7-21 15:43:16 [GET] /system/menu/use/all，耗时:2ms
[2017-07-21 15:43:16.811] [INFO] info - /manage/sign/currentUser
[2017-07-21 15:43:16.811] [INFO] info - undefined
[2017-07-21 15:43:16.812] [INFO] info - REQUEST=======> 2017-7-21 15:43:16 [GET] /manage/sign/currentUser，耗时:1ms
[2017-07-21 15:44:15.032] [INFO] info - /system/menu/use/all
[2017-07-21 15:44:15.033] [INFO] info - undefined
[2017-07-21 15:44:15.034] [INFO] info - REQUEST=======> 2017-7-21 15:44:15 [GET] /system/menu/use/all，耗时:2ms
[2017-07-21 15:44:15.079] [INFO] info - /manage/sign/currentUser
[2017-07-21 15:44:15.079] [INFO] info - undefined
[2017-07-21 15:44:15.080] [INFO] info - REQUEST=======> 2017-7-21 15:44:15 [GET] /manage/sign/currentUser，耗时:1ms
[2017-07-21 15:44:24.801] [INFO] info - /system/menu/use/all
[2017-07-21 15:44:24.801] [INFO] info - undefined
[2017-07-21 15:44:24.804] [INFO] info - REQUEST=======> 2017-7-21 15:44:24 [GET] /system/menu/use/all，耗时:3ms
[2017-07-21 15:44:24.854] [INFO] info - /manage/sign/currentUser
[2017-07-21 15:44:24.854] [INFO] info - undefined
[2017-07-21 15:44:24.855] [INFO] info - REQUEST=======> 2017-7-21 15:44:24 [GET] /manage/sign/currentUser，耗时:1ms
[2017-07-21 15:45:04.849] [INFO] info - /system/menu/use/all
[2017-07-21 15:45:04.849] [INFO] info - undefined
[2017-07-21 15:45:04.850] [INFO] info - REQUEST=======> 2017-7-21 15:45:04 [GET] /system/menu/use/all，耗时:1ms
[2017-07-21 15:45:04.887] [INFO] info - /manage/sign/currentUser
[2017-07-21 15:45:04.888] [INFO] info - undefined
[2017-07-21 15:45:04.888] [INFO] info - REQUEST=======> 2017-7-21 15:45:04 [GET] /manage/sign/currentUser，耗时:1ms
[2017-07-21 15:45:10.656] [INFO] info - /system/menu/use/all
[2017-07-21 15:45:10.656] [INFO] info - undefined
[2017-07-21 15:45:10.658] [INFO] info - REQUEST=======> 2017-7-21 15:45:10 [GET] /system/menu/use/all，耗时:2ms
[2017-07-21 15:45:10.713] [INFO] info - /manage/sign/currentUser
[2017-07-21 15:45:10.713] [INFO] info - undefined
[2017-07-21 15:45:10.714] [INFO] info - REQUEST=======> 2017-7-21 15:45:10 [GET] /manage/sign/currentUser，耗时:1ms
[2017-07-21 15:45:15.320] [INFO] info - /system/menu/use/all
[2017-07-21 15:45:15.320] [INFO] info - undefined
[2017-07-21 15:45:15.322] [INFO] info - REQUEST=======> 2017-7-21 15:45:15 [GET] /system/menu/use/all，耗时:2ms
[2017-07-21 15:45:15.477] [INFO] info - /manage/sign/currentUser
[2017-07-21 15:45:15.477] [INFO] info - undefined
[2017-07-21 15:45:15.478] [INFO] info - REQUEST=======> 2017-7-21 15:45:15 [GET] /manage/sign/currentUser，耗时:1ms
[2017-07-21 15:46:14.209] [INFO] info - /system/menu/use/all
[2017-07-21 15:46:14.209] [INFO] info - undefined
[2017-07-21 15:46:14.210] [INFO] info - REQUEST=======> 2017-7-21 15:46:14 [GET] /system/menu/use/all，耗时:1ms
[2017-07-21 15:46:14.252] [INFO] info - /manage/sign/currentUser
[2017-07-21 15:46:14.252] [INFO] info - undefined
[2017-07-21 15:46:14.252] [INFO] info - REQUEST=======> 2017-7-21 15:46:14 [GET] /manage/sign/currentUser，耗时:0ms
[2017-07-21 15:46:29.778] [INFO] info - /system/menu/use/all
[2017-07-21 15:46:29.778] [INFO] info - undefined
[2017-07-21 15:46:29.779] [INFO] info - REQUEST=======> 2017-7-21 15:46:29 [GET] /system/menu/use/all，耗时:1ms
[2017-07-21 15:46:29.829] [INFO] info - /manage/sign/currentUser
[2017-07-21 15:46:29.829] [INFO] info - undefined
[2017-07-21 15:46:29.830] [INFO] info - REQUEST=======> 2017-7-21 15:46:29 [GET] /manage/sign/currentUser，耗时:1ms
[2017-07-21 15:47:50.911] [INFO] info - /system/menu/use/all
[2017-07-21 15:47:50.911] [INFO] info - undefined
[2017-07-21 15:47:50.912] [INFO] info - REQUEST=======> 2017-7-21 15:47:50 [GET] /system/menu/use/all，耗时:1ms
[2017-07-21 15:47:50.973] [INFO] info - /manage/sign/currentUser
[2017-07-21 15:47:50.974] [INFO] info - undefined
[2017-07-21 15:47:50.974] [INFO] info - REQUEST=======> 2017-7-21 15:47:50 [GET] /manage/sign/currentUser，耗时:1ms
[2017-07-21 15:47:58.779] [INFO] info - /system/menu/use/all
[2017-07-21 15:47:58.779] [INFO] info - undefined
[2017-07-21 15:47:58.780] [INFO] info - REQUEST=======> 2017-7-21 15:47:58 [GET] /system/menu/use/all，耗时:1ms
[2017-07-21 15:47:58.831] [INFO] info - /manage/sign/currentUser
[2017-07-21 15:47:58.831] [INFO] info - undefined
[2017-07-21 15:47:58.832] [INFO] info - REQUEST=======> 2017-7-21 15:47:58 [GET] /manage/sign/currentUser，耗时:1ms
[2017-07-21 15:49:15.252] [INFO] info - /system/menu/use/all
[2017-07-21 15:49:15.253] [INFO] info - undefined
[2017-07-21 15:49:15.254] [INFO] info - REQUEST=======> 2017-7-21 15:49:15 [GET] /system/menu/use/all，耗时:2ms
[2017-07-21 15:49:15.308] [INFO] info - /manage/sign/currentUser
[2017-07-21 15:49:15.308] [INFO] info - undefined
[2017-07-21 15:49:15.309] [INFO] info - REQUEST=======> 2017-7-21 15:49:15 [GET] /manage/sign/currentUser，耗时:1ms
[2017-07-21 15:50:13.438] [INFO] info - /system/menu/use/all
[2017-07-21 15:50:13.438] [INFO] info - undefined
[2017-07-21 15:50:13.439] [INFO] info - REQUEST=======> 2017-7-21 15:50:13 [GET] /system/menu/use/all，耗时:1ms
[2017-07-21 15:50:13.542] [INFO] info - /manage/sign/currentUser
[2017-07-21 15:50:13.542] [INFO] info - undefined
[2017-07-21 15:50:13.543] [INFO] info - REQUEST=======> 2017-7-21 15:50:13 [GET] /manage/sign/currentUser，耗时:1ms
[2017-07-21 15:51:17.042] [INFO] info - /system/menu/use/all
[2017-07-21 15:51:17.042] [INFO] info - undefined
[2017-07-21 15:51:17.043] [INFO] info - REQUEST=======> 2017-7-21 15:51:17 [GET] /system/menu/use/all，耗时:1ms
[2017-07-21 15:51:17.089] [INFO] info - /manage/sign/currentUser
[2017-07-21 15:51:17.089] [INFO] info - undefined
[2017-07-21 15:51:17.090] [INFO] info - REQUEST=======> 2017-7-21 15:51:17 [GET] /manage/sign/currentUser，耗时:1ms
[2017-07-21 16:04:52.932] [INFO] info - /system/menu/use/all
[2017-07-21 16:04:52.932] [INFO] info - undefined
[2017-07-21 16:04:52.933] [INFO] info - REQUEST=======> 2017-7-21 16:04:52 [GET] /system/menu/use/all，耗时:1ms
[2017-07-21 16:04:52.974] [INFO] info - /manage/sign/currentUser
[2017-07-21 16:04:52.974] [INFO] info - undefined
[2017-07-21 16:04:52.974] [INFO] info - REQUEST=======> 2017-7-21 16:04:52 [GET] /manage/sign/currentUser，耗时:0ms
[2017-07-21 16:08:00.449] [INFO] info - /system/menu/use/all
[2017-07-21 16:08:00.449] [INFO] info - undefined
[2017-07-21 16:08:00.450] [INFO] info - REQUEST=======> 2017-7-21 16:08:00 [GET] /system/menu/use/all，耗时:1ms
[2017-07-21 16:08:00.505] [INFO] info - /manage/sign/currentUser
[2017-07-21 16:08:00.505] [INFO] info - undefined
[2017-07-21 16:08:00.506] [INFO] info - REQUEST=======> 2017-7-21 16:08:00 [GET] /manage/sign/currentUser，耗时:1ms
[2017-07-21 16:08:01.140] [INFO] info - /system/menu/use/all
[2017-07-21 16:08:01.140] [INFO] info - undefined
[2017-07-21 16:08:01.141] [INFO] info - REQUEST=======> 2017-7-21 16:08:01 [GET] /system/menu/use/all，耗时:1ms
[2017-07-21 16:08:01.225] [INFO] info - /manage/sign/currentUser
[2017-07-21 16:08:01.225] [INFO] info - undefined
[2017-07-21 16:08:01.226] [INFO] info - REQUEST=======> 2017-7-21 16:08:01 [GET] /manage/sign/currentUser，耗时:1ms
[2017-07-21 16:08:30.726] [INFO] info - /system/menu/use/all
[2017-07-21 16:08:30.726] [INFO] info - undefined
[2017-07-21 16:08:30.727] [INFO] info - REQUEST=======> 2017-7-21 16:08:30 [GET] /system/menu/use/all，耗时:1ms
[2017-07-21 16:08:30.731] [INFO] info - /system/menu/use/all
[2017-07-21 16:08:30.732] [INFO] info - undefined
[2017-07-21 16:08:30.733] [INFO] info - REQUEST=======> 2017-7-21 16:08:30 [GET] /system/menu/use/all，耗时:2ms
[2017-07-21 16:08:30.796] [INFO] info - /manage/sign/currentUser
[2017-07-21 16:08:30.796] [INFO] info - undefined
[2017-07-21 16:08:30.797] [INFO] info - REQUEST=======> 2017-7-21 16:08:30 [GET] /manage/sign/currentUser，耗时:1ms
[2017-07-21 16:08:30.797] [INFO] info - /manage/sign/currentUser
[2017-07-21 16:08:30.797] [INFO] info - undefined
[2017-07-21 16:08:30.799] [INFO] info - REQUEST=======> 2017-7-21 16:08:30 [GET] /manage/sign/currentUser，耗时:2ms
[2017-07-21 16:09:17.713] [INFO] info - /system/menu/use/all
[2017-07-21 16:09:17.713] [INFO] info - undefined
[2017-07-21 16:09:17.715] [INFO] info - REQUEST=======> 2017-7-21 16:09:17 [GET] /system/menu/use/all，耗时:2ms
[2017-07-21 16:09:17.760] [INFO] info - /manage/sign/currentUser
[2017-07-21 16:09:17.761] [INFO] info - undefined
[2017-07-21 16:09:17.761] [INFO] info - REQUEST=======> 2017-7-21 16:09:17 [GET] /manage/sign/currentUser，耗时:1ms
[2017-07-21 16:09:26.074] [INFO] info - /system/menu/use/all
[2017-07-21 16:09:26.074] [INFO] info - undefined
[2017-07-21 16:09:26.075] [INFO] info - REQUEST=======> 2017-7-21 16:09:26 [GET] /system/menu/use/all，耗时:1ms
[2017-07-21 16:09:26.129] [INFO] info - /manage/sign/currentUser
[2017-07-21 16:09:26.129] [INFO] info - undefined
[2017-07-21 16:09:26.130] [INFO] info - REQUEST=======> 2017-7-21 16:09:26 [GET] /manage/sign/currentUser，耗时:1ms
[2017-07-21 16:09:40.133] [INFO] info - /system/menu/use/all
[2017-07-21 16:09:40.133] [INFO] info - undefined
[2017-07-21 16:09:40.134] [INFO] info - REQUEST=======> 2017-7-21 16:09:40 [GET] /system/menu/use/all，耗时:1ms
[2017-07-21 16:09:40.178] [INFO] info - /manage/sign/currentUser
[2017-07-21 16:09:40.178] [INFO] info - undefined
[2017-07-21 16:09:40.181] [INFO] info - REQUEST=======> 2017-7-21 16:09:40 [GET] /manage/sign/currentUser，耗时:3ms
[2017-07-21 16:10:36.537] [INFO] info - /system/menu/use/all
[2017-07-21 16:10:36.538] [INFO] info - undefined
[2017-07-21 16:10:36.539] [INFO] info - REQUEST=======> 2017-7-21 16:10:36 [GET] /system/menu/use/all，耗时:2ms
[2017-07-21 16:10:36.587] [INFO] info - /manage/sign/currentUser
[2017-07-21 16:10:36.587] [INFO] info - undefined
[2017-07-21 16:10:36.588] [INFO] info - REQUEST=======> 2017-7-21 16:10:36 [GET] /manage/sign/currentUser，耗时:1ms
[2017-07-21 16:15:52.140] [INFO] info - /system/menu/use/all
[2017-07-21 16:15:52.140] [INFO] info - undefined
[2017-07-21 16:15:52.142] [INFO] info - REQUEST=======> 2017-7-21 16:15:52 [GET] /system/menu/use/all，耗时:2ms
[2017-07-21 16:15:52.186] [INFO] info - /manage/sign/currentUser
[2017-07-21 16:15:52.186] [INFO] info - undefined
[2017-07-21 16:15:52.187] [INFO] info - REQUEST=======> 2017-7-21 16:15:52 [GET] /manage/sign/currentUser，耗时:1ms
[2017-07-21 16:15:53.445] [INFO] info - /system/menu/use/all
[2017-07-21 16:15:53.445] [INFO] info - undefined
[2017-07-21 16:15:53.446] [INFO] info - REQUEST=======> 2017-7-21 16:15:53 [GET] /system/menu/use/all，耗时:1ms
[2017-07-21 16:15:55.273] [INFO] info - /system/menu/use/all
[2017-07-21 16:15:55.273] [INFO] info - undefined
[2017-07-21 16:15:55.275] [INFO] info - REQUEST=======> 2017-7-21 16:15:55 [GET] /system/menu/use/all，耗时:2ms
[2017-07-21 16:15:55.324] [INFO] info - /manage/sign/currentUser
[2017-07-21 16:15:55.324] [INFO] info - undefined
[2017-07-21 16:15:55.326] [INFO] info - REQUEST=======> 2017-7-21 16:15:55 [GET] /manage/sign/currentUser，耗时:2ms
[2017-07-21 16:15:56.350] [INFO] info - /manage/sign/currentUser
[2017-07-21 16:15:56.350] [INFO] info - undefined
[2017-07-21 16:15:56.351] [INFO] info - REQUEST=======> 2017-7-21 16:15:56 [GET] /manage/sign/currentUser，耗时:1ms
[2017-07-21 16:16:14.993] [INFO] info - /system/menu/use/all
[2017-07-21 16:16:14.993] [INFO] info - undefined
[2017-07-21 16:16:14.994] [INFO] info - REQUEST=======> 2017-7-21 16:16:14 [GET] /system/menu/use/all，耗时:1ms
[2017-07-21 16:16:15.210] [INFO] info - /manage/sign/currentUser
[2017-07-21 16:16:15.210] [INFO] info - undefined
[2017-07-21 16:16:15.211] [INFO] info - REQUEST=======> 2017-7-21 16:16:15 [GET] /manage/sign/currentUser，耗时:1ms
[2017-07-21 16:16:37.571] [INFO] info - /system/menu/use/all
[2017-07-21 16:16:37.572] [INFO] info - undefined
[2017-07-21 16:16:37.573] [INFO] info - REQUEST=======> 2017-7-21 16:16:37 [GET] /system/menu/use/all，耗时:2ms
[2017-07-21 16:16:37.768] [INFO] info - /manage/sign/currentUser
[2017-07-21 16:16:37.768] [INFO] info - undefined
[2017-07-21 16:16:37.769] [INFO] info - REQUEST=======> 2017-7-21 16:16:37 [GET] /manage/sign/currentUser，耗时:1ms
[2017-07-21 16:16:43.356] [INFO] info - /system/menu/use/all
[2017-07-21 16:16:43.356] [INFO] info - undefined
[2017-07-21 16:16:43.358] [INFO] info - REQUEST=======> 2017-7-21 16:16:43 [GET] /system/menu/use/all，耗时:2ms
[2017-07-21 16:16:43.546] [INFO] info - /manage/sign/currentUser
[2017-07-21 16:16:43.547] [INFO] info - undefined
[2017-07-21 16:16:43.547] [INFO] info - REQUEST=======> 2017-7-21 16:16:43 [GET] /manage/sign/currentUser，耗时:1ms
[2017-07-21 16:17:17.561] [INFO] info - /system/menu/use/all
[2017-07-21 16:17:17.561] [INFO] info - undefined
[2017-07-21 16:17:17.562] [INFO] info - REQUEST=======> 2017-7-21 16:17:17 [GET] /system/menu/use/all，耗时:1ms
[2017-07-21 16:17:17.604] [INFO] info - /manage/sign/currentUser
[2017-07-21 16:17:17.604] [INFO] info - undefined
[2017-07-21 16:17:17.605] [INFO] info - REQUEST=======> 2017-7-21 16:17:17 [GET] /manage/sign/currentUser，耗时:1ms
[2017-07-21 16:17:45.399] [INFO] info - /system/menu/use/all
[2017-07-21 16:17:45.399] [INFO] info - undefined
[2017-07-21 16:17:45.400] [INFO] info - REQUEST=======> 2017-7-21 16:17:45 [GET] /system/menu/use/all，耗时:1ms
[2017-07-21 16:17:45.440] [INFO] info - /manage/sign/currentUser
[2017-07-21 16:17:45.440] [INFO] info - undefined
[2017-07-21 16:17:45.441] [INFO] info - REQUEST=======> 2017-7-21 16:17:45 [GET] /manage/sign/currentUser，耗时:1ms
[2017-07-21 16:18:45.592] [INFO] info - /system/menu/use/all
[2017-07-21 16:18:45.592] [INFO] info - undefined
[2017-07-21 16:18:45.593] [INFO] info - REQUEST=======> 2017-7-21 16:18:45 [GET] /system/menu/use/all，耗时:1ms
[2017-07-21 16:18:45.706] [INFO] info - /manage/sign/currentUser
[2017-07-21 16:18:45.706] [INFO] info - undefined
[2017-07-21 16:18:45.707] [INFO] info - REQUEST=======> 2017-7-21 16:18:45 [GET] /manage/sign/currentUser，耗时:1ms
[2017-07-21 16:19:00.903] [INFO] info - /system/menu/use/all
[2017-07-21 16:19:00.903] [INFO] info - undefined
[2017-07-21 16:19:00.904] [INFO] info - REQUEST=======> 2017-7-21 16:19:00 [GET] /system/menu/use/all，耗时:1ms
[2017-07-21 16:19:00.957] [INFO] info - /manage/sign/currentUser
[2017-07-21 16:19:00.957] [INFO] info - undefined
[2017-07-21 16:19:00.958] [INFO] info - REQUEST=======> 2017-7-21 16:19:00 [GET] /manage/sign/currentUser，耗时:1ms
[2017-07-21 16:19:39.521] [INFO] info - /system/menu/use/all
[2017-07-21 16:19:39.521] [INFO] info - undefined
[2017-07-21 16:19:39.522] [INFO] info - REQUEST=======> 2017-7-21 16:19:39 [GET] /system/menu/use/all，耗时:1ms
[2017-07-21 16:19:39.564] [INFO] info - /manage/sign/currentUser
[2017-07-21 16:19:39.564] [INFO] info - undefined
[2017-07-21 16:19:39.565] [INFO] info - REQUEST=======> 2017-7-21 16:19:39 [GET] /manage/sign/currentUser，耗时:1ms
[2017-07-21 16:26:16.223] [INFO] info - /system/menu/use/all
[2017-07-21 16:26:16.223] [INFO] info - undefined
[2017-07-21 16:26:16.224] [INFO] info - REQUEST=======> 2017-7-21 16:26:16 [GET] /system/menu/use/all，耗时:1ms
[2017-07-21 16:26:16.270] [INFO] info - /manage/sign/currentUser
[2017-07-21 16:26:16.270] [INFO] info - undefined
[2017-07-21 16:26:16.270] [INFO] info - REQUEST=======> 2017-7-21 16:26:16 [GET] /manage/sign/currentUser，耗时:0ms
[2017-07-21 16:27:30.705] [INFO] info - /system/menu/use/all
[2017-07-21 16:27:30.705] [INFO] info - undefined
[2017-07-21 16:27:30.707] [INFO] info - REQUEST=======> 2017-7-21 16:27:30 [GET] /system/menu/use/all，耗时:2ms
[2017-07-21 16:27:33.402] [INFO] info - /system/menu/use/all
[2017-07-21 16:27:33.402] [INFO] info - undefined
[2017-07-21 16:27:33.403] [INFO] info - REQUEST=======> 2017-7-21 16:27:33 [GET] /system/menu/use/all，耗时:1ms
[2017-07-21 16:27:33.599] [INFO] info - /manage/sign/currentUser
[2017-07-21 16:27:33.600] [INFO] info - undefined
[2017-07-21 16:27:33.600] [INFO] info - REQUEST=======> 2017-7-21 16:27:33 [GET] /manage/sign/currentUser，耗时:1ms
[2017-07-21 16:29:21.059] [INFO] info - /system/menu/use/all
[2017-07-21 16:29:21.059] [INFO] info - undefined
[2017-07-21 16:29:21.061] [INFO] info - REQUEST=======> 2017-7-21 16:29:21 [GET] /system/menu/use/all，耗时:2ms
[2017-07-21 16:29:21.108] [INFO] info - /manage/sign/currentUser
[2017-07-21 16:29:21.108] [INFO] info - undefined
[2017-07-21 16:29:21.109] [INFO] info - REQUEST=======> 2017-7-21 16:29:21 [GET] /manage/sign/currentUser，耗时:1ms
[2017-07-21 16:29:48.567] [INFO] info - /system/menu/use/all
[2017-07-21 16:29:48.567] [INFO] info - undefined
[2017-07-21 16:29:48.568] [INFO] info - REQUEST=======> 2017-7-21 16:29:48 [GET] /system/menu/use/all，耗时:1ms
[2017-07-21 16:29:48.616] [INFO] info - /manage/sign/currentUser
[2017-07-21 16:29:48.616] [INFO] info - undefined
[2017-07-21 16:29:48.617] [INFO] info - REQUEST=======> 2017-7-21 16:29:48 [GET] /manage/sign/currentUser，耗时:1ms
[2017-07-21 16:35:01.654] [INFO] info - /system/menu/use/all
[2017-07-21 16:35:01.654] [INFO] info - undefined
[2017-07-21 16:35:01.655] [INFO] info - REQUEST=======> 2017-7-21 16:35:01 [GET] /system/menu/use/all，耗时:1ms
[2017-07-21 16:35:01.717] [INFO] info - /manage/sign/currentUser
[2017-07-21 16:35:01.717] [INFO] info - undefined
[2017-07-21 16:35:01.718] [INFO] info - REQUEST=======> 2017-7-21 16:35:01 [GET] /manage/sign/currentUser，耗时:1ms
[2017-07-21 16:36:29.140] [INFO] info - /system/menu/use/all
[2017-07-21 16:36:29.140] [INFO] info - undefined
[2017-07-21 16:36:29.141] [INFO] info - REQUEST=======> 2017-7-21 16:36:29 [GET] /system/menu/use/all，耗时:1ms
[2017-07-21 16:36:29.196] [INFO] info - /manage/sign/currentUser
[2017-07-21 16:36:29.196] [INFO] info - undefined
[2017-07-21 16:36:29.197] [INFO] info - REQUEST=======> 2017-7-21 16:36:29 [GET] /manage/sign/currentUser，耗时:1ms
[2017-07-21 16:37:02.395] [INFO] info - /system/menu/use/all
[2017-07-21 16:37:02.396] [INFO] info - undefined
[2017-07-21 16:37:02.398] [INFO] info - REQUEST=======> 2017-7-21 16:37:02 [GET] /system/menu/use/all，耗时:3ms
[2017-07-21 16:37:02.444] [INFO] info - /manage/sign/currentUser
[2017-07-21 16:37:02.444] [INFO] info - undefined
[2017-07-21 16:37:02.446] [INFO] info - REQUEST=======> 2017-7-21 16:37:02 [GET] /manage/sign/currentUser，耗时:2ms
[2017-07-21 16:37:23.827] [INFO] info - /system/menu/use/all
[2017-07-21 16:37:23.827] [INFO] info - undefined
[2017-07-21 16:37:23.828] [INFO] info - REQUEST=======> 2017-7-21 16:37:23 [GET] /system/menu/use/all，耗时:1ms
[2017-07-21 16:37:23.870] [INFO] info - /manage/sign/currentUser
[2017-07-21 16:37:23.870] [INFO] info - undefined
[2017-07-21 16:37:23.871] [INFO] info - REQUEST=======> 2017-7-21 16:37:23 [GET] /manage/sign/currentUser，耗时:1ms
[2017-07-21 16:43:42.450] [INFO] info - /system/menu/use/all
[2017-07-21 16:43:42.450] [INFO] info - undefined
[2017-07-21 16:43:42.465] [INFO] info - REQUEST=======> 2017-7-21 16:43:42 [GET] /system/menu/use/all，耗时:15ms
[2017-07-21 16:43:42.528] [INFO] info - /manage/sign/currentUser
[2017-07-21 16:43:42.528] [INFO] info - undefined
[2017-07-21 16:43:42.528] [INFO] info - REQUEST=======> 2017-7-21 16:43:42 [GET] /manage/sign/currentUser，耗时:0ms
[2017-07-21 16:45:53.905] [INFO] info - /system/menu/use/all
[2017-07-21 16:45:53.905] [INFO] info - undefined
[2017-07-21 16:45:53.908] [INFO] info - REQUEST=======> 2017-7-21 16:45:53 [GET] /system/menu/use/all，耗时:3ms
[2017-07-21 16:45:53.956] [INFO] info - /manage/sign/currentUser
[2017-07-21 16:45:53.956] [INFO] info - undefined
[2017-07-21 16:45:53.957] [INFO] info - REQUEST=======> 2017-7-21 16:45:53 [GET] /manage/sign/currentUser，耗时:1ms
[2017-07-21 16:47:46.259] [INFO] info - /system/menu/use/all
[2017-07-21 16:47:46.259] [INFO] info - undefined
[2017-07-21 16:47:46.259] [INFO] info - REQUEST=======> 2017-7-21 16:47:46 [GET] /system/menu/use/all，耗时:0ms
[2017-07-21 16:47:46.321] [INFO] info - /manage/sign/currentUser
[2017-07-21 16:47:46.321] [INFO] info - undefined
[2017-07-21 16:47:46.321] [INFO] info - REQUEST=======> 2017-7-21 16:47:46 [GET] /manage/sign/currentUser，耗时:0ms
[2017-07-21 17:05:12.630] [INFO] info - /system/menu/use/all
[2017-07-21 17:05:12.630] [INFO] info - undefined
[2017-07-21 17:05:12.631] [INFO] info - REQUEST=======> 2017-7-21 17:05:12 [GET] /system/menu/use/all，耗时:1ms
[2017-07-21 17:05:12.677] [INFO] info - /manage/sign/currentUser
[2017-07-21 17:05:12.677] [INFO] info - undefined
[2017-07-21 17:05:12.678] [INFO] info - REQUEST=======> 2017-7-21 17:05:12 [GET] /manage/sign/currentUser，耗时:1ms
[2017-07-21 17:48:52.161] [INFO] info - /resource/plugin/ueditor
[2017-07-21 17:48:52.161] [INFO] info - undefined
[2017-07-21 17:48:52.165] [INFO] info - REQUEST=======> 2017-7-21 17:48:52 [GET] /resource/plugin/ueditor?action=config&&noCache=1500630532149，耗时:4ms
[2017-07-21 17:49:17.440] [INFO] info - /resource/plugin/ueditor
[2017-07-21 17:49:17.440] [INFO] info - undefined
[2017-07-21 17:49:17.442] [INFO] info - REQUEST=======> 2017-7-21 17:49:17 [GET] /resource/plugin/ueditor?action=config&&noCache=1500630557434，耗时:2ms
[2017-07-21 17:52:59.572] [INFO] info - /system/menu/use/all
[2017-07-21 17:52:59.572] [INFO] info - undefined
[2017-07-21 17:52:59.573] [INFO] info - REQUEST=======> 2017-7-21 17:52:59 [GET] /system/menu/use/all，耗时:1ms
[2017-07-21 17:52:59.815] [INFO] info - /system/menu/use/all
[2017-07-21 17:52:59.815] [INFO] info - undefined
[2017-07-21 17:52:59.815] [INFO] info - REQUEST=======> 2017-7-21 17:52:59 [GET] /system/menu/use/all，耗时:0ms
[2017-07-21 17:53:02.042] [INFO] info - /manage/sign/currentUser
[2017-07-21 17:53:02.042] [INFO] info - undefined
[2017-07-21 17:53:02.044] [INFO] info - REQUEST=======> 2017-7-21 17:53:02 [GET] /manage/sign/currentUser，耗时:2ms
[2017-07-21 17:53:02.760] [INFO] info - /manage/sign/currentUser
[2017-07-21 17:53:02.760] [INFO] info - undefined
[2017-07-21 17:53:02.768] [INFO] info - REQUEST=======> 2017-7-21 17:53:02 [GET] /manage/sign/currentUser，耗时:8ms
[2017-07-21 17:53:19.006] [INFO] info - /system/menu/use/all
[2017-07-21 17:53:19.007] [INFO] info - undefined
[2017-07-21 17:53:19.008] [INFO] info - REQUEST=======> 2017-7-21 17:53:19 [GET] /system/menu/use/all，耗时:2ms
[2017-07-21 17:53:19.055] [INFO] info - /manage/sign/currentUser
[2017-07-21 17:53:19.056] [INFO] info - undefined
[2017-07-21 17:53:19.056] [INFO] info - REQUEST=======> 2017-7-21 17:53:19 [GET] /manage/sign/currentUser，耗时:1ms
[2017-07-21 18:07:46.340] [INFO] info - /system/menu/use/all
[2017-07-21 18:07:46.340] [INFO] info - undefined
[2017-07-21 18:07:46.342] [INFO] info - REQUEST=======> 2017-7-21 18:07:46 [GET] /system/menu/use/all，耗时:2ms
[2017-07-21 18:07:46.387] [INFO] info - /manage/sign/currentUser
[2017-07-21 18:07:46.388] [INFO] info - undefined
[2017-07-21 18:07:46.389] [INFO] info - REQUEST=======> 2017-7-21 18:07:46 [GET] /manage/sign/currentUser，耗时:2ms
